\BOOKMARK [-1][-]{part.1}{I Tools}{}% 1
\BOOKMARK [0][-]{chapter.1}{Tools}{part.1}% 2
\BOOKMARK [1][-]{section.1.1}{The game}{chapter.1}% 3
\BOOKMARK [2][-]{subsection.1.1.1}{Averaging over many trials}{section.1.1}% 4
\BOOKMARK [2][-]{subsection.1.1.2}{Averaging over time}{section.1.1}% 5
\BOOKMARK [2][-]{subsection.1.1.3}{Expectation value}{section.1.1}% 6
\BOOKMARK [2][-]{subsection.1.1.4}{Time average}{section.1.1}% 7
\BOOKMARK [2][-]{subsection.1.1.5}{Ergodic observables}{section.1.1}% 8
\BOOKMARK [1][-]{section.1.2}{Changes and stability}{chapter.1}% 9
\BOOKMARK [1][-]{section.1.3}{Brownian motion}{chapter.1}% 10
\BOOKMARK [1][-]{section.1.4}{Geometric Brownian motion}{chapter.1}% 11
\BOOKMARK [2][-]{subsection.1.4.1}{It\364 calculus}{section.1.4}% 12
\BOOKMARK [-1][-]{part.2}{II Microeconomics}{}% 13
\BOOKMARK [0][-]{chapter.2}{Decisions in a riskless world}{part.2}% 14
\BOOKMARK [1][-]{section.2.1}{Models and science fiction}{chapter.2}% 15
\BOOKMARK [1][-]{section.2.2}{The decision axiom}{chapter.2}% 16
\BOOKMARK [1][-]{section.2.3}{Growth rates}{chapter.2}% 17
\BOOKMARK [2][-]{subsection.2.3.1}{Additive growth rate}{section.2.3}% 18
\BOOKMARK [2][-]{subsection.2.3.2}{Exponential growth rate}{section.2.3}% 19
\BOOKMARK [2][-]{subsection.2.3.3}{General growth rate}{section.2.3}% 20
\BOOKMARK [1][-]{section.2.4}{Decisions in a deterministic world}{chapter.2}% 21
\BOOKMARK [2][-]{subsection.2.4.1}{Different magnitudes}{section.2.4}% 22
\BOOKMARK [2][-]{subsection.2.4.2}{Different magnitudes and times: discounting}{section.2.4}% 23
\BOOKMARK [0][-]{chapter.3}{Decisions in a risky world}{part.2}% 24
\BOOKMARK [1][-]{section.3.1}{Gamble: random number and duration}{chapter.3}% 25
\BOOKMARK [1][-]{section.3.2}{Repeated gamble: from random number to stochastic process}{chapter.3}% 26
\BOOKMARK [1][-]{section.3.3}{The expected-wealth and expected-utility paradigms}{chapter.3}% 27
\BOOKMARK [1][-]{section.3.4}{General dynamics}{chapter.3}% 28
\BOOKMARK [2][-]{subsection.3.4.1}{Why discuss general dynamics?}{section.3.4}% 29
\BOOKMARK [2][-]{subsection.3.4.2}{Technical setup}{section.3.4}% 30
\BOOKMARK [2][-]{subsection.3.4.3}{Dynamic from a utility function}{section.3.4}% 31
\BOOKMARK [2][-]{subsection.3.4.4}{Utility function from a dynamic}{section.3.4}% 32
\BOOKMARK [1][-]{section.3.5}{The St Petersburg paradox}{chapter.3}% 33
\BOOKMARK [1][-]{section*.7}{Acronyms}{chapter.3}% 34
\BOOKMARK [1][-]{section*.9}{List of Symbols}{chapter.3}% 35
\BOOKMARK [1][-]{section*.10}{References}{chapter.3}% 36
