This is pdfTeX, Version 3.14159265-2.6-1.40.15 (TeX Live 2014) (preloaded format=pdflatex 2015.1.23)  17 DEC 2015 11:32
entering extended mode
 \write18 enabled.
 %&-line parsing enabled.
**"slides_2 copy.tex"
(./slides_2 copy.tex
LaTeX2e <2014/05/01>
Babel <3.9k> and hyphenation patterns for 78 languages loaded.
(/usr/local/texlive/2014/texmf-dist/tex/latex/beamer/beamer.cls
(/usr/local/texlive/2014/texmf-dist/tex/latex/beamer/beamerbasercs.sty
Package: beamerbasercs 2013/12/25 (rcs-revision 31cc758a62ae)
)
Document Class: beamer 2013/12/02 3.33 A class for typesetting presentations (r
cs-revision 332bfd3ce558)
(/usr/local/texlive/2014/texmf-dist/tex/latex/beamer/beamerbasemodes.sty
Package: beamerbasemodes 2013/09/03 (rcs-revision 768f2d98ca64)
\beamer@tempbox=\box26
\beamer@tempcount=\count79
\c@beamerpauses=\count80

(/usr/local/texlive/2014/texmf-dist/tex/latex/beamer/beamerbasedecode.sty
Package: beamerbasedecode 2010/05/01 (rcs-revision efa082c6111d)
\beamer@slideinframe=\count81
\beamer@minimum=\count82
)
\beamer@commentbox=\box27
\beamer@modecount=\count83
)
(/usr/local/texlive/2014/texmf-dist/tex/generic/oberdiek/ifpdf.sty
Package: ifpdf 2011/01/30 v2.3 Provides the ifpdf switch (HO)
Package ifpdf Info: pdfTeX in PDF mode is detected.
)
\headheight=\dimen102
\headdp=\dimen103
\footheight=\dimen104
\sidebarheight=\dimen105
\beamer@tempdim=\dimen106
\beamer@finalheight=\dimen107
\beamer@animht=\dimen108
\beamer@animdp=\dimen109
\beamer@animwd=\dimen110
\beamer@leftmargin=\dimen111
\beamer@rightmargin=\dimen112
\beamer@leftsidebar=\dimen113
\beamer@rightsidebar=\dimen114
\beamer@boxsize=\dimen115
\beamer@vboxoffset=\dimen116
\beamer@descdefault=\dimen117
\beamer@descriptionwidth=\dimen118
\beamer@lastskip=\skip41
\beamer@areabox=\box28
\beamer@animcurrent=\box29
\beamer@animshowbox=\box30
\beamer@sectionbox=\box31
\beamer@logobox=\box32
\beamer@linebox=\box33
\beamer@sectioncount=\count84
\beamer@subsubsectionmax=\count85
\beamer@subsectionmax=\count86
\beamer@sectionmax=\count87
\beamer@totalheads=\count88
\beamer@headcounter=\count89
\beamer@partstartpage=\count90
\beamer@sectionstartpage=\count91
\beamer@subsectionstartpage=\count92
\beamer@animationtempa=\count93
\beamer@animationtempb=\count94
\beamer@xpos=\count95
\beamer@ypos=\count96
\beamer@showpartnumber=\count97
\beamer@currentsubsection=\count98
\beamer@coveringdepth=\count99
\beamer@sectionadjust=\count100
\beamer@tocsectionnumber=\count101

(/usr/local/texlive/2014/texmf-dist/tex/latex/beamer/beamerbaseoptions.sty
Package: beamerbaseoptions 2013/03/10 (rcs-revision 47431932db0d)

(/usr/local/texlive/2014/texmf-dist/tex/latex/graphics/keyval.sty
Package: keyval 2014/05/08 v1.15 key=value parser (DPC)
\KV@toks@=\toks14
))
\beamer@paperwidth=\skip42
\beamer@paperheight=\skip43

(/usr/local/texlive/2014/texmf-dist/tex/latex/geometry/geometry.sty
Package: geometry 2010/09/12 v5.6 Page Geometry

(/usr/local/texlive/2014/texmf-dist/tex/generic/oberdiek/ifvtex.sty
Package: ifvtex 2010/03/01 v1.5 Detect VTeX and its facilities (HO)
Package ifvtex Info: VTeX not detected.
)
(/usr/local/texlive/2014/texmf-dist/tex/generic/ifxetex/ifxetex.sty
Package: ifxetex 2010/09/12 v0.6 Provides ifxetex conditional
)
\Gm@cnth=\count102
\Gm@cntv=\count103
\c@Gm@tempcnt=\count104
\Gm@bindingoffset=\dimen119
\Gm@wd@mp=\dimen120
\Gm@odd@mp=\dimen121
\Gm@even@mp=\dimen122
\Gm@layoutwidth=\dimen123
\Gm@layoutheight=\dimen124
\Gm@layouthoffset=\dimen125
\Gm@layoutvoffset=\dimen126
\Gm@dimlist=\toks15
)
(/usr/local/texlive/2014/texmf-dist/tex/latex/base/size11.clo
File: size11.clo 2007/10/19 v1.4h Standard LaTeX file (size option)
)
(/usr/local/texlive/2014/texmf-dist/tex/latex/pgf/basiclayer/pgfcore.sty
(/usr/local/texlive/2014/texmf-dist/tex/latex/graphics/graphicx.sty
Package: graphicx 2014/04/25 v1.0g Enhanced LaTeX Graphics (DPC,SPQR)

(/usr/local/texlive/2014/texmf-dist/tex/latex/graphics/graphics.sty
Package: graphics 2009/02/05 v1.0o Standard LaTeX Graphics (DPC,SPQR)

(/usr/local/texlive/2014/texmf-dist/tex/latex/graphics/trig.sty
Package: trig 1999/03/16 v1.09 sin cos tan (DPC)
)
(/usr/local/texlive/2014/texmf-dist/tex/latex/latexconfig/graphics.cfg
File: graphics.cfg 2010/04/23 v1.9 graphics configuration of TeX Live
)
Package graphics Info: Driver file: pdftex.def on input line 91.

(/usr/local/texlive/2014/texmf-dist/tex/latex/pdftex-def/pdftex.def
File: pdftex.def 2011/05/27 v0.06d Graphics/color for pdfTeX

(/usr/local/texlive/2014/texmf-dist/tex/generic/oberdiek/infwarerr.sty
Package: infwarerr 2010/04/08 v1.3 Providing info/warning/error messages (HO)
)
(/usr/local/texlive/2014/texmf-dist/tex/generic/oberdiek/ltxcmds.sty
Package: ltxcmds 2011/11/09 v1.22 LaTeX kernel commands for general use (HO)
)
\Gread@gobject=\count105
))
\Gin@req@height=\dimen127
\Gin@req@width=\dimen128
)
(/usr/local/texlive/2014/texmf-dist/tex/latex/pgf/systemlayer/pgfsys.sty
(/usr/local/texlive/2014/texmf-dist/tex/latex/pgf/utilities/pgfrcs.sty
(/usr/local/texlive/2014/texmf-dist/tex/generic/pgf/utilities/pgfutil-common.te
x
\pgfutil@everybye=\toks16
\pgfutil@tempdima=\dimen129
\pgfutil@tempdimb=\dimen130

(/usr/local/texlive/2014/texmf-dist/tex/generic/pgf/utilities/pgfutil-common-li
sts.tex))
(/usr/local/texlive/2014/texmf-dist/tex/generic/pgf/utilities/pgfutil-latex.def
\pgfutil@abb=\box34
(/usr/local/texlive/2014/texmf-dist/tex/latex/ms/everyshi.sty
Package: everyshi 2001/05/15 v3.00 EveryShipout Package (MS)
))
(/usr/local/texlive/2014/texmf-dist/tex/generic/pgf/utilities/pgfrcs.code.tex
Package: pgfrcs 2013/12/20 v3.0.0 (rcs-revision 1.28)
))
(/usr/local/texlive/2014/texmf-dist/tex/generic/pgf/systemlayer/pgfsys.code.tex
Package: pgfsys 2013/11/30 v3.0.0 (rcs-revision 1.47)
(/usr/local/texlive/2014/texmf-dist/tex/generic/pgf/utilities/pgfkeys.code.tex
\pgfkeys@pathtoks=\toks17
\pgfkeys@temptoks=\toks18

(/usr/local/texlive/2014/texmf-dist/tex/generic/pgf/utilities/pgfkeysfiltered.c
ode.tex
\pgfkeys@tmptoks=\toks19
))
\pgf@x=\dimen131
\pgf@y=\dimen132
\pgf@xa=\dimen133
\pgf@ya=\dimen134
\pgf@xb=\dimen135
\pgf@yb=\dimen136
\pgf@xc=\dimen137
\pgf@yc=\dimen138
\w@pgf@writea=\write3
\r@pgf@reada=\read1
\c@pgf@counta=\count106
\c@pgf@countb=\count107
\c@pgf@countc=\count108
\c@pgf@countd=\count109
\t@pgf@toka=\toks20
\t@pgf@tokb=\toks21
\t@pgf@tokc=\toks22

(/usr/local/texlive/2014/texmf-dist/tex/generic/pgf/systemlayer/pgf.cfg
File: pgf.cfg 2008/05/14  (rcs-revision 1.7)
)
Driver file for pgf: pgfsys-pdftex.def

(/usr/local/texlive/2014/texmf-dist/tex/generic/pgf/systemlayer/pgfsys-pdftex.d
ef
File: pgfsys-pdftex.def 2013/07/18  (rcs-revision 1.33)

(/usr/local/texlive/2014/texmf-dist/tex/generic/pgf/systemlayer/pgfsys-common-p
df.def
File: pgfsys-common-pdf.def 2013/10/10  (rcs-revision 1.13)
)))
(/usr/local/texlive/2014/texmf-dist/tex/generic/pgf/systemlayer/pgfsyssoftpath.
code.tex
File: pgfsyssoftpath.code.tex 2013/09/09  (rcs-revision 1.9)
\pgfsyssoftpath@smallbuffer@items=\count110
\pgfsyssoftpath@bigbuffer@items=\count111
)
(/usr/local/texlive/2014/texmf-dist/tex/generic/pgf/systemlayer/pgfsysprotocol.
code.tex
File: pgfsysprotocol.code.tex 2006/10/16  (rcs-revision 1.4)
)) (/usr/local/texlive/2014/texmf-dist/tex/latex/xcolor/xcolor.sty
Package: xcolor 2007/01/21 v2.11 LaTeX color extensions (UK)

(/usr/local/texlive/2014/texmf-dist/tex/latex/latexconfig/color.cfg
File: color.cfg 2007/01/18 v1.5 color configuration of teTeX/TeXLive
)
Package xcolor Info: Driver file: pdftex.def on input line 225.
Package xcolor Info: Model `cmy' substituted by `cmy0' on input line 1337.
Package xcolor Info: Model `hsb' substituted by `rgb' on input line 1341.
Package xcolor Info: Model `RGB' extended on input line 1353.
Package xcolor Info: Model `HTML' substituted by `rgb' on input line 1355.
Package xcolor Info: Model `Hsb' substituted by `hsb' on input line 1356.
Package xcolor Info: Model `tHsb' substituted by `hsb' on input line 1357.
Package xcolor Info: Model `HSB' substituted by `hsb' on input line 1358.
Package xcolor Info: Model `Gray' substituted by `gray' on input line 1359.
Package xcolor Info: Model `wave' substituted by `hsb' on input line 1360.
)
(/usr/local/texlive/2014/texmf-dist/tex/generic/pgf/basiclayer/pgfcore.code.tex
Package: pgfcore 2010/04/11 v3.0.0 (rcs-revision 1.7)
(/usr/local/texlive/2014/texmf-dist/tex/generic/pgf/math/pgfmath.code.tex
(/usr/local/texlive/2014/texmf-dist/tex/generic/pgf/math/pgfmathcalc.code.tex
(/usr/local/texlive/2014/texmf-dist/tex/generic/pgf/math/pgfmathutil.code.tex)
(/usr/local/texlive/2014/texmf-dist/tex/generic/pgf/math/pgfmathparser.code.tex
\pgfmath@dimen=\dimen139
\pgfmath@count=\count112
\pgfmath@box=\box35
\pgfmath@toks=\toks23
\pgfmath@stack@operand=\toks24
\pgfmath@stack@operation=\toks25
)
(/usr/local/texlive/2014/texmf-dist/tex/generic/pgf/math/pgfmathfunctions.code.
tex
(/usr/local/texlive/2014/texmf-dist/tex/generic/pgf/math/pgfmathfunctions.basic
.code.tex)
(/usr/local/texlive/2014/texmf-dist/tex/generic/pgf/math/pgfmathfunctions.trigo
nometric.code.tex)
(/usr/local/texlive/2014/texmf-dist/tex/generic/pgf/math/pgfmathfunctions.rando
m.code.tex)
(/usr/local/texlive/2014/texmf-dist/tex/generic/pgf/math/pgfmathfunctions.compa
rison.code.tex)
(/usr/local/texlive/2014/texmf-dist/tex/generic/pgf/math/pgfmathfunctions.base.
code.tex)
(/usr/local/texlive/2014/texmf-dist/tex/generic/pgf/math/pgfmathfunctions.round
.code.tex)
(/usr/local/texlive/2014/texmf-dist/tex/generic/pgf/math/pgfmathfunctions.misc.
code.tex)
(/usr/local/texlive/2014/texmf-dist/tex/generic/pgf/math/pgfmathfunctions.integ
erarithmetics.code.tex)))
(/usr/local/texlive/2014/texmf-dist/tex/generic/pgf/math/pgfmathfloat.code.tex
\c@pgfmathroundto@lastzeros=\count113
))
(/usr/local/texlive/2014/texmf-dist/tex/generic/pgf/basiclayer/pgfcorepoints.co
de.tex
File: pgfcorepoints.code.tex 2013/10/07  (rcs-revision 1.27)
\pgf@picminx=\dimen140
\pgf@picmaxx=\dimen141
\pgf@picminy=\dimen142
\pgf@picmaxy=\dimen143
\pgf@pathminx=\dimen144
\pgf@pathmaxx=\dimen145
\pgf@pathminy=\dimen146
\pgf@pathmaxy=\dimen147
\pgf@xx=\dimen148
\pgf@xy=\dimen149
\pgf@yx=\dimen150
\pgf@yy=\dimen151
\pgf@zx=\dimen152
\pgf@zy=\dimen153
)
(/usr/local/texlive/2014/texmf-dist/tex/generic/pgf/basiclayer/pgfcorepathconst
ruct.code.tex
File: pgfcorepathconstruct.code.tex 2013/10/07  (rcs-revision 1.29)
\pgf@path@lastx=\dimen154
\pgf@path@lasty=\dimen155
)
(/usr/local/texlive/2014/texmf-dist/tex/generic/pgf/basiclayer/pgfcorepathusage
.code.tex
File: pgfcorepathusage.code.tex 2013/12/13  (rcs-revision 1.23)
\pgf@shorten@end@additional=\dimen156
\pgf@shorten@start@additional=\dimen157
)
(/usr/local/texlive/2014/texmf-dist/tex/generic/pgf/basiclayer/pgfcorescopes.co
de.tex
File: pgfcorescopes.code.tex 2013/10/09  (rcs-revision 1.44)
\pgfpic=\box36
\pgf@hbox=\box37
\pgf@layerbox@main=\box38
\pgf@picture@serial@count=\count114
)
(/usr/local/texlive/2014/texmf-dist/tex/generic/pgf/basiclayer/pgfcoregraphicst
ate.code.tex
File: pgfcoregraphicstate.code.tex 2013/09/19  (rcs-revision 1.11)
\pgflinewidth=\dimen158
)
(/usr/local/texlive/2014/texmf-dist/tex/generic/pgf/basiclayer/pgfcoretransform
ations.code.tex
File: pgfcoretransformations.code.tex 2013/10/10  (rcs-revision 1.17)
\pgf@pt@x=\dimen159
\pgf@pt@y=\dimen160
\pgf@pt@temp=\dimen161
)
(/usr/local/texlive/2014/texmf-dist/tex/generic/pgf/basiclayer/pgfcorequick.cod
e.tex
File: pgfcorequick.code.tex 2008/10/09  (rcs-revision 1.3)
)
(/usr/local/texlive/2014/texmf-dist/tex/generic/pgf/basiclayer/pgfcoreobjects.c
ode.tex
File: pgfcoreobjects.code.tex 2006/10/11  (rcs-revision 1.2)
)
(/usr/local/texlive/2014/texmf-dist/tex/generic/pgf/basiclayer/pgfcorepathproce
ssing.code.tex
File: pgfcorepathprocessing.code.tex 2013/09/09  (rcs-revision 1.9)
)
(/usr/local/texlive/2014/texmf-dist/tex/generic/pgf/basiclayer/pgfcorearrows.co
de.tex
File: pgfcorearrows.code.tex 2013/11/07  (rcs-revision 1.40)
\pgfarrowsep=\dimen162
)
(/usr/local/texlive/2014/texmf-dist/tex/generic/pgf/basiclayer/pgfcoreshade.cod
e.tex
File: pgfcoreshade.code.tex 2013/07/15  (rcs-revision 1.15)
\pgf@max=\dimen163
\pgf@sys@shading@range@num=\count115
)
(/usr/local/texlive/2014/texmf-dist/tex/generic/pgf/basiclayer/pgfcoreimage.cod
e.tex
File: pgfcoreimage.code.tex 2013/07/15  (rcs-revision 1.18)

(/usr/local/texlive/2014/texmf-dist/tex/generic/pgf/basiclayer/pgfcoreexternal.
code.tex
File: pgfcoreexternal.code.tex 2013/07/15  (rcs-revision 1.20)
\pgfexternal@startupbox=\box39
))
(/usr/local/texlive/2014/texmf-dist/tex/generic/pgf/basiclayer/pgfcorelayers.co
de.tex
File: pgfcorelayers.code.tex 2013/07/18  (rcs-revision 1.7)
)
(/usr/local/texlive/2014/texmf-dist/tex/generic/pgf/basiclayer/pgfcoretranspare
ncy.code.tex
File: pgfcoretransparency.code.tex 2013/09/30  (rcs-revision 1.5)
)
(/usr/local/texlive/2014/texmf-dist/tex/generic/pgf/basiclayer/pgfcorepatterns.
code.tex
File: pgfcorepatterns.code.tex 2013/11/07  (rcs-revision 1.5)
)))
(/usr/local/texlive/2014/texmf-dist/tex/latex/pgf/utilities/xxcolor.sty
Package: xxcolor 2003/10/24 ver 0.1
\XC@nummixins=\count116
\XC@countmixins=\count117
)
(/usr/local/texlive/2014/texmf-dist/tex/generic/oberdiek/atbegshi.sty
Package: atbegshi 2011/10/05 v1.16 At begin shipout hook (HO)
)
(/usr/local/texlive/2014/texmf-dist/tex/latex/hyperref/hyperref.sty
Package: hyperref 2012/11/06 v6.83m Hypertext links for LaTeX

(/usr/local/texlive/2014/texmf-dist/tex/generic/oberdiek/hobsub-hyperref.sty
Package: hobsub-hyperref 2012/05/28 v1.13 Bundle oberdiek, subset hyperref (HO)


(/usr/local/texlive/2014/texmf-dist/tex/generic/oberdiek/hobsub-generic.sty
Package: hobsub-generic 2012/05/28 v1.13 Bundle oberdiek, subset generic (HO)
Package: hobsub 2012/05/28 v1.13 Construct package bundles (HO)
Package hobsub Info: Skipping package `infwarerr' (already loaded).
Package hobsub Info: Skipping package `ltxcmds' (already loaded).
Package: ifluatex 2010/03/01 v1.3 Provides the ifluatex switch (HO)
Package ifluatex Info: LuaTeX not detected.
Package hobsub Info: Skipping package `ifvtex' (already loaded).
Package: intcalc 2007/09/27 v1.1 Expandable calculations with integers (HO)
Package hobsub Info: Skipping package `ifpdf' (already loaded).
Package: etexcmds 2011/02/16 v1.5 Avoid name clashes with e-TeX commands (HO)
Package etexcmds Info: Could not find \expanded.
(etexcmds)             That can mean that you are not using pdfTeX 1.50 or
(etexcmds)             that some package has redefined \expanded.
(etexcmds)             In the latter case, load this package earlier.
Package: kvsetkeys 2012/04/25 v1.16 Key value parser (HO)
Package: kvdefinekeys 2011/04/07 v1.3 Define keys (HO)
Package: pdftexcmds 2011/11/29 v0.20 Utility functions of pdfTeX for LuaTeX (HO
)
Package pdftexcmds Info: LuaTeX not detected.
Package pdftexcmds Info: \pdf@primitive is available.
Package pdftexcmds Info: \pdf@ifprimitive is available.
Package pdftexcmds Info: \pdfdraftmode found.
Package: pdfescape 2011/11/25 v1.13 Implements pdfTeX's escape features (HO)
Package: bigintcalc 2012/04/08 v1.3 Expandable calculations on big integers (HO
)
Package: bitset 2011/01/30 v1.1 Handle bit-vector datatype (HO)
Package: uniquecounter 2011/01/30 v1.2 Provide unlimited unique counter (HO)
)
Package hobsub Info: Skipping package `hobsub' (already loaded).
Package: letltxmacro 2010/09/02 v1.4 Let assignment for LaTeX macros (HO)
Package: hopatch 2012/05/28 v1.2 Wrapper for package hooks (HO)
Package: xcolor-patch 2011/01/30 xcolor patch
Package: atveryend 2011/06/30 v1.8 Hooks at the very end of document (HO)
Package atveryend Info: \enddocument detected (standard20110627).
Package hobsub Info: Skipping package `atbegshi' (already loaded).
Package: refcount 2011/10/16 v3.4 Data extraction from label references (HO)
Package: hycolor 2011/01/30 v1.7 Color options for hyperref/bookmark (HO)
)
(/usr/local/texlive/2014/texmf-dist/tex/latex/oberdiek/auxhook.sty
Package: auxhook 2011/03/04 v1.3 Hooks for auxiliary files (HO)
)
(/usr/local/texlive/2014/texmf-dist/tex/latex/oberdiek/kvoptions.sty
Package: kvoptions 2011/06/30 v3.11 Key value format for package options (HO)
)
\@linkdim=\dimen164
\Hy@linkcounter=\count118
\Hy@pagecounter=\count119

(/usr/local/texlive/2014/texmf-dist/tex/latex/hyperref/pd1enc.def
File: pd1enc.def 2012/11/06 v6.83m Hyperref: PDFDocEncoding definition (HO)
)
\Hy@SavedSpaceFactor=\count120

(/usr/local/texlive/2014/texmf-dist/tex/latex/latexconfig/hyperref.cfg
File: hyperref.cfg 2002/06/06 v1.2 hyperref configuration of TeXLive
)
Package hyperref Info: Option `bookmarks' set `true' on input line 4319.
Package hyperref Info: Option `bookmarksopen' set `true' on input line 4319.
Package hyperref Info: Option `implicit' set `false' on input line 4319.
Package hyperref Info: Hyper figures OFF on input line 4443.
Package hyperref Info: Link nesting OFF on input line 4448.
Package hyperref Info: Hyper index ON on input line 4451.
Package hyperref Info: Plain pages OFF on input line 4458.
Package hyperref Info: Backreferencing OFF on input line 4463.
Package hyperref Info: Implicit mode OFF; no redefinition of LaTeX internals.
Package hyperref Info: Bookmarks ON on input line 4688.
\c@Hy@tempcnt=\count121

(/usr/local/texlive/2014/texmf-dist/tex/latex/url/url.sty
\Urlmuskip=\muskip10
Package: url 2013/09/16  ver 3.4  Verb mode for urls, etc.
)
LaTeX Info: Redefining \url on input line 5041.
\XeTeXLinkMargin=\dimen165
\Fld@menulength=\count122
\Field@Width=\dimen166
\Fld@charsize=\dimen167
Package hyperref Info: Hyper figures OFF on input line 6295.
Package hyperref Info: Link nesting OFF on input line 6300.
Package hyperref Info: Hyper index ON on input line 6303.
Package hyperref Info: backreferencing OFF on input line 6310.
Package hyperref Info: Link coloring OFF on input line 6315.
Package hyperref Info: Link coloring with OCG OFF on input line 6320.
Package hyperref Info: PDF/A mode OFF on input line 6325.
LaTeX Info: Redefining \ref on input line 6365.
LaTeX Info: Redefining \pageref on input line 6369.
\Hy@abspage=\count123


Package hyperref Message: Stopped early.

)

Package hyperref Message: Driver (autodetected): hpdftex.

(/usr/local/texlive/2014/texmf-dist/tex/latex/hyperref/hpdftex.def
File: hpdftex.def 2012/11/06 v6.83m Hyperref driver for pdfTeX
\Fld@listcount=\count124
\c@bookmark@seq@number=\count125

(/usr/local/texlive/2014/texmf-dist/tex/latex/oberdiek/rerunfilecheck.sty
Package: rerunfilecheck 2011/04/15 v1.7 Rerun checks for auxiliary files (HO)
Package uniquecounter Info: New unique counter `rerunfilecheck' on input line 2
82.
))
(/usr/local/texlive/2014/texmf-dist/tex/latex/beamer/beamerbaserequires.sty
Package: beamerbaserequires 2010/05/01  (rcs-revision efa082c6111d)

(/usr/local/texlive/2014/texmf-dist/tex/latex/beamer/beamerbasecompatibility.st
y
Package: beamerbasecompatibility 2012/05/01  (rcs-revision 67c48b3b652d)
) (/usr/local/texlive/2014/texmf-dist/tex/latex/beamer/beamerbasefont.sty
Package: beamerbasefont 2013/10/18  (rcs-revision 72f39e01808a)

(/usr/local/texlive/2014/texmf-dist/tex/latex/amsfonts/amssymb.sty
Package: amssymb 2013/01/14 v3.01 AMS font symbols

(/usr/local/texlive/2014/texmf-dist/tex/latex/amsfonts/amsfonts.sty
Package: amsfonts 2013/01/14 v3.01 Basic AMSFonts support
\@emptytoks=\toks26
\symAMSa=\mathgroup4
\symAMSb=\mathgroup5
LaTeX Font Info:    Overwriting math alphabet `\mathfrak' in version `bold'
(Font)                  U/euf/m/n --> U/euf/b/n on input line 106.
))
(/usr/local/texlive/2014/texmf-dist/tex/latex/sansmathaccent/sansmathaccent.sty
Package: sansmathaccent 2013/03/28
(/usr/local/texlive/2014/texmf-dist/tex/latex/filehook/filehook.sty
Package: filehook 2011/10/12 v0.5d Hooks for input files
)))
(/usr/local/texlive/2014/texmf-dist/tex/latex/beamer/beamerbasetranslator.sty
Package: beamerbasetranslator 2010/06/11  (rcs-revision 85fd1cc7fc42)

(/usr/local/texlive/2014/texmf-dist/tex/latex/beamer/translator/translator.sty
Package: translator 2010/06/12 ver 1.10

(/usr/local/texlive/2014/texmf-dist/tex/latex/beamer/translator/translator-lang
uage-mappings.tex)))
(/usr/local/texlive/2014/texmf-dist/tex/latex/beamer/beamerbasemisc.sty
Package: beamerbasemisc 2013/09/03  (rcs-revision a55719c41d85)
)
(/usr/local/texlive/2014/texmf-dist/tex/latex/beamer/beamerbasetwoscreens.sty
Package: beamerbasetwoscreens 2010/05/01  (rcs-revision efa082c6111d)
)
(/usr/local/texlive/2014/texmf-dist/tex/latex/beamer/beamerbaseoverlay.sty
Package: beamerbaseoverlay 2013/12/25  (rcs-revision f6bd5e3805da)
\beamer@argscount=\count126
\beamer@lastskipcover=\skip44
\beamer@trivlistdepth=\count127
)
(/usr/local/texlive/2014/texmf-dist/tex/latex/beamer/beamerbasetitle.sty
Package: beamerbasetitle 2010/09/21  (rcs-revision f0446ed0b6ae)
)
(/usr/local/texlive/2014/texmf-dist/tex/latex/beamer/beamerbasesection.sty
Package: beamerbasesection 2013/06/07  (rcs-revision 60b9fe0f342f)
\c@lecture=\count128
\c@part=\count129
\c@section=\count130
\c@subsection=\count131
\c@subsubsection=\count132
)
(/usr/local/texlive/2014/texmf-dist/tex/latex/beamer/beamerbaseframe.sty
Package: beamerbaseframe 2013/10/02  (rcs-revision cdc8e9a3aaac)
\beamer@framebox=\box40
\beamer@frametitlebox=\box41
\beamer@zoombox=\box42
\beamer@zoomcount=\count133
\beamer@zoomframecount=\count134
\beamer@frametextheight=\dimen168
\c@subsectionslide=\count135
\beamer@frametopskip=\skip45
\beamer@framebottomskip=\skip46
\beamer@frametopskipautobreak=\skip47
\beamer@framebottomskipautobreak=\skip48
\beamer@envbody=\toks27
\framewidth=\dimen169
\c@framenumber=\count136
)
(/usr/local/texlive/2014/texmf-dist/tex/latex/beamer/beamerbaseverbatim.sty
Package: beamerbaseverbatim 2012/08/30  (rcs-revision dfdb135076b3)
\beamer@verbatimfileout=\write4
)
(/usr/local/texlive/2014/texmf-dist/tex/latex/beamer/beamerbaseframesize.sty
Package: beamerbaseframesize 2011/09/12  (rcs-revision 70f9d8411e54)
\beamer@splitbox=\box43
\beamer@autobreakcount=\count137
\beamer@autobreaklastheight=\dimen170
\beamer@frametitletoks=\toks28
\beamer@framesubtitletoks=\toks29
)
(/usr/local/texlive/2014/texmf-dist/tex/latex/beamer/beamerbaseframecomponents.
sty
Package: beamerbaseframecomponents 2013/10/18  (rcs-revision 5cf6c5555a45)
\beamer@footins=\box44
) (/usr/local/texlive/2014/texmf-dist/tex/latex/beamer/beamerbasecolor.sty
Package: beamerbasecolor 2010/06/06  (rcs-revision d1a9b48be06d)
)
(/usr/local/texlive/2014/texmf-dist/tex/latex/beamer/beamerbasenotes.sty
Package: beamerbasenotes 2012/12/19  (rcs-revision 1686da3db3c9)
\beamer@frameboxcopy=\box45
)
(/usr/local/texlive/2014/texmf-dist/tex/latex/beamer/beamerbasetoc.sty
Package: beamerbasetoc 2013/05/23  (rcs-revision 0fdf5bc43be8)
)
(/usr/local/texlive/2014/texmf-dist/tex/latex/beamer/beamerbasetemplates.sty
Package: beamerbasetemplates 2010/05/01  (rcs-revision efa082c6111d)
\beamer@sbttoks=\toks30

(/usr/local/texlive/2014/texmf-dist/tex/latex/beamer/beamerbaseauxtemplates.sty
Package: beamerbaseauxtemplates 2013/09/04  (rcs-revision 4ac715c499d0)
(/usr/local/texlive/2014/texmf-dist/tex/latex/beamer/beamerbaseboxes.sty
Package: beamerbaseboxes 2012/05/13  (rcs-revision 56972908a390)
\bmb@box=\box46
\bmb@colorbox=\box47
\bmb@boxshadow=\box48
\bmb@boxshadowball=\box49
\bmb@boxshadowballlarge=\box50
\bmb@temp=\dimen171
\bmb@dima=\dimen172
\bmb@dimb=\dimen173
\bmb@prevheight=\dimen174
)
\beamer@blockheadheight=\dimen175
))
(/usr/local/texlive/2014/texmf-dist/tex/latex/beamer/beamerbaselocalstructure.s
ty
Package: beamerbaselocalstructure 2013/09/04  (rcs-revision 4ac715c499d0)
 (/usr/local/texlive/2014/texmf-dist/tex/latex/tools/enumerate.sty
Package: enumerate 1999/03/05 v3.00 enumerate extensions (DPC)
\@enLab=\toks31
)
\c@figure=\count138
\c@table=\count139
\abovecaptionskip=\skip49
\belowcaptionskip=\skip50
)
(/usr/local/texlive/2014/texmf-dist/tex/latex/beamer/beamerbasenavigation.sty
Package: beamerbasenavigation 2013/10/05  (rcs-revision 62be157fe783)
\beamer@section@min@dim=\dimen176
)
(/usr/local/texlive/2014/texmf-dist/tex/latex/beamer/beamerbasetheorems.sty
Package: beamerbasetheorems 2010/06/06  (rcs-revision 7e7cc5e53e9d)

(/usr/local/texlive/2014/texmf-dist/tex/latex/amsmath/amsmath.sty
Package: amsmath 2013/01/14 v2.14 AMS math features
\@mathmargin=\skip51

For additional information on amsmath, use the `?' option.
(/usr/local/texlive/2014/texmf-dist/tex/latex/amsmath/amstext.sty
Package: amstext 2000/06/29 v2.01

(/usr/local/texlive/2014/texmf-dist/tex/latex/amsmath/amsgen.sty
File: amsgen.sty 1999/11/30 v2.0
\@emptytoks=\toks32
\ex@=\dimen177
))
(/usr/local/texlive/2014/texmf-dist/tex/latex/amsmath/amsbsy.sty
Package: amsbsy 1999/11/29 v1.2d
\pmbraise@=\dimen178
)
(/usr/local/texlive/2014/texmf-dist/tex/latex/amsmath/amsopn.sty
Package: amsopn 1999/12/14 v2.01 operator names
)
\inf@bad=\count140
LaTeX Info: Redefining \frac on input line 210.
\uproot@=\count141
\leftroot@=\count142
LaTeX Info: Redefining \overline on input line 306.
\classnum@=\count143
\DOTSCASE@=\count144
LaTeX Info: Redefining \ldots on input line 378.
LaTeX Info: Redefining \dots on input line 381.
LaTeX Info: Redefining \cdots on input line 466.
\Mathstrutbox@=\box51
\strutbox@=\box52
\big@size=\dimen179
LaTeX Font Info:    Redeclaring font encoding OML on input line 566.
LaTeX Font Info:    Redeclaring font encoding OMS on input line 567.
\macc@depth=\count145
\c@MaxMatrixCols=\count146
\dotsspace@=\muskip11
\c@parentequation=\count147
\dspbrk@lvl=\count148
\tag@help=\toks33
\row@=\count149
\column@=\count150
\maxfields@=\count151
\andhelp@=\toks34
\eqnshift@=\dimen180
\alignsep@=\dimen181
\tagshift@=\dimen182
\tagwidth@=\dimen183
\totwidth@=\dimen184
\lineht@=\dimen185
\@envbody=\toks35
\multlinegap=\skip52
\multlinetaggap=\skip53
\mathdisplay@stack=\toks36
LaTeX Info: Redefining \[ on input line 2665.
LaTeX Info: Redefining \] on input line 2666.
)
(/usr/local/texlive/2014/texmf-dist/tex/latex/amscls/amsthm.sty
Package: amsthm 2004/08/06 v2.20
\thm@style=\toks37
\thm@bodyfont=\toks38
\thm@headfont=\toks39
\thm@notefont=\toks40
\thm@headpunct=\toks41
\thm@preskip=\skip54
\thm@postskip=\skip55
\thm@headsep=\skip56
\dth@everypar=\toks42
)
\c@theorem=\count152
)
(/usr/local/texlive/2014/texmf-dist/tex/latex/beamer/beamerbasethemes.sty
Package: beamerbasethemes 2010/05/01  (rcs-revision efa082c6111d)
))
(/usr/local/texlive/2014/texmf-dist/tex/latex/beamer/themes/theme/beamerthemede
fault.sty
Package: beamerthemedefault 2010/06/17  (rcs-revision d02a7cf4d8ae)

(/usr/local/texlive/2014/texmf-dist/tex/latex/beamer/themes/font/beamerfontthem
edefault.sty
Package: beamerfontthemedefault 2012/12/19  (rcs-revision 1686da3db3c9)
)
(/usr/local/texlive/2014/texmf-dist/tex/latex/beamer/themes/color/beamercolorth
emedefault.sty
Package: beamercolorthemedefault 2012/12/19  (rcs-revision 1686da3db3c9)
)
(/usr/local/texlive/2014/texmf-dist/tex/latex/beamer/themes/inner/beamerinnerth
emedefault.sty
Package: beamerinnerthemedefault 2013/10/15  (rcs-revision 65cb471f9634)
\beamer@dima=\dimen186
\beamer@dimb=\dimen187
)
(/usr/local/texlive/2014/texmf-dist/tex/latex/beamer/themes/outer/beamerouterth
emedefault.sty
Package: beamerouterthemedefault 2012/12/19  (rcs-revision 1686da3db3c9)
)))
(/usr/local/texlive/2014/texmf-dist/tex/latex/beamer/multimedia/xmpmulti.sty
\@mpm@count=\count153
)
(/usr/local/texlive/2014/texmf-dist/tex/latex/textpos/textpos.sty
Package: textpos 2014/01/03 v1.7j

Package: textpos 2014/01/03 1.7j, absolute positioning of text on the page
\TP@textbox=\box53
\TPHorizModule=\dimen188
\TPVertModule=\dimen189
\TP@margin=\dimen190
\TP@absmargin=\dimen191
Grid set 16 x 16 = 22.7622pt x 17.07166pt
\TPboxrulesize=\dimen192
\TP@tbargs=\toks43
\TP@prevdepth=\dimen193
) (/usr/local/texlive/2014/texmf-dist/tex/latex/comment/comment.sty
\CommentStream=\write5

Excluding comment 'comment')
(/usr/local/texlive/2014/texmf-dist/tex/latex/eurosym/eurosym.sty
Package: eurosym 1998/08/06 v1.1 European currency symbol ``Euro''
\@eurobox=\box54
)
\sympureletters=\mathgroup6
LaTeX Font Info:    Overwriting symbol font `pureletters' in version `bold'
(Font)                  OT1/mathkerncmss/m/sl --> OT1/mathkerncmss/bx/sl on inp
ut line 6.

(/usr/local/texlive/2014/texmf-dist/tex/latex/tools/bm.sty
Package: bm 2004/02/26 v1.1c Bold Symbol Support (DPC/FMi)
\symboldoperators=\mathgroup7
\symboldletters=\mathgroup8
\symboldsymbols=\mathgroup9
\symboldpureletters=\mathgroup10
LaTeX Font Info:    Redeclaring math alphabet \mathbf on input line 137.
LaTeX Info: Redefining \bm on input line 203.
)
(./../../slides_preamble.tex
(/usr/local/texlive/2014/texmf-dist/tex/latex/mdframed/mdframed.sty
Package: mdframed 2013/07/01 1.9b: mdframed

(/usr/local/texlive/2014/texmf-dist/tex/latex/l3packages/xparse/xparse.sty
(/usr/local/texlive/2014/texmf-dist/tex/latex/l3kernel/expl3.sty
Package: expl3 2014/05/20 v4814 L3 programming layer (loader) 

(/usr/local/texlive/2014/texmf-dist/tex/latex/l3kernel/expl3-code.tex
Package: expl3 2014/05/20 v4814 L3 programming layer (code) 
L3 Module: l3bootstrap 2014/05/16 v4782 L3 Bootstrap code

(/usr/local/texlive/2014/texmf-dist/tex/latex/etex-pkg/etex.sty
Package: etex 1998/03/26 v2.0 eTeX basic definition package (PEB)
\et@xins=\count154
)
L3 Module: l3names 2014/05/04 v4728 L3 Namespace for primitives
L3 Module: l3basics 2014/05/04 v4728 L3 Basic definitions
L3 Module: l3expan 2014/04/30 v4712 L3 Argument expansion
L3 Module: l3tl 2014/05/04 v4728 L3 Token lists
L3 Module: l3seq 2014/04/30 v4712 L3 Sequences and stacks
L3 Module: l3int 2014/05/16 v4776 L3 Integers
\c_max_int=\count155
\l_tmpa_int=\count156
\l_tmpb_int=\count157
\g_tmpa_int=\count158
\g_tmpb_int=\count159
L3 Module: l3quark 2014/05/04 v4728 L3 Quarks
L3 Module: l3prg 2014/05/04 v4728 L3 Control structures
\g__prg_map_int=\count160
L3 Module: l3clist 2014/05/04 v4728 L3 Comma separated lists
L3 Module: l3token 2014/05/04 v4728 L3 Experimental token manipulation
L3 Module: l3prop 2014/04/30 v4712 L3 Property lists
L3 Module: l3msg 2014/05/04 v4728 L3 Messages
L3 Module: l3file 2014/05/05 v4737 L3 File and I/O operations
\l_iow_line_count_int=\count161
\l__iow_target_count_int=\count162
\l__iow_current_line_int=\count163
\l__iow_current_word_int=\count164
\l__iow_current_indentation_int=\count165
L3 Module: l3skip 2014/05/05 v4738 L3 Dimensions and skips
\c_zero_dim=\dimen194
\c_max_dim=\dimen195
\l_tmpa_dim=\dimen196
\l_tmpb_dim=\dimen197
\g_tmpa_dim=\dimen198
\g_tmpb_dim=\dimen199
\c_zero_skip=\skip57
\c_max_skip=\skip58
\l_tmpa_skip=\skip59
\l_tmpb_skip=\skip60
\g_tmpa_skip=\skip61
\g_tmpb_skip=\skip62
\c_zero_muskip=\muskip12
\c_max_muskip=\muskip13
\l_tmpa_muskip=\muskip14
\l_tmpb_muskip=\muskip15
\g_tmpa_muskip=\muskip16
\g_tmpb_muskip=\muskip17
L3 Module: l3keys 2014/05/08 v4753 L3 Key-value interfaces
\g__keyval_level_int=\count166
\l_keys_choice_int=\count167
L3 Module: l3fp 2014/04/30 v4712 L3 Floating points
\c__fp_leading_shift_int=\count168
\c__fp_middle_shift_int=\count169
\c__fp_trailing_shift_int=\count170
\c__fp_big_leading_shift_int=\count171
\c__fp_big_middle_shift_int=\count172
\c__fp_big_trailing_shift_int=\count173
\c__fp_Bigg_leading_shift_int=\count174
\c__fp_Bigg_middle_shift_int=\count175
\c__fp_Bigg_trailing_shift_int=\count176
L3 Module: l3box 2014/05/04 v4728 L3 Experimental boxes
\c_empty_box=\box55
\l_tmpa_box=\box56
\l_tmpb_box=\box57
\g_tmpa_box=\box58
\g_tmpb_box=\box59
L3 Module: l3coffins 2014/05/04 v4728 L3 Coffin code layer
\l__coffin_internal_box=\box60
\l__coffin_internal_dim=\dimen200
\l__coffin_offset_x_dim=\dimen201
Normal \dimen register pool exhausted, switching to extended pool.
\l__coffin_offset_y_dim=\dimen256
\l__coffin_x_dim=\dimen257
\l__coffin_y_dim=\dimen258
\l__coffin_x_prime_dim=\dimen259
\l__coffin_y_prime_dim=\dimen260
\c_empty_coffin=\box61
\l__coffin_aligned_coffin=\box62
\l__coffin_aligned_internal_coffin=\box63
\l_tmpa_coffin=\box64
\l_tmpb_coffin=\box65
\l__coffin_display_coffin=\box66
\l__coffin_display_coord_coffin=\box67
\l__coffin_display_pole_coffin=\box68
\l__coffin_display_offset_dim=\dimen261
\l__coffin_display_x_dim=\dimen262
\l__coffin_display_y_dim=\dimen263
L3 Module: l3color 2014/04/30 v4712 L3 Experimental color support
L3 Module: l3luatex 2014/04/30 v4712 L3 Experimental LuaTeX-specific functions
\g__cctab_allocate_int=\count177
\g__cctab_stack_int=\count178
L3 Module: l3candidates 2014/05/04 v4734 L3 Experimental additions to l3kernel
\l__box_top_dim=\dimen264
\l__box_bottom_dim=\dimen265
\l__box_left_dim=\dimen266
\l__box_right_dim=\dimen267
\l__box_top_new_dim=\dimen268
\l__box_bottom_new_dim=\dimen269
\l__box_left_new_dim=\dimen270
\l__box_right_new_dim=\dimen271
\l__box_internal_box=\box69
\l__coffin_bounding_shift_dim=\dimen272
\l__coffin_left_corner_dim=\dimen273
\l__coffin_right_corner_dim=\dimen274
\l__coffin_bottom_corner_dim=\dimen275
\l__coffin_top_corner_dim=\dimen276
\l__coffin_scaled_total_height_dim=\dimen277
\l__coffin_scaled_width_dim=\dimen278
))
Package: xparse 2014/05/05 v4740 L3 Experimental document command parser
\l__xparse_current_arg_int=\count179
\l__xparse_m_args_int=\count180
\l__xparse_mandatory_args_int=\count181
\l__xparse_processor_int=\count182
\l__xparse_v_nesting_int=\count183
)
(/usr/local/texlive/2014/texmf-dist/tex/latex/etoolbox/etoolbox.sty
Package: etoolbox 2011/01/03 v2.1 e-TeX tools for LaTeX
\etb@tempcnta=\count184
)
(/usr/local/texlive/2014/texmf-dist/tex/latex/oberdiek/zref-abspage.sty
Package: zref-abspage 2012/04/04 v2.24 Module abspage for zref (HO)

(/usr/local/texlive/2014/texmf-dist/tex/latex/oberdiek/zref-base.sty
Package: zref-base 2012/04/04 v2.24 Module base for zref (HO)
Package zref Info: New property list: main on input line 759.
Package zref Info: New property: default on input line 760.
Package zref Info: New property: page on input line 761.
)
\c@abspage=\count185
Package zref Info: New property: abspage on input line 62.
)
(/usr/local/texlive/2014/texmf-dist/tex/latex/needspace/needspace.sty
Package: needspace 2010/09/12 v1.3d reserve vertical space
)
\mdf@templength=\skip63
\c@mdf@globalstyle@cnt=\count186
\mdf@skipabove@length=\skip64
\mdf@skipbelow@length=\skip65
\mdf@leftmargin@length=\skip66
\mdf@rightmargin@length=\skip67
\mdf@innerleftmargin@length=\skip68
\mdf@innerrightmargin@length=\skip69
\mdf@innertopmargin@length=\skip70
\mdf@innerbottommargin@length=\skip71
\mdf@splittopskip@length=\skip72
\mdf@splitbottomskip@length=\skip73
\mdf@outermargin@length=\skip74
\mdf@innermargin@length=\skip75
\mdf@linewidth@length=\skip76
\mdf@innerlinewidth@length=\skip77
\mdf@middlelinewidth@length=\skip78
\mdf@outerlinewidth@length=\skip79
\mdf@roundcorner@length=\skip80
\mdf@footenotedistance@length=\skip81
\mdf@userdefinedwidth@length=\skip82
\mdf@needspace@length=\skip83
\mdf@frametitleaboveskip@length=\skip84
\mdf@frametitlebelowskip@length=\skip85
\mdf@frametitlerulewidth@length=\skip86
\mdf@frametitleleftmargin@length=\skip87
\mdf@frametitlerightmargin@length=\skip88
\mdf@shadowsize@length=\skip89
\mdf@extratopheight@length=\skip90
\mdf@subtitleabovelinewidth@length=\skip91
\mdf@subtitlebelowlinewidth@length=\skip92
\mdf@subtitleaboveskip@length=\skip93
\mdf@subtitlebelowskip@length=\skip94
\mdf@subtitleinneraboveskip@length=\skip95
\mdf@subtitleinnerbelowskip@length=\skip96
\mdf@subsubtitleabovelinewidth@length=\skip97
\mdf@subsubtitlebelowlinewidth@length=\skip98
\mdf@subsubtitleaboveskip@length=\skip99
\mdf@subsubtitlebelowskip@length=\skip100
\mdf@subsubtitleinneraboveskip@length=\skip101
\mdf@subsubtitleinnerbelowskip@length=\skip102

(/usr/local/texlive/2014/texmf-dist/tex/latex/pgf/frontendlayer/tikz.sty
(/usr/local/texlive/2014/texmf-dist/tex/latex/pgf/basiclayer/pgf.sty
Package: pgf 2013/12/18 v3.0.0 (rcs-revision 1.14)

(/usr/local/texlive/2014/texmf-dist/tex/generic/pgf/modules/pgfmoduleshapes.cod
e.tex
File: pgfmoduleshapes.code.tex 2013/10/31  (rcs-revision 1.34)
\pgfnodeparttextbox=\box70
)
(/usr/local/texlive/2014/texmf-dist/tex/generic/pgf/modules/pgfmoduleplot.code.
tex
File: pgfmoduleplot.code.tex 2013/07/31  (rcs-revision 1.12)
)
(/usr/local/texlive/2014/texmf-dist/tex/latex/pgf/compatibility/pgfcomp-version
-0-65.sty
Package: pgfcomp-version-0-65 2007/07/03 v3.0.0 (rcs-revision 1.7)
\pgf@nodesepstart=\dimen279
\pgf@nodesepend=\dimen280
)
(/usr/local/texlive/2014/texmf-dist/tex/latex/pgf/compatibility/pgfcomp-version
-1-18.sty
Package: pgfcomp-version-1-18 2007/07/23 v3.0.0 (rcs-revision 1.1)
))
(/usr/local/texlive/2014/texmf-dist/tex/latex/pgf/utilities/pgffor.sty
(/usr/local/texlive/2014/texmf-dist/tex/latex/pgf/utilities/pgfkeys.sty
(/usr/local/texlive/2014/texmf-dist/tex/generic/pgf/utilities/pgfkeys.code.tex)
) (/usr/local/texlive/2014/texmf-dist/tex/latex/pgf/math/pgfmath.sty
(/usr/local/texlive/2014/texmf-dist/tex/generic/pgf/math/pgfmath.code.tex))
(/usr/local/texlive/2014/texmf-dist/tex/generic/pgf/utilities/pgffor.code.tex
Package: pgffor 2013/12/13 v3.0.0 (rcs-revision 1.25)

(/usr/local/texlive/2014/texmf-dist/tex/generic/pgf/math/pgfmath.code.tex)
\pgffor@iter=\dimen281
\pgffor@skip=\dimen282
\pgffor@stack=\toks44
\pgffor@toks=\toks45
))
(/usr/local/texlive/2014/texmf-dist/tex/generic/pgf/frontendlayer/tikz/tikz.cod
e.tex
Package: tikz 2013/12/13 v3.0.0 (rcs-revision 1.142)

(/usr/local/texlive/2014/texmf-dist/tex/generic/pgf/libraries/pgflibraryplothan
dlers.code.tex
File: pgflibraryplothandlers.code.tex 2013/08/31 v3.0.0 (rcs-revision 1.20)
\pgf@plot@mark@count=\count187
\pgfplotmarksize=\dimen283
)
\tikz@lastx=\dimen284
\tikz@lasty=\dimen285
\tikz@lastxsaved=\dimen286
\tikz@lastysaved=\dimen287
\tikzleveldistance=\dimen288
\tikzsiblingdistance=\dimen289
\tikz@figbox=\box71
\tikz@figbox@bg=\box72
\tikz@tempbox=\box73
\tikz@tempbox@bg=\box74
\tikztreelevel=\count188
\tikznumberofchildren=\count189
\tikznumberofcurrentchild=\count190
\tikz@fig@count=\count191

(/usr/local/texlive/2014/texmf-dist/tex/generic/pgf/modules/pgfmodulematrix.cod
e.tex
File: pgfmodulematrix.code.tex 2013/09/17  (rcs-revision 1.8)
\pgfmatrixcurrentrow=\count192
\pgfmatrixcurrentcolumn=\count193
\pgf@matrix@numberofcolumns=\count194
)
\tikz@expandcount=\count195

(/usr/local/texlive/2014/texmf-dist/tex/generic/pgf/frontendlayer/tikz/librarie
s/tikzlibrarytopaths.code.tex
File: tikzlibrarytopaths.code.tex 2008/06/17 v3.0.0 (rcs-revision 1.2)
)))
(/usr/local/texlive/2014/texmf-dist/tex/latex/mdframed/md-frame-1.mdf
File: md-frame-1.mdf 2013/07/01\ 1.9b: md-frame-1
)
\mdf@frametitlebox=\box75
\mdf@footnotebox=\box76
\mdf@splitbox@one=\box77
\mdf@splitbox@two=\box78
\mdf@splitbox@save=\box79
\mdfsplitboxwidth=\skip103
\mdfsplitboxtotalwidth=\skip104
\mdfsplitboxheight=\skip105
\mdfsplitboxdepth=\skip106
\mdfsplitboxtotalheight=\skip107
\mdfframetitleboxwidth=\skip108
\mdfframetitleboxtotalwidth=\skip109
\mdfframetitleboxheight=\skip110
\mdfframetitleboxdepth=\skip111
\mdfframetitleboxtotalheight=\skip112
\mdffootnoteboxwidth=\skip113
\mdffootnoteboxtotalwidth=\skip114
\mdffootnoteboxheight=\skip115
\mdffootnoteboxdepth=\skip116
\mdffootnoteboxtotalheight=\skip117
\mdftotallinewidth=\skip118
\mdfboundingboxwidth=\skip119
\mdfboundingboxtotalwidth=\skip120
\mdfboundingboxheight=\skip121
\mdfboundingboxdepth=\skip122
\mdfboundingboxtotalheight=\skip123
\mdf@freevspace@length=\skip124
\mdf@horizontalwidthofbox@length=\skip125
\mdf@verticalmarginwhole@length=\skip126
\mdf@horizontalspaceofbox=\skip127
\mdfsubtitleheight=\skip128
\mdfsubsubtitleheight=\skip129
\c@mdfcountframes=\count196

****** mdframed patching \endmdf@trivlist

****** -- failed******

.................................................
. LaTeX info: "xparse/define-command"
. 
. Defining document command \newmdtheoremenv with arg. spec. 'O{} m o m o ' on
. line 601.
.................................................
.................................................
. LaTeX info: "xparse/define-command"
. 
. Defining document command \mdtheorem with arg. spec. ' O{} m o m o ' on line
. 701.
.................................................
\mdf@envdepth=\count197
\c@mdf@env@i=\count198
\c@mdf@env@ii=\count199
\c@mdf@zref@counter=\count200
Package zref Info: New property: mdf@pagevalue on input line 895.
)
(/usr/local/texlive/2014/texmf-dist/tex/latex/tools/xspace.sty
Package: xspace 2009/10/20 v1.13 Space after command names (DPC,MH)
)
(/usr/local/texlive/2014/texmf-dist/tex/latex/glossaries/base/glossaries.sty
Package: glossaries 2014/04/04 v4.07 (NLCT)

(/usr/local/texlive/2014/texmf-dist/tex/latex/base/ifthen.sty
Package: ifthen 2001/05/26 v1.1c Standard LaTeX ifthen package (DPC)
)
(/usr/local/texlive/2014/texmf-dist/tex/latex/xkeyval/xkeyval.sty
Package: xkeyval 2014/05/09 v2.6d package option processing (HA)

(/usr/local/texlive/2014/texmf-dist/tex/generic/xkeyval/xkeyval.tex
\XKV@toks=\toks46
\XKV@tempa@toks=\toks47
\XKV@depth=\count201
File: xkeyval.tex 2014/05/09 v2.6d key=value parser (HA)
))
(/usr/local/texlive/2014/texmf-dist/tex/latex/glossaries/base/mfirstuc.sty
Package: mfirstuc 2013/11/04 v1.08 (NLCT)
\@glsmfirst=\toks48
\@glsmrest=\toks49
)
(/usr/local/texlive/2014/texmf-dist/tex/latex/textcase/textcase.sty
Package: textcase 2004/10/07 v0.07 Text only upper/lower case changing (DPC)
)
(/usr/local/texlive/2014/texmf-dist/tex/latex/xfor/xfor.sty
Package: xfor 2009/02/05 v1.05 (NLCT)
)
(/usr/local/texlive/2014/texmf-dist/tex/latex/datatool/datatool-base.sty
Package: datatool-base 2013/09/06 v2.18 (NLCT)

(/usr/local/texlive/2014/texmf-dist/tex/latex/substr/substr.sty
Package: substr 2009/10/20 v1.2 Handle substrings
Normal \count register pool exhausted, switching to extended pool.
\c@su@anzahl=\count277
)
(/usr/local/texlive/2014/texmf-dist/tex/latex/datatool/datatool-fp.sty
Package: datatool-fp 2013/08/29 v2.17 (NLCT)

(/usr/local/texlive/2014/texmf-dist/tex/latex/fp/fp.sty
Package: fp 1995/04/02

`Fixed Point Package', Version 0.8, April 2, 1995 (C) Michael Mehlich
(/usr/local/texlive/2014/texmf-dist/tex/latex/fp/defpattern.sty
Package: defpattern 1994/10/12
\actioncount=\count278
)
(/usr/local/texlive/2014/texmf-dist/tex/latex/fp/fp-basic.sty
Package: fp-basic 1996/05/13
\FP@xs=\count279
\FP@xia=\count280
\FP@xib=\count281
\FP@xfa=\count282
\FP@xfb=\count283
\FP@rega=\count284
\FP@regb=\count285
\FP@regs=\count286
\FP@times=\count287
)
(/usr/local/texlive/2014/texmf-dist/tex/latex/fp/fp-addons.sty
Package: fp-addons 1995/03/15
)
(/usr/local/texlive/2014/texmf-dist/tex/latex/fp/fp-snap.sty
Package: fp-snap 1995/04/05
)
(/usr/local/texlive/2014/texmf-dist/tex/latex/fp/fp-exp.sty
Package: fp-exp 1995/04/03
)
(/usr/local/texlive/2014/texmf-dist/tex/latex/fp/fp-trigo.sty
Package: fp-trigo 1995/04/14
)
(/usr/local/texlive/2014/texmf-dist/tex/latex/fp/fp-pas.sty
Package: fp-pas 1994/08/29
)
(/usr/local/texlive/2014/texmf-dist/tex/latex/fp/fp-random.sty
Package: fp-random 1995/02/23
\FPseed=\count288
)
(/usr/local/texlive/2014/texmf-dist/tex/latex/fp/fp-eqn.sty
Package: fp-eqn 1995/04/03
)
(/usr/local/texlive/2014/texmf-dist/tex/latex/fp/fp-upn.sty
Package: fp-upn 1996/10/21
)
(/usr/local/texlive/2014/texmf-dist/tex/latex/fp/fp-eval.sty
Package: fp-eval 1995/04/03
)))
\@dtl@toks=\toks50
\@dtl@tmpcount=\count289
\dtl@tmplength=\skip130
\dtl@sortresult=\count290
\@dtl@numgrpsepcount=\count291
\@dtl@datatype=\count292
\dtl@codeA=\count293
\dtl@codeB=\count294
\@dtl@foreach@level=\count295
)
(/usr/local/texlive/2014/texmf-dist/tex/latex/glossaries/base/glossaries-compat
ible-307.sty
Package: glossaries-compatible-307 2013/11/14 v4.0 (NLCT)
)
\gls@level=\count296
\@gls@tmpb=\toks51
\gls@tmplen=\skip131
\glskeylisttok=\toks52
\glslabeltok=\toks53
\glsshorttok=\toks54
\glslongtok=\toks55

(/usr/local/texlive/2014/texmf-dist/tex/latex/glossaries/styles/glossary-hypern
av.sty
Package: glossary-hypernav 2013/11/14 v4.0 (NLCT)
)
(/usr/local/texlive/2014/texmf-dist/tex/latex/glossaries/styles/glossary-list.s
ty
Package: glossary-list 2013/11/14 v4.0 (NLCT)
\glslistdottedwidth=\skip132
)
(/usr/local/texlive/2014/texmf-dist/tex/latex/glossaries/styles/glossary-long.s
ty
Package: glossary-long 2013/11/14 v4.0 (NLCT)
 (/usr/local/texlive/2014/texmf-dist/tex/latex/tools/longtable.sty
Package: longtable 2004/02/01 v4.11 Multi-page Table package (DPC)
\LTleft=\skip133
\LTright=\skip134
\LTpre=\skip135
\LTpost=\skip136
\LTchunksize=\count297
\LTcapwidth=\dimen290
\LT@head=\box80
\LT@firsthead=\box81
\LT@foot=\box82
\LT@lastfoot=\box83
\LT@cols=\count298
\LT@rows=\count299
\c@LT@tables=\count300
\c@LT@chunks=\count301
\LT@p@ftn=\toks56
)
\glsdescwidth=\skip137
\glspagelistwidth=\skip138
)
(/usr/local/texlive/2014/texmf-dist/tex/latex/glossaries/styles/glossary-super.
sty
Package: glossary-super 2013/11/14 v4.0 (NLCT)
 (/usr/local/texlive/2014/texmf-dist/tex/latex/supertabular/supertabular.sty
Package: supertabular 2004/02/20 v4.1e the supertabular environment
\c@tracingst=\count302
\ST@wd=\dimen291
\ST@rightskip=\skip139
\ST@leftskip=\skip140
\ST@parfillskip=\skip141
\ST@pageleft=\dimen292
\ST@headht=\dimen293
\ST@tailht=\dimen294
\ST@pagesofar=\dimen295
\ST@pboxht=\dimen296
\ST@lineht=\dimen297
\ST@stretchht=\dimen298
\ST@prevht=\dimen299
\ST@toadd=\dimen300
\ST@dimen=\dimen301
\ST@pbox=\box84
))
(/usr/local/texlive/2014/texmf-dist/tex/latex/glossaries/styles/glossary-tree.s
ty
Package: glossary-tree 2014/03/06 v4.04 (NLCT)
\glstreeindent=\skip142
)) (./../../glossary.tex))
(/usr/local/texlive/2014/texmf-dist/tex/latex/beamer/themes/theme/beamerthemeHa
nnover.sty
Package: beamerthemeHannover 2010/06/17  (rcs-revision d02a7cf4d8ae)

(/usr/local/texlive/2014/texmf-dist/tex/latex/beamer/themes/outer/beamerouterth
emesidebar.sty
Package: beamerouterthemesidebar 2010/06/17  (rcs-revision d02a7cf4d8ae)
\beamer@sidebarwidth=\dimen302
\beamer@headheight=\dimen303
)
(/usr/local/texlive/2014/texmf-dist/tex/latex/beamer/themes/color/beamercolorth
emeseahorse.sty
Package: beamercolorthemeseahorse 2010/06/17  (rcs-revision d02a7cf4d8ae)
)
(/usr/local/texlive/2014/texmf-dist/tex/latex/beamer/themes/inner/beamerinnerth
emecircles.sty
Package: beamerinnerthemecircles 2010/06/17  (rcs-revision d02a7cf4d8ae)
))

Package hyperref Warning: Token not allowed in a PDF string (PDFDocEncoding):
(hyperref)                removing `\\' on input line 91.

(./slides_2 copy.aux)
\openout1 = `"slides_2 copy.aux"'.

LaTeX Font Info:    Checking defaults for OML/cmm/m/it on input line 105.
LaTeX Font Info:    ... okay on input line 105.
LaTeX Font Info:    Checking defaults for T1/cmr/m/n on input line 105.
LaTeX Font Info:    ... okay on input line 105.
LaTeX Font Info:    Checking defaults for OT1/cmr/m/n on input line 105.
LaTeX Font Info:    ... okay on input line 105.
LaTeX Font Info:    Checking defaults for OMS/cmsy/m/n on input line 105.
LaTeX Font Info:    ... okay on input line 105.
LaTeX Font Info:    Checking defaults for OMX/cmex/m/n on input line 105.
LaTeX Font Info:    ... okay on input line 105.
LaTeX Font Info:    Checking defaults for U/cmr/m/n on input line 105.
LaTeX Font Info:    ... okay on input line 105.
LaTeX Font Info:    Checking defaults for PD1/pdf/m/n on input line 105.
LaTeX Font Info:    ... okay on input line 105.

*geometry* driver: auto-detecting
*geometry* detected driver: pdftex
*geometry* verbose mode - [ preamble ] result:
* driver: pdftex
* paper: custom
* layout: <same size as paper>
* layoutoffset:(h,v)=(0.0pt,0.0pt)
* modes: includehead includefoot 
* h-part:(L,W,R)=(59.22636pt, 290.74263pt, 14.22636pt)
* v-part:(T,H,B)=(0.0pt, 273.14662pt, 0.0pt)
* \paperwidth=364.19536pt
* \paperheight=273.14662pt
* \textwidth=290.74263pt
* \textheight=244.6939pt
* \oddsidemargin=-13.04362pt
* \evensidemargin=-13.04362pt
* \topmargin=-72.26999pt
* \headheight=14.22636pt
* \headsep=0.0pt
* \topskip=11.0pt
* \footskip=14.22636pt
* \marginparwidth=4.0pt
* \marginparsep=10.0pt
* \columnsep=10.0pt
* \skip\footins=10.0pt plus 4.0pt minus 2.0pt
* \hoffset=0.0pt
* \voffset=0.0pt
* \mag=1000
* \@twocolumnfalse
* \@twosidefalse
* \@mparswitchfalse
* \@reversemarginfalse
* (1in=72.27pt=25.4mm, 1cm=28.453pt)

(/usr/local/texlive/2014/texmf-dist/tex/context/base/supp-pdf.mkii
[Loading MPS to PDF converter (version 2006.09.02).]
\scratchcounter=\count303
\scratchdimen=\dimen304
\scratchbox=\box85
\nofMPsegments=\count304
\nofMParguments=\count305
\everyMPshowfont=\toks57
\MPscratchCnt=\count306
\MPscratchDim=\dimen305
\MPnumerator=\count307
\makeMPintoPDFobject=\count308
\everyMPtoPDFconversion=\toks58
) (/usr/local/texlive/2014/texmf-dist/tex/latex/oberdiek/epstopdf-base.sty
Package: epstopdf-base 2010/02/09 v2.5 Base part for package epstopdf

(/usr/local/texlive/2014/texmf-dist/tex/latex/oberdiek/grfext.sty
Package: grfext 2010/08/19 v1.1 Manage graphics extensions (HO)
)
Package grfext Info: Graphics extension search list:
(grfext)             [.png,.pdf,.jpg,.mps,.jpeg,.jbig2,.jb2,.PNG,.PDF,.JPG,.JPE
G,.JBIG2,.JB2,.eps]
(grfext)             \AppendGraphicsExtensions on input line 452.

(/usr/local/texlive/2014/texmf-dist/tex/latex/latexconfig/epstopdf-sys.cfg
File: epstopdf-sys.cfg 2010/07/13 v1.3 Configuration of (r)epstopdf for TeX Liv
e
))
ABD: EveryShipout initializing macros
\AtBeginShipoutBox=\box86
Package hyperref Info: Link coloring OFF on input line 105.

(/usr/local/texlive/2014/texmf-dist/tex/latex/hyperref/nameref.sty
Package: nameref 2012/10/27 v2.43 Cross-referencing by name of section

(/usr/local/texlive/2014/texmf-dist/tex/generic/oberdiek/gettitlestring.sty
Package: gettitlestring 2010/12/03 v1.4 Cleanup title references (HO)
)
\c@section@level=\count309
)
LaTeX Info: Redefining \ref on input line 105.
LaTeX Info: Redefining \pageref on input line 105.
LaTeX Info: Redefining \nameref on input line 105.

(./slides_2 copy.out) (./slides_2 copy.out)
\@outlinefile=\write6
\openout6 = `"slides_2 copy.out"'.

LaTeX Font Info:    Overwriting symbol font `operators' in version `normal'
(Font)                  OT1/cmr/m/n --> OT1/cmss/m/n on input line 105.
LaTeX Font Info:    Overwriting symbol font `operators' in version `bold'
(Font)                  OT1/cmr/bx/n --> OT1/cmss/bx/n on input line 105.
\symnumbers=\mathgroup11
LaTeX Font Info:    Redeclaring symbol font `pureletters' on input line 105.
LaTeX Font Info:    Overwriting symbol font `pureletters' in version `normal'
(Font)                  OT1/mathkerncmss/m/sl --> OT1/cmss/m/it on input line 1
05.
LaTeX Font Info:    Overwriting symbol font `pureletters' in version `bold'
(Font)                  OT1/mathkerncmss/bx/sl --> OT1/cmss/m/it on input line 
105.
LaTeX Font Info:    Overwriting math alphabet `\mathrm' in version `normal'
(Font)                  OT1/cmss/m/n --> OT1/cmr/m/n on input line 105.
LaTeX Font Info:    Redeclaring math alphabet \mathbf on input line 105.
LaTeX Font Info:    Redeclaring math alphabet \mathsf on input line 105.
LaTeX Font Info:    Overwriting math alphabet `\mathsf' in version `normal'
(Font)                  OT1/cmss/m/n --> OT1/cmss/m/n on input line 105.
LaTeX Font Info:    Overwriting math alphabet `\mathsf' in version `bold'
(Font)                  OT1/cmss/bx/n --> OT1/cmss/m/n on input line 105.
LaTeX Font Info:    Redeclaring math alphabet \mathit on input line 105.
LaTeX Font Info:    Overwriting math alphabet `\mathit' in version `normal'
(Font)                  OT1/cmr/m/it --> OT1/cmss/m/it on input line 105.
LaTeX Font Info:    Overwriting math alphabet `\mathit' in version `bold'
(Font)                  OT1/cmr/bx/it --> OT1/cmss/m/it on input line 105.
LaTeX Font Info:    Redeclaring math alphabet \mathtt on input line 105.
LaTeX Font Info:    Overwriting math alphabet `\mathtt' in version `normal'
(Font)                  OT1/cmtt/m/n --> OT1/cmtt/m/n on input line 105.
LaTeX Font Info:    Overwriting math alphabet `\mathtt' in version `bold'
(Font)                  OT1/cmtt/m/n --> OT1/cmtt/m/n on input line 105.
LaTeX Font Info:    Overwriting symbol font `numbers' in version `bold'
(Font)                  OT1/cmss/m/n --> OT1/cmss/bx/n on input line 105.
LaTeX Font Info:    Overwriting symbol font `pureletters' in version `bold'
(Font)                  OT1/cmss/m/it --> OT1/cmss/bx/it on input line 105.
LaTeX Font Info:    Overwriting math alphabet `\mathrm' in version `bold'
(Font)                  OT1/cmss/bx/n --> OT1/cmr/bx/n on input line 105.
LaTeX Font Info:    Overwriting math alphabet `\mathbf' in version `bold'
(Font)                  OT1/cmss/bx/n --> OT1/cmss/bx/n on input line 105.
LaTeX Font Info:    Overwriting math alphabet `\mathsf' in version `bold'
(Font)                  OT1/cmss/m/n --> OT1/cmss/bx/n on input line 105.
LaTeX Font Info:    Overwriting math alphabet `\mathit' in version `bold'
(Font)                  OT1/cmss/m/it --> OT1/cmss/bx/it on input line 105.
LaTeX Font Info:    Overwriting math alphabet `\mathtt' in version `bold'
(Font)                  OT1/cmtt/m/n --> OT1/cmtt/bx/n on input line 105.
LaTeX Font Info:    Redeclaring symbol font `pureletters' on input line 105.
LaTeX Font Info:    Overwriting symbol font `pureletters' in version `normal'
(Font)                  OT1/cmss/m/it --> OT1/mathkerncmss/m/sl on input line 1
05.
LaTeX Font Info:    Overwriting symbol font `pureletters' in version `bold'
(Font)                  OT1/cmss/bx/it --> OT1/mathkerncmss/m/sl on input line 
105.
LaTeX Font Info:    Overwriting symbol font `pureletters' in version `bold'
(Font)                  OT1/mathkerncmss/m/sl --> OT1/mathkerncmss/bx/sl on inp
ut line 105.

(/usr/local/texlive/2014/texmf-dist/tex/latex/beamer/translator/dicts/translato
r-basic-dictionary/translator-basic-dictionary-English.dict
Dictionary: translator-basic-dictionary, Language: English 
)
(/usr/local/texlive/2014/texmf-dist/tex/latex/beamer/translator/dicts/translato
r-bibliography-dictionary/translator-bibliography-dictionary-English.dict
Dictionary: translator-bibliography-dictionary, Language: English 
)
(/usr/local/texlive/2014/texmf-dist/tex/latex/beamer/translator/dicts/translato
r-environment-dictionary/translator-environment-dictionary-English.dict
Dictionary: translator-environment-dictionary, Language: English 
)
(/usr/local/texlive/2014/texmf-dist/tex/latex/beamer/translator/dicts/translato
r-months-dictionary/translator-months-dictionary-English.dict
Dictionary: translator-months-dictionary, Language: English 
)
(/usr/local/texlive/2014/texmf-dist/tex/latex/beamer/translator/dicts/translato
r-numbers-dictionary/translator-numbers-dictionary-English.dict
Dictionary: translator-numbers-dictionary, Language: English 
)
(/usr/local/texlive/2014/texmf-dist/tex/latex/beamer/translator/dicts/translato
r-theorem-dictionary/translator-theorem-dictionary-English.dict
Dictionary: translator-theorem-dictionary, Language: English 
)
(/usr/local/texlive/2014/texmf-dist/tex/latex/glossaries/dict/glossaries-dictio
nary-English.dict
Dictionary: glossaries-dictionary, Language: English 
)
LaTeX Info: Redefining \includegraphics on input line 105.
 (./slides_2 copy.nav)
<./figs/lml_LOGO_whiteBG.png, id=45, 142.3719pt x 48.6618pt>
File: ./figs/lml_LOGO_whiteBG.png Graphic file (type png)

<use ./figs/lml_LOGO_whiteBG.png>
Package pdftex.def Info: ./figs/lml_LOGO_whiteBG.png used on input line 109.
(pdftex.def)             Requested size: 113.81102pt x 38.90051pt.


LaTeX Font Warning: Font shape `OT1/cmss/m/n' in size <4> not available
(Font)              size <5> substituted on input line 109.

<./figs/lml_square.jpg, id=48, 213.79875pt x 317.185pt>
File: ./figs/lml_square.jpg Graphic file (type jpg)

<use ./figs/lml_square.jpg>
Package pdftex.def Info: ./figs/lml_square.jpg used on input line 109.
(pdftex.def)             Requested size: 28.45274pt x 42.2083pt.
 [1{/usr/local/texlive/2014/texmf-var/fonts/map/pdftex/updmap/pdftex.map}

 <./figs/lml_square.jpg> <./figs/lml_LOGO_whiteBG.png>]
(./slides_2 copy.toc)
File: ./figs/lml_square.jpg Graphic file (type jpg)
 <use ./figs/lml_square.jpg>
Package pdftex.def Info: ./figs/lml_square.jpg used on input line 114.
(pdftex.def)             Requested size: 28.45274pt x 42.2083pt.
 [2

]
Excluding 'comment' comment. (./slides_2 copy.toc)
File: ./figs/lml_square.jpg Graphic file (type jpg)
 <use ./figs/lml_square.jpg>
Package pdftex.def Info: ./figs/lml_square.jpg used on input line 119.
(pdftex.def)             Requested size: 28.45274pt x 42.2083pt.

[3

]
File: ./figs/lml_square.jpg Graphic file (type jpg)
 <use ./figs/lml_square.jpg>
Package pdftex.def Info: ./figs/lml_square.jpg used on input line 127.
(pdftex.def)             Requested size: 28.45274pt x 42.2083pt.
 [4

]
LaTeX Font Info:    Try loading font information for OMS+cmss on input line 137
.
LaTeX Font Info:    No file OMScmss.fd. on input line 137.


LaTeX Font Warning: Font shape `OMS/cmss/m/n' undefined
(Font)              using `OMS/cmsy/m/n' instead
(Font)              for symbol `textbullet' on input line 137.

File: ./figs/lml_square.jpg Graphic file (type jpg)
<use ./figs/lml_square.jpg>
Package pdftex.def Info: ./figs/lml_square.jpg used on input line 137.
(pdftex.def)             Requested size: 28.45274pt x 42.2083pt.
 [5

]
File: ./figs/lml_square.jpg Graphic file (type jpg)
 <use ./figs/lml_square.jpg>
Package pdftex.def Info: ./figs/lml_square.jpg used on input line 150.
(pdftex.def)             Requested size: 28.45274pt x 42.2083pt.
 [6

]
(./slides_2 copy.toc)
File: ./figs/lml_square.jpg Graphic file (type jpg)
 <use ./figs/lml_square.jpg>
Package pdftex.def Info: ./figs/lml_square.jpg used on input line 153.
(pdftex.def)             Requested size: 28.45274pt x 42.2083pt.
 [7

]
File: ./figs/lml_square.jpg Graphic file (type jpg)

<use ./figs/lml_square.jpg>
Package pdftex.def Info: ./figs/lml_square.jpg used on input line 166.
(pdftex.def)             Requested size: 28.45274pt x 42.2083pt.
 [8

]
Package mdframed Info: mdframed detected package amsthm 
 changed the theorem header of amsthm
(mdframed)              on input line 183.
LaTeX Font Info:    Try loading font information for U+msa on input line 183.

(/usr/local/texlive/2014/texmf-dist/tex/latex/amsfonts/umsa.fd
File: umsa.fd 2013/01/14 v3.01 AMS symbols A
)
LaTeX Font Info:    Try loading font information for U+msb on input line 183.

(/usr/local/texlive/2014/texmf-dist/tex/latex/amsfonts/umsb.fd
File: umsb.fd 2013/01/14 v3.01 AMS symbols B
)
LaTeX Font Info:    Try loading font information for OT1+mathkerncmss on input 
line 183.

(/usr/local/texlive/2014/texmf-dist/tex/latex/sansmathaccent/ot1mathkerncmss.fd
File: ot1mathkerncmss.fd 2013/03/27 Fontinst v1.933 font definitions for OT1/ma
thkerncmss.
)
Underfull \hbox (badness 10000) in paragraph at lines 183--183

 []


Underfull \hbox (badness 10000) in paragraph at lines 183--183

 []


Underfull \hbox (badness 10000) in paragraph at lines 183--183

 []


Underfull \hbox (badness 10000) in paragraph at lines 183--183

 []

Package mdframed Info: mdframed detected package amsthm 
 changed the theorem header of amsthm
(mdframed)              on input line 183.

LaTeX Font Warning: Font shape `OT1/cmss/m/sc' in size <10.95> not available
(Font)              Font shape `OT1/cmr/m/sc' tried instead on input line 183.

File: ./figs/lml_square.jpg Graphic file (type jpg)
<use ./figs/lml_square.jpg>
Package pdftex.def Info: ./figs/lml_square.jpg used on input line 183.
(pdftex.def)             Requested size: 28.45274pt x 42.2083pt.
 [9

]
File: ./figs/lml_square.jpg Graphic file (type jpg)
 <use ./figs/lml_square.jpg>
Package pdftex.def Info: ./figs/lml_square.jpg used on input line 195.
(pdftex.def)             Requested size: 28.45274pt x 42.2083pt.
 [10

]
File: ./figs/lml_square.jpg Graphic file (type jpg)

<use ./figs/lml_square.jpg>
Package pdftex.def Info: ./figs/lml_square.jpg used on input line 207.
(pdftex.def)             Requested size: 28.45274pt x 42.2083pt.
 [11

]
File: ./figs/lml_square.jpg Graphic file (type jpg)
 <use ./figs/lml_square.jpg>
Package pdftex.def Info: ./figs/lml_square.jpg used on input line 227.
(pdftex.def)             Requested size: 28.45274pt x 42.2083pt.
 [12

]
<./figs/longchamp.jpg, id=560, 1203.7472pt x 676.77844pt>
File: ./figs/longchamp.jpg Graphic file (type jpg)

<use ./figs/longchamp.jpg>
Package pdftex.def Info: ./figs/longchamp.jpg used on input line 227.
(pdftex.def)             Requested size: 290.74263pt x 163.46281pt.
File: ./figs/lml_square.jpg Graphic file (type jpg)
 <use ./figs/lml_square.jpg>
Package pdftex.def Info: ./figs/lml_square.jpg used on input line 227.
(pdftex.def)             Requested size: 28.45274pt x 42.2083pt.
 [13

 <./figs/longchamp.jpg>]
File: ./figs/lml_square.jpg Graphic file (type jpg)
 <use ./figs/lml_square.jpg>
Package pdftex.def Info: ./figs/lml_square.jpg used on input line 236.
(pdftex.def)             Requested size: 28.45274pt x 42.2083pt.
 [14

]
File: ./figs/lml_square.jpg Graphic file (type jpg)
 <use ./figs/lml_square.jpg>
Package pdftex.def Info: ./figs/lml_square.jpg used on input line 245.
(pdftex.def)             Requested size: 28.45274pt x 42.2083pt.
 [15

]
Package mdframed Info: mdframed detected package amsthm 
 changed the theorem header of amsthm
(mdframed)              on input line 256.
Package mdframed Info: mdframed detected package amsthm 
 changed the theorem header of amsthm
(mdframed)              on input line 256.
File: ./figs/lml_square.jpg Graphic file (type jpg)

<use ./figs/lml_square.jpg>
Package pdftex.def Info: ./figs/lml_square.jpg used on input line 256.
(pdftex.def)             Requested size: 28.45274pt x 42.2083pt.
 [16

] (./slides_2 copy.toc)
File: ./figs/lml_square.jpg Graphic file (type jpg)

<use ./figs/lml_square.jpg>
Package pdftex.def Info: ./figs/lml_square.jpg used on input line 259.
(pdftex.def)             Requested size: 28.45274pt x 42.2083pt.
 [17

]
File: ./figs/lml_square.jpg Graphic file (type jpg)
 <use ./figs/lml_square.jpg>
Package pdftex.def Info: ./figs/lml_square.jpg used on input line 268.
(pdftex.def)             Requested size: 28.45274pt x 42.2083pt.
 [18

]
File: ./figs/lml_square.jpg Graphic file (type jpg)

<use ./figs/lml_square.jpg>
Package pdftex.def Info: ./figs/lml_square.jpg used on input line 277.
(pdftex.def)             Requested size: 28.45274pt x 42.2083pt.
 [19

]
Package mdframed Info: mdframed detected package amsthm 
 changed the theorem header of amsthm
(mdframed)              on input line 294.
Package mdframed Info: mdframed detected package amsthm 
 changed the theorem header of amsthm
(mdframed)              on input line 294.
File: ./figs/lml_square.jpg Graphic file (type jpg)
 <use ./figs/lml_square.jpg>
Package pdftex.def Info: ./figs/lml_square.jpg used on input line 294.
(pdftex.def)             Requested size: 28.45274pt x 42.2083pt.
 [20

]
File: ./figs/lml_square.jpg Graphic file (type jpg)

<use ./figs/lml_square.jpg>
Package pdftex.def Info: ./figs/lml_square.jpg used on input line 306.
(pdftex.def)             Requested size: 28.45274pt x 42.2083pt.
 [21

]
File: ./figs/lml_square.jpg Graphic file (type jpg)
 <use ./figs/lml_square.jpg>
Package pdftex.def Info: ./figs/lml_square.jpg used on input line 320.
(pdftex.def)             Requested size: 28.45274pt x 42.2083pt.
 [22

]
File: ./figs/lml_square.jpg Graphic file (type jpg)

<use ./figs/lml_square.jpg>
Package pdftex.def Info: ./figs/lml_square.jpg used on input line 343.
(pdftex.def)             Requested size: 28.45274pt x 42.2083pt.
 [23

]
Package mdframed Info: mdframed detected package amsthm 
 changed the theorem header of amsthm
(mdframed)              on input line 343.
Package mdframed Info: mdframed detected package amsthm 
 changed the theorem header of amsthm
(mdframed)              on input line 343.
File: ./figs/lml_square.jpg Graphic file (type jpg)
 <use ./figs/lml_square.jpg>
Package pdftex.def Info: ./figs/lml_square.jpg used on input line 343.
(pdftex.def)             Requested size: 28.45274pt x 42.2083pt.
 [24

]
File: ./figs/lml_square.jpg Graphic file (type jpg)

<use ./figs/lml_square.jpg>
Package pdftex.def Info: ./figs/lml_square.jpg used on input line 358.
(pdftex.def)             Requested size: 28.45274pt x 42.2083pt.
 [25

]
File: ./figs/lml_square.jpg Graphic file (type jpg)
 <use ./figs/lml_square.jpg>
Package pdftex.def Info: ./figs/lml_square.jpg used on input line 374.
(pdftex.def)             Requested size: 28.45274pt x 42.2083pt.
 [26

]
File: ./figs/lml_square.jpg Graphic file (type jpg)

<use ./figs/lml_square.jpg>
Package pdftex.def Info: ./figs/lml_square.jpg used on input line 382.
(pdftex.def)             Requested size: 28.45274pt x 42.2083pt.
 [27

] (./slides_2 copy.toc)
File: ./figs/lml_square.jpg Graphic file (type jpg)

<use ./figs/lml_square.jpg>
Package pdftex.def Info: ./figs/lml_square.jpg used on input line 385.
(pdftex.def)             Requested size: 28.45274pt x 42.2083pt.
 [28

]
File: ./figs/lml_square.jpg Graphic file (type jpg)
 <use ./figs/lml_square.jpg>
Package pdftex.def Info: ./figs/lml_square.jpg used on input line 393.
(pdftex.def)             Requested size: 28.45274pt x 42.2083pt.
 [29

]
File: ./figs/lml_square.jpg Graphic file (type jpg)

<use ./figs/lml_square.jpg>
Package pdftex.def Info: ./figs/lml_square.jpg used on input line 405.
(pdftex.def)             Requested size: 28.45274pt x 42.2083pt.
 [30

]
File: ./figs/lml_square.jpg Graphic file (type jpg)
 <use ./figs/lml_square.jpg>
Package pdftex.def Info: ./figs/lml_square.jpg used on input line 416.
(pdftex.def)             Requested size: 28.45274pt x 42.2083pt.
 [31

]
File: ./figs/lml_square.jpg Graphic file (type jpg)

<use ./figs/lml_square.jpg>
Package pdftex.def Info: ./figs/lml_square.jpg used on input line 433.
(pdftex.def)             Requested size: 28.45274pt x 42.2083pt.
 [32

]
Package mdframed Info: mdframed detected package amsthm 
 changed the theorem header of amsthm
(mdframed)              on input line 446.
Package mdframed Info: mdframed detected package amsthm 
 changed the theorem header of amsthm
(mdframed)              on input line 446.
File: ./figs/lml_square.jpg Graphic file (type jpg)
 <use ./figs/lml_square.jpg>
Package pdftex.def Info: ./figs/lml_square.jpg used on input line 446.
(pdftex.def)             Requested size: 28.45274pt x 42.2083pt.
 [33

]
File: ./figs/lml_square.jpg Graphic file (type jpg)

<use ./figs/lml_square.jpg>
Package pdftex.def Info: ./figs/lml_square.jpg used on input line 461.
(pdftex.def)             Requested size: 28.45274pt x 42.2083pt.
 [34

]
File: ./figs/lml_square.jpg Graphic file (type jpg)
 <use ./figs/lml_square.jpg>
Package pdftex.def Info: ./figs/lml_square.jpg used on input line 476.
(pdftex.def)             Requested size: 28.45274pt x 42.2083pt.
 [35

]
File: ./figs/lml_square.jpg Graphic file (type jpg)

<use ./figs/lml_square.jpg>
Package pdftex.def Info: ./figs/lml_square.jpg used on input line 494.
(pdftex.def)             Requested size: 28.45274pt x 42.2083pt.
 [36

]
<./figs/dec_dist.pdf, id=1693, 421.575pt x 316.18124pt>
File: ./figs/dec_dist.pdf Graphic file (type pdf)

<use ./figs/dec_dist.pdf>
Package pdftex.def Info: ./figs/dec_dist.pdf used on input line 494.
(pdftex.def)             Requested size: 261.66658pt x 196.25226pt.
File: ./figs/lml_square.jpg Graphic file (type jpg)
 <use ./figs/lml_square.jpg>
Package pdftex.def Info: ./figs/lml_square.jpg used on input line 494.
(pdftex.def)             Requested size: 28.45274pt x 42.2083pt.
 [37

 <./figs/dec_dist.pdf>] (./slides_2 copy.toc)
File: ./figs/lml_square.jpg Graphic file (type jpg)
 <use ./figs/lml_square.jpg>
Package pdftex.def Info: ./figs/lml_square.jpg used on input line 497.
(pdftex.def)             Requested size: 28.45274pt x 42.2083pt.
 [38

]
File: ./figs/lml_square.jpg Graphic file (type jpg)

<use ./figs/lml_square.jpg>
Package pdftex.def Info: ./figs/lml_square.jpg used on input line 506.
(pdftex.def)             Requested size: 28.45274pt x 42.2083pt.
 [39

]
File: ./figs/lml_square.jpg Graphic file (type jpg)
 <use ./figs/lml_square.jpg>
Package pdftex.def Info: ./figs/lml_square.jpg used on input line 514.
(pdftex.def)             Requested size: 28.45274pt x 42.2083pt.
 [40

]
File: ./figs/lml_square.jpg Graphic file (type jpg)

<use ./figs/lml_square.jpg>
Package pdftex.def Info: ./figs/lml_square.jpg used on input line 522.
(pdftex.def)             Requested size: 28.45274pt x 42.2083pt.
 [41

]
File: ./figs/lml_square.jpg Graphic file (type jpg)
 <use ./figs/lml_square.jpg>
Package pdftex.def Info: ./figs/lml_square.jpg used on input line 548.
(pdftex.def)             Requested size: 28.45274pt x 42.2083pt.
 [42

]
Package mdframed Info: mdframed detected package amsthm 
 changed the theorem header of amsthm
(mdframed)              on input line 548.
Package mdframed Info: mdframed detected package amsthm 
 changed the theorem header of amsthm
(mdframed)              on input line 548.
File: ./figs/lml_square.jpg Graphic file (type jpg)

<use ./figs/lml_square.jpg>
Package pdftex.def Info: ./figs/lml_square.jpg used on input line 548.
(pdftex.def)             Requested size: 28.45274pt x 42.2083pt.
 [43

]
File: ./figs/lml_square.jpg Graphic file (type jpg)
 <use ./figs/lml_square.jpg>
Package pdftex.def Info: ./figs/lml_square.jpg used on input line 556.
(pdftex.def)             Requested size: 28.45274pt x 42.2083pt.
 [44

]
File: ./figs/lml_square.jpg Graphic file (type jpg)

<use ./figs/lml_square.jpg>
Package pdftex.def Info: ./figs/lml_square.jpg used on input line 572.
(pdftex.def)             Requested size: 28.45274pt x 42.2083pt.
 [45

]
File: ./figs/lml_square.jpg Graphic file (type jpg)
 <use ./figs/lml_square.jpg>
Package pdftex.def Info: ./figs/lml_square.jpg used on input line 599.
(pdftex.def)             Requested size: 28.45274pt x 42.2083pt.
 [46

]
File: ./figs/lml_square.jpg Graphic file (type jpg)

<use ./figs/lml_square.jpg>
Package pdftex.def Info: ./figs/lml_square.jpg used on input line 599.
(pdftex.def)             Requested size: 28.45274pt x 42.2083pt.
 [47

]
File: ./figs/lml_square.jpg Graphic file (type jpg)
 <use ./figs/lml_square.jpg>
Package pdftex.def Info: ./figs/lml_square.jpg used on input line 608.
(pdftex.def)             Requested size: 28.45274pt x 42.2083pt.
 [48

]
File: ./figs/lml_square.jpg Graphic file (type jpg)

<use ./figs/lml_square.jpg>
Package pdftex.def Info: ./figs/lml_square.jpg used on input line 644.
(pdftex.def)             Requested size: 28.45274pt x 42.2083pt.
 [49

]
File: ./figs/lml_square.jpg Graphic file (type jpg)
 <use ./figs/lml_square.jpg>
Package pdftex.def Info: ./figs/lml_square.jpg used on input line 644.
(pdftex.def)             Requested size: 28.45274pt x 42.2083pt.
 [50

]
File: ./figs/lml_square.jpg Graphic file (type jpg)

<use ./figs/lml_square.jpg>
Package pdftex.def Info: ./figs/lml_square.jpg used on input line 644.
(pdftex.def)             Requested size: 28.45274pt x 42.2083pt.
 [51

]
File: ./figs/lml_square.jpg Graphic file (type jpg)
 <use ./figs/lml_square.jpg>
Package pdftex.def Info: ./figs/lml_square.jpg used on input line 656.
(pdftex.def)             Requested size: 28.45274pt x 42.2083pt.
 [52

]
File: ./figs/lml_square.jpg Graphic file (type jpg)

<use ./figs/lml_square.jpg>
Package pdftex.def Info: ./figs/lml_square.jpg used on input line 684.
(pdftex.def)             Requested size: 28.45274pt x 42.2083pt.
 [53

]
File: ./figs/lml_square.jpg Graphic file (type jpg)
 <use ./figs/lml_square.jpg>
Package pdftex.def Info: ./figs/lml_square.jpg used on input line 684.
(pdftex.def)             Requested size: 28.45274pt x 42.2083pt.
 [54

]
(./slides_2 copy.toc)
File: ./figs/lml_square.jpg Graphic file (type jpg)
 <use ./figs/lml_square.jpg>
Package pdftex.def Info: ./figs/lml_square.jpg used on input line 687.
(pdftex.def)             Requested size: 28.45274pt x 42.2083pt.
 [55

]
File: ./figs/lml_square.jpg Graphic file (type jpg)

<use ./figs/lml_square.jpg>
Package pdftex.def Info: ./figs/lml_square.jpg used on input line 701.
(pdftex.def)             Requested size: 28.45274pt x 42.2083pt.
 [56

]
File: ./figs/lml_square.jpg Graphic file (type jpg)
 <use ./figs/lml_square.jpg>
Package pdftex.def Info: ./figs/lml_square.jpg used on input line 709.
(pdftex.def)             Requested size: 28.45274pt x 42.2083pt.
 [57

]
File: ./figs/lml_square.jpg Graphic file (type jpg)

<use ./figs/lml_square.jpg>
Package pdftex.def Info: ./figs/lml_square.jpg used on input line 725.
(pdftex.def)             Requested size: 28.45274pt x 42.2083pt.
 [58

]
File: ./figs/lml_square.jpg Graphic file (type jpg)
 <use ./figs/lml_square.jpg>
Package pdftex.def Info: ./figs/lml_square.jpg used on input line 739.
(pdftex.def)             Requested size: 28.45274pt x 42.2083pt.
 [59

]
Package mdframed Info: mdframed detected package amsthm 
 changed the theorem header of amsthm
(mdframed)              on input line 754.
Package mdframed Info: mdframed detected package amsthm 
 changed the theorem header of amsthm
(mdframed)              on input line 754.
File: ./figs/lml_square.jpg Graphic file (type jpg)

<use ./figs/lml_square.jpg>
Package pdftex.def Info: ./figs/lml_square.jpg used on input line 754.
(pdftex.def)             Requested size: 28.45274pt x 42.2083pt.
 [60

]
File: ./figs/lml_square.jpg Graphic file (type jpg)
 <use ./figs/lml_square.jpg>
Package pdftex.def Info: ./figs/lml_square.jpg used on input line 766.
(pdftex.def)             Requested size: 28.45274pt x 42.2083pt.
 [61

]
File: ./figs/lml_square.jpg Graphic file (type jpg)

<use ./figs/lml_square.jpg>
Package pdftex.def Info: ./figs/lml_square.jpg used on input line 776.
(pdftex.def)             Requested size: 28.45274pt x 42.2083pt.
 [62

]
File: ./figs/lml_square.jpg Graphic file (type jpg)
 <use ./figs/lml_square.jpg>
Package pdftex.def Info: ./figs/lml_square.jpg used on input line 784.
(pdftex.def)             Requested size: 28.45274pt x 42.2083pt.
 [63

]
(./slides_2 copy.toc)
File: ./figs/lml_square.jpg Graphic file (type jpg)
 <use ./figs/lml_square.jpg>
Package pdftex.def Info: ./figs/lml_square.jpg used on input line 788.
(pdftex.def)             Requested size: 28.45274pt x 42.2083pt.
 [64

]
File: ./figs/lml_square.jpg Graphic file (type jpg)

<use ./figs/lml_square.jpg>
Package pdftex.def Info: ./figs/lml_square.jpg used on input line 797.
(pdftex.def)             Requested size: 28.45274pt x 42.2083pt.
 [65

]
File: ./figs/lml_square.jpg Graphic file (type jpg)
 <use ./figs/lml_square.jpg>
Package pdftex.def Info: ./figs/lml_square.jpg used on input line 806.
(pdftex.def)             Requested size: 28.45274pt x 42.2083pt.
 [66

]
File: ./figs/lml_square.jpg Graphic file (type jpg)

<use ./figs/lml_square.jpg>
Package pdftex.def Info: ./figs/lml_square.jpg used on input line 833.
(pdftex.def)             Requested size: 28.45274pt x 42.2083pt.
 [67

]
File: ./figs/lml_square.jpg Graphic file (type jpg)
 <use ./figs/lml_square.jpg>
Package pdftex.def Info: ./figs/lml_square.jpg used on input line 833.
(pdftex.def)             Requested size: 28.45274pt x 42.2083pt.
 [68

]
<./figs/lottery_add_traj.pdf, id=3147, 421.575pt x 316.18124pt>
File: ./figs/lottery_add_traj.pdf Graphic file (type pdf)

<use ./figs/lottery_add_traj.pdf>
Package pdftex.def Info: ./figs/lottery_add_traj.pdf used on input line 840.
(pdftex.def)             Requested size: 261.66658pt x 196.25226pt.
File: ./figs/lml_square.jpg Graphic file (type jpg)
 <use ./figs/lml_square.jpg>
Package pdftex.def Info: ./figs/lml_square.jpg used on input line 840.
(pdftex.def)             Requested size: 28.45274pt x 42.2083pt.
 [69

 <./figs/lottery_add_traj.pdf>]
File: ./figs/lml_square.jpg Graphic file (type jpg)
 <use ./figs/lml_square.jpg>
Package pdftex.def Info: ./figs/lml_square.jpg used on input line 863.
(pdftex.def)             Requested size: 28.45274pt x 42.2083pt.
 [70

]
File: ./figs/lml_square.jpg Graphic file (type jpg)
 <use ./figs/lml_square.jpg>
Package pdftex.def Info: ./figs/lml_square.jpg used on input line 863.
(pdftex.def)             Requested size: 28.45274pt x 42.2083pt.

[71

]
File: ./figs/lml_square.jpg Graphic file (type jpg)
 <use ./figs/lml_square.jpg>
Package pdftex.def Info: ./figs/lml_square.jpg used on input line 887.
(pdftex.def)             Requested size: 28.45274pt x 42.2083pt.
 [72

]
<./figs/gbar_zero.png, id=3367, 559.33969pt x 421.575pt>
File: ./figs/gbar_zero.png Graphic file (type png)

<use ./figs/gbar_zero.png>
Package pdftex.def Info: ./figs/gbar_zero.png used on input line 887.
(pdftex.def)             Requested size: 261.66658pt x 197.22682pt.
File: ./figs/lml_square.jpg Graphic file (type jpg)
 <use ./figs/lml_square.jpg>
Package pdftex.def Info: ./figs/lml_square.jpg used on input line 887.
(pdftex.def)             Requested size: 28.45274pt x 42.2083pt.
 [73

 <./figs/gbar_zero.png>]
File: ./figs/lml_square.jpg Graphic file (type jpg)
 <use ./figs/lml_square.jpg>
Package pdftex.def Info: ./figs/lml_square.jpg used on input line 887.
(pdftex.def)             Requested size: 28.45274pt x 42.2083pt.
 [74

]
File: ./figs/lml_square.jpg Graphic file (type jpg)
 <use ./figs/lml_square.jpg>
Package pdftex.def Info: ./figs/lml_square.jpg used on input line 915.
(pdftex.def)             Requested size: 28.45274pt x 42.2083pt.
 [75

]
File: ./figs/lml_square.jpg Graphic file (type jpg)

<use ./figs/lml_square.jpg>
Package pdftex.def Info: ./figs/lml_square.jpg used on input line 915.
(pdftex.def)             Requested size: 28.45274pt x 42.2083pt.
 [76

]
File: ./figs/lml_square.jpg Graphic file (type jpg)
 <use ./figs/lml_square.jpg>
Package pdftex.def Info: ./figs/lml_square.jpg used on input line 915.
(pdftex.def)             Requested size: 28.45274pt x 42.2083pt.
 [77

]
<./figs/lottery_mult_traj.pdf, id=3573, 421.575pt x 316.18124pt>
File: ./figs/lottery_mult_traj.pdf Graphic file (type pdf)

<use ./figs/lottery_mult_traj.pdf>
Package pdftex.def Info: ./figs/lottery_mult_traj.pdf used on input line 922.
(pdftex.def)             Requested size: 261.66658pt x 196.25226pt.
File: ./figs/lml_square.jpg Graphic file (type jpg)
 <use ./figs/lml_square.jpg>
Package pdftex.def Info: ./figs/lml_square.jpg used on input line 922.
(pdftex.def)             Requested size: 28.45274pt x 42.2083pt.
 [78

 <./figs/lottery_mult_traj.pdf>]
File: ./figs/lml_square.jpg Graphic file (type jpg)
 <use ./figs/lml_square.jpg>
Package pdftex.def Info: ./figs/lml_square.jpg used on input line 937.
(pdftex.def)             Requested size: 28.45274pt x 42.2083pt.
 [79

] (./slides_2 copy.toc)
File: ./figs/lml_square.jpg Graphic file (type jpg)

<use ./figs/lml_square.jpg>
Package pdftex.def Info: ./figs/lml_square.jpg used on input line 940.
(pdftex.def)             Requested size: 28.45274pt x 42.2083pt.
 [80

]
File: ./figs/lml_square.jpg Graphic file (type jpg)
 <use ./figs/lml_square.jpg>
Package pdftex.def Info: ./figs/lml_square.jpg used on input line 954.
(pdftex.def)             Requested size: 28.45274pt x 42.2083pt.
 [81

]
File: ./figs/lml_square.jpg Graphic file (type jpg)

<use ./figs/lml_square.jpg>
Package pdftex.def Info: ./figs/lml_square.jpg used on input line 963.
(pdftex.def)             Requested size: 28.45274pt x 42.2083pt.
 [82

]
File: ./figs/lml_square.jpg Graphic file (type jpg)
 <use ./figs/lml_square.jpg>
Package pdftex.def Info: ./figs/lml_square.jpg used on input line 978.
(pdftex.def)             Requested size: 28.45274pt x 42.2083pt.
 [83

]
Package mdframed Info: mdframed detected package amsthm 
 changed the theorem header of amsthm
(mdframed)              on input line 995.
Package mdframed Info: mdframed detected package amsthm 
 changed the theorem header of amsthm
(mdframed)              on input line 995.
File: ./figs/lml_square.jpg Graphic file (type jpg)

<use ./figs/lml_square.jpg>
Package pdftex.def Info: ./figs/lml_square.jpg used on input line 995.
(pdftex.def)             Requested size: 28.45274pt x 42.2083pt.
 [84

]
Package mdframed Info: mdframed detected package amsthm 
 changed the theorem header of amsthm
(mdframed)              on input line 1013.

Underfull \hbox (badness 10000) in paragraph at lines 1013--1013

 []

Package mdframed Info: mdframed detected package amsthm 
 changed the theorem header of amsthm
(mdframed)              on input line 1013.
File: ./figs/lml_square.jpg Graphic file (type jpg)
<use ./figs/lml_square.jpg>
Package pdftex.def Info: ./figs/lml_square.jpg used on input line 1013.
(pdftex.def)             Requested size: 28.45274pt x 42.2083pt.
 [85

]
Package mdframed Info: mdframed detected package amsthm 
 changed the theorem header of amsthm
(mdframed)              on input line 1027.
Package mdframed Info: mdframed detected package amsthm 
 changed the theorem header of amsthm
(mdframed)              on input line 1027.
File: ./figs/lml_square.jpg Graphic file (type jpg)
 <use ./figs/lml_square.jpg>
Package pdftex.def Info: ./figs/lml_square.jpg used on input line 1027.
(pdftex.def)             Requested size: 28.45274pt x 42.2083pt.
 [86

]
File: ./figs/lml_square.jpg Graphic file (type jpg)

<use ./figs/lml_square.jpg>
Package pdftex.def Info: ./figs/lml_square.jpg used on input line 1062.
(pdftex.def)             Requested size: 28.45274pt x 42.2083pt.
 [87

]
File: ./figs/lml_square.jpg Graphic file (type jpg)
 <use ./figs/lml_square.jpg>
Package pdftex.def Info: ./figs/lml_square.jpg used on input line 1062.
(pdftex.def)             Requested size: 28.45274pt x 42.2083pt.
 [88

]
File: ./figs/lml_square.jpg Graphic file (type jpg)

<use ./figs/lml_square.jpg>
Package pdftex.def Info: ./figs/lml_square.jpg used on input line 1074.
(pdftex.def)             Requested size: 28.45274pt x 42.2083pt.
 [89

]
<./figs/ins_lin_cropped.pdf, id=4087, 516.93124pt x 399.4925pt>
File: ./figs/ins_lin_cropped.pdf Graphic file (type pdf)

<use ./figs/ins_lin_cropped.pdf>
Package pdftex.def Info: ./figs/ins_lin_cropped.pdf used on input line 1080.
(pdftex.def)             Requested size: 261.66658pt x 202.22673pt.
File: ./figs/lml_square.jpg Graphic file (type jpg)
 <use ./figs/lml_square.jpg>
Package pdftex.def Info: ./figs/lml_square.jpg used on input line 1080.
(pdftex.def)             Requested size: 28.45274pt x 42.2083pt.
 [90

 <./figs/ins_lin_cropped.pdf>]
File: ./figs/lml_square.jpg Graphic file (type jpg)
 <use ./figs/lml_square.jpg>
Package pdftex.def Info: ./figs/lml_square.jpg used on input line 1093.
(pdftex.def)             Requested size: 28.45274pt x 42.2083pt.
 [91

]
File: ./figs/lml_square.jpg Graphic file (type jpg)
 <use ./figs/lml_square.jpg>
Package pdftex.def Info: ./figs/lml_square.jpg used on input line 1141.
(pdftex.def)             Requested size: 28.45274pt x 42.2083pt.

[92

]
File: ./figs/lml_square.jpg Graphic file (type jpg)
 <use ./figs/lml_square.jpg>
Package pdftex.def Info: ./figs/lml_square.jpg used on input line 1141.
(pdftex.def)             Requested size: 28.45274pt x 42.2083pt.
 [93

]
File: ./figs/lml_square.jpg Graphic file (type jpg)
 <use ./figs/lml_square.jpg>
Package pdftex.def Info: ./figs/lml_square.jpg used on input line 1141.
(pdftex.def)             Requested size: 28.45274pt x 42.2083pt.
 [94

]
File: ./figs/lml_square.jpg Graphic file (type jpg)

<use ./figs/lml_square.jpg>
Package pdftex.def Info: ./figs/lml_square.jpg used on input line 1141.
(pdftex.def)             Requested size: 28.45274pt x 42.2083pt.
 [95

]
<./figs/ins_log_cropped.pdf, id=4342, 505.89pt x 402.50375pt>
File: ./figs/ins_log_cropped.pdf Graphic file (type pdf)

<use ./figs/ins_log_cropped.pdf>
Package pdftex.def Info: ./figs/ins_log_cropped.pdf used on input line 1147.
(pdftex.def)             Requested size: 261.66658pt x 208.1915pt.
File: ./figs/lml_square.jpg Graphic file (type jpg)
 <use ./figs/lml_square.jpg>
Package pdftex.def Info: ./figs/lml_square.jpg used on input line 1147.
(pdftex.def)             Requested size: 28.45274pt x 42.2083pt.
 [96

 <./figs/ins_log_cropped.pdf>]
Package mdframed Info: mdframed detected package amsthm 
 changed the theorem header of amsthm
(mdframed)              on input line 1159.
Package mdframed Info: mdframed detected package amsthm 
 changed the theorem header of amsthm
(mdframed)              on input line 1159.
File: ./figs/lml_square.jpg Graphic file (type jpg)
 <use ./figs/lml_square.jpg>
Package pdftex.def Info: ./figs/lml_square.jpg used on input line 1159.
(pdftex.def)             Requested size: 28.45274pt x 42.2083pt.
 [97

]
\tf@nav=\write7
\openout7 = `"slides_2 copy.nav"'.

\tf@toc=\write8
\openout8 = `"slides_2 copy.toc"'.

\tf@snm=\write9
\openout9 = `"slides_2 copy.snm"'.



Package glossaries Warning: No \printnoidxglossary or \printnoidxglossaries
 found. (Remove \makenoidxglossaries if you don't want any glossaries.)
This document will not have a glossary.

Package atveryend Info: Empty hook `BeforeClearDocument' on input line 1161.
Package atveryend Info: Empty hook `AfterLastShipout' on input line 1161.
(./slides_2 copy.aux)
Package atveryend Info: Executing hook `AtVeryEndDocument' on input line 1161.
Package atveryend Info: Executing hook `AtEndAfterFileList' on input line 1161.

Package rerunfilecheck Info: File `"slides_2 copy".out' has not changed.
(rerunfilecheck)             Checksum: 3DBC999D638D437EB63FDF66ABB426F4;381.


LaTeX Font Warning: Size substitutions with differences
(Font)              up to 1.0pt have occurred.


LaTeX Font Warning: Some font shapes were not available, defaults substituted.

Package atveryend Info: Empty hook `AtVeryVeryEnd' on input line 1161.
 ) 
Here is how much of TeX's memory you used:
 33737 strings out of 493117
 637996 string characters out of 6135433
 781759 words of memory out of 5000000
 36289 multiletter control sequences out of 15000+600000
 19261 words of font info for 62 fonts, out of 8000000 for 9000
 1141 hyphenation exceptions out of 8191
 68i,16n,76p,10455b,1060s stack positions out of 5000i,500n,10000p,200000b,80000s
pdfTeX warning (dest): name{glo:L} has been referenced but does not exist, re
placed by a fixed one

pdfTeX warning (dest): name{glo:C} has been referenced but does not exist, repl
aced by a fixed one

pdfTeX warning (dest): name{glo:G} has been referenced but does not exist, repl
aced by a fixed one

pdfTeX warning (dest): name{glo:d} has been referenced but does not exist, repl
aced by a fixed one

pdfTeX warning (dest): name{glo:gtm} has been referenced but does not exist, re
placed by a fixed one

pdfTeX warning (dest): name{glo:u} has been referenced but does not exist, repl
aced by a fixed one

pdfTeX warning (dest): name{glo:m} has been referenced but does not exist, repl
aced by a fixed one

pdfTeX warning (dest): name{glo:gt} has been referenced but does not exist, rep
laced by a fixed one

pdfTeX warning (dest): name{glo:gm} has been referenced but does not exist, rep
laced by a fixed one

pdfTeX warning (dest): name{glo:Delta} has been referenced but does not exist, 
replaced by a fixed one

pdfTeX warning (dest): name{glo:Dt} has been referenced but does not exist, rep
laced by a fixed one

pdfTeX warning (dest): name{glo:v} has been referenced but does not exist, repl
aced by a fixed one

pdfTeX warning (dest): name{glo:g} has been referenced but does not exist, repl
aced by a fixed one

pdfTeX warning (dest): name{glo:r} has been referenced but does not exist, repl
aced by a fixed one

pdfTeX warning (dest): name{glo:k} has been referenced but does not exist, repl
aced by a fixed one

pdfTeX warning (dest): name{glo:tau} has been referenced but does not exist, re
placed by a fixed one

pdfTeX warning (dest): name{glo:T} has been referenced but does not exist, repl
aced by a fixed one

pdfTeX warning (dest): name{glo:t0} has been referenced but does not exist, rep
laced by a fixed one

pdfTeX warning (dest): name{glo:delta} has been referenced but does not exist, 
replaced by a fixed one

pdfTeX warning (dest): name{glo:t} has been referenced but does not exist, repl
aced by a fixed one

pdfTeX warning (dest): name{glo:x} has been referenced but does not exist, repl
aced by a fixed one

pdfTeX warning (dest): name{glo:J} has been referenced but does not exist, repl
aced by a fixed one

pdfTeX warning (dest): name{glo:F} has been referenced but does not exist, repl
aced by a fixed one

pdfTeX warning (dest): name{glo:i} has been referenced but does not exist, repl
aced by a fixed one

pdfTeX warning (dest): name{glo:p} has been referenced but does not exist, repl
aced by a fixed one

pdfTeX warning (dest): name{glo:N} has been referenced but does not exist, repl
aced by a fixed one

pdfTeX warning (dest): name{glo:delta_t} has been referenced but does not exist
, replaced by a fixed one

pdfTeX warning (dest): name{glo:D} has been referenced but does not exist, repl
aced by a fixed one

</usr/local/texlive/2014/texmf-dist/fonts/type1/public/amsfonts/cm/cmcsc10.pfb>
</usr/local/texlive/2014/texmf-dist/fonts/type1/public/amsfonts/cm/cmex10.pfb><
/usr/local/texlive/2014/texmf-dist/fonts/type1/public/amsfonts/cm/cmmi10.pfb></
usr/local/texlive/2014/texmf-dist/fonts/type1/public/amsfonts/cm/cmmi8.pfb></us
r/local/texlive/2014/texmf-dist/fonts/type1/public/amsfonts/cm/cmss10.pfb></usr
/local/texlive/2014/texmf-dist/fonts/type1/public/amsfonts/cm/cmss12.pfb></usr/
local/texlive/2014/texmf-dist/fonts/type1/public/amsfonts/cm/cmss8.pfb></usr/lo
cal/texlive/2014/texmf-dist/fonts/type1/public/amsfonts/cm/cmssbx10.pfb></usr/l
ocal/texlive/2014/texmf-dist/fonts/type1/public/amsfonts/cm/cmssi10.pfb></usr/l
ocal/texlive/2014/texmf-dist/fonts/type1/public/amsfonts/cm/cmssi8.pfb></usr/lo
cal/texlive/2014/texmf-dist/fonts/type1/public/amsfonts/cm/cmsy10.pfb></usr/loc
al/texlive/2014/texmf-dist/fonts/type1/public/amsfonts/cm/cmsy8.pfb>
Output written on "slides_2 copy.pdf" (97 pages, 864955 bytes).
PDF statistics:
 4513 PDF objects out of 5155 (max. 8388607)
 4327 compressed objects within 44 object streams
 247 named destinations out of 1000 (max. 500000)
 152 words of extra memory for PDF output out of 10000 (max. 10000000)

