This is pdfTeX, Version 3.14159265-2.6-1.40.16 (MiKTeX 2.9 64-bit) (preloaded format=pdflatex 2015.12.7)  14 DEC 2015 00:54
entering extended mode
**C:/Users/Alex/Desktop/lectures/chapter_4/20151207/slides_4.tex
(C:/Users/Alex/Desktop/lectures/chapter_4/20151207/slides_4.tex
LaTeX2e <2015/10/01> patch level 2
Babel <3.9m> and hyphenation patterns for 69 languages loaded.
(C:\Users\Alex\AppData\Roaming\MiKTeX\2.9\tex\latex\beamer\base\beamer.cls
(C:\Users\Alex\AppData\Roaming\MiKTeX\2.9\tex\latex\beamer\base\beamerbasercs.s
ty
Package: beamerbasercs 2013/12/25 (rcs-revision 31cc758a62ae)
)
Document Class: beamer 2013/12/02 3.33 A class for typesetting presentations (r
cs-revision 332bfd3ce558)

(C:\Users\Alex\AppData\Roaming\MiKTeX\2.9\tex\latex\beamer\base\beamerbasemodes
.sty
Package: beamerbasemodes 2013/09/03 (rcs-revision 768f2d98ca64)
\beamer@tempbox=\box26
\beamer@tempcount=\count79
\c@beamerpauses=\count80

(C:\Users\Alex\AppData\Roaming\MiKTeX\2.9\tex\latex\beamer\base\beamerbasedecod
e.sty
Package: beamerbasedecode 2010/05/01 (rcs-revision efa082c6111d)
\beamer@slideinframe=\count81
\beamer@minimum=\count82
)
\beamer@commentbox=\box27
\beamer@modecount=\count83
) ("C:\Program Files\MiKTeX 2.9\tex\generic\oberdiek\ifpdf.sty"
Package: ifpdf 2011/01/30 v2.3 Provides the ifpdf switch (HO)
Package ifpdf Info: pdfTeX in PDF mode is detected.
)
\headheight=\dimen102
\headdp=\dimen103
\footheight=\dimen104
\sidebarheight=\dimen105
\beamer@tempdim=\dimen106
\beamer@finalheight=\dimen107
\beamer@animht=\dimen108
\beamer@animdp=\dimen109
\beamer@animwd=\dimen110
\beamer@leftmargin=\dimen111
\beamer@rightmargin=\dimen112
\beamer@leftsidebar=\dimen113
\beamer@rightsidebar=\dimen114
\beamer@boxsize=\dimen115
\beamer@vboxoffset=\dimen116
\beamer@descdefault=\dimen117
\beamer@descriptionwidth=\dimen118
\beamer@lastskip=\skip41
\beamer@areabox=\box28
\beamer@animcurrent=\box29
\beamer@animshowbox=\box30
\beamer@sectionbox=\box31
\beamer@logobox=\box32
\beamer@linebox=\box33
\beamer@sectioncount=\count84
\beamer@subsubsectionmax=\count85
\beamer@subsectionmax=\count86
\beamer@sectionmax=\count87
\beamer@totalheads=\count88
\beamer@headcounter=\count89
\beamer@partstartpage=\count90
\beamer@sectionstartpage=\count91
\beamer@subsectionstartpage=\count92
\beamer@animationtempa=\count93
\beamer@animationtempb=\count94
\beamer@xpos=\count95
\beamer@ypos=\count96
\beamer@showpartnumber=\count97
\beamer@currentsubsection=\count98
\beamer@coveringdepth=\count99
\beamer@sectionadjust=\count100
\beamer@tocsectionnumber=\count101

(C:\Users\Alex\AppData\Roaming\MiKTeX\2.9\tex\latex\beamer\base\beamerbaseoptio
ns.sty
Package: beamerbaseoptions 2013/03/10 (rcs-revision 47431932db0d)
 ("C:\Program Files\MiKTeX 2.9\tex\latex\graphics\keyval.sty"
Package: keyval 2014/10/28 v1.15 key=value parser (DPC)
\KV@toks@=\toks14
))
\beamer@paperwidth=\skip42
\beamer@paperheight=\skip43

("C:\Program Files\MiKTeX 2.9\tex\latex\geometry\geometry.sty"
Package: geometry 2010/09/12 v5.6 Page Geometry

("C:\Program Files\MiKTeX 2.9\tex\generic\oberdiek\ifvtex.sty"
Package: ifvtex 2010/03/01 v1.5 Detect VTeX and its facilities (HO)
Package ifvtex Info: VTeX not detected.
)
("C:\Program Files\MiKTeX 2.9\tex\generic\ifxetex\ifxetex.sty"
Package: ifxetex 2010/09/12 v0.6 Provides ifxetex conditional
)
\Gm@cnth=\count102
\Gm@cntv=\count103
\c@Gm@tempcnt=\count104
\Gm@bindingoffset=\dimen119
\Gm@wd@mp=\dimen120
\Gm@odd@mp=\dimen121
\Gm@even@mp=\dimen122
\Gm@layoutwidth=\dimen123
\Gm@layoutheight=\dimen124
\Gm@layouthoffset=\dimen125
\Gm@layoutvoffset=\dimen126
\Gm@dimlist=\toks15

("C:\Program Files\MiKTeX 2.9\tex\latex\geometry\geometry.cfg"))
("C:\Program Files\MiKTeX 2.9\tex\latex\base\size11.clo"
File: size11.clo 2014/09/29 v1.4h Standard LaTeX file (size option)
)
(C:\Users\Alex\AppData\Roaming\MiKTeX\2.9\tex\latex\pgf\basiclayer\pgfcore.sty
("C:\Program Files\MiKTeX 2.9\tex\latex\graphics\graphicx.sty"
Package: graphicx 2014/10/28 v1.0g Enhanced LaTeX Graphics (DPC,SPQR)

("C:\Program Files\MiKTeX 2.9\tex\latex\graphics\graphics.sty"
Package: graphics 2014/10/28 v1.0p Standard LaTeX Graphics (DPC,SPQR)

("C:\Program Files\MiKTeX 2.9\tex\latex\graphics\trig.sty"
Package: trig 1999/03/16 v1.09 sin cos tan (DPC)
)
("C:\Program Files\MiKTeX 2.9\tex\latex\00miktex\graphics.cfg"
File: graphics.cfg 2007/01/18 v1.5 graphics configuration of teTeX/TeXLive
)
Package graphics Info: Driver file: pdftex.def on input line 94.

("C:\Program Files\MiKTeX 2.9\tex\latex\pdftex-def\pdftex.def"
File: pdftex.def 2011/05/27 v0.06d Graphics/color for pdfTeX

("C:\Program Files\MiKTeX 2.9\tex\generic\oberdiek\infwarerr.sty"
Package: infwarerr 2010/04/08 v1.3 Providing info/warning/error messages (HO)
)
("C:\Program Files\MiKTeX 2.9\tex\generic\oberdiek\ltxcmds.sty"
Package: ltxcmds 2011/11/09 v1.22 LaTeX kernel commands for general use (HO)
)
\Gread@gobject=\count105
))
\Gin@req@height=\dimen127
\Gin@req@width=\dimen128
)
(C:\Users\Alex\AppData\Roaming\MiKTeX\2.9\tex\latex\pgf\systemlayer\pgfsys.sty
(C:\Users\Alex\AppData\Roaming\MiKTeX\2.9\tex\latex\pgf\utilities\pgfrcs.sty
(C:\Users\Alex\AppData\Roaming\MiKTeX\2.9\tex\generic\pgf\utilities\pgfutil-com
mon.tex
\pgfutil@everybye=\toks16
\pgfutil@tempdima=\dimen129
\pgfutil@tempdimb=\dimen130

(C:\Users\Alex\AppData\Roaming\MiKTeX\2.9\tex\generic\pgf\utilities\pgfutil-com
mon-lists.tex))
(C:\Users\Alex\AppData\Roaming\MiKTeX\2.9\tex\generic\pgf\utilities\pgfutil-lat
ex.def
\pgfutil@abb=\box34
 (C:\Users\Alex\AppData\Roaming\MiKTeX\2.9\tex\latex\ms\everyshi.sty
Package: everyshi 2001/05/15 v3.00 EveryShipout Package (MS)
))
(C:\Users\Alex\AppData\Roaming\MiKTeX\2.9\tex\generic\pgf\utilities\pgfrcs.code
.tex
Package: pgfrcs 2013/12/20 v3.0.0 (rcs-revision 1.28)
))
(C:\Users\Alex\AppData\Roaming\MiKTeX\2.9\tex\generic\pgf\systemlayer\pgfsys.co
de.tex
Package: pgfsys 2013/11/30 v3.0.0 (rcs-revision 1.47)

(C:\Users\Alex\AppData\Roaming\MiKTeX\2.9\tex\generic\pgf\utilities\pgfkeys.cod
e.tex
\pgfkeys@pathtoks=\toks17
\pgfkeys@temptoks=\toks18

(C:\Users\Alex\AppData\Roaming\MiKTeX\2.9\tex\generic\pgf\utilities\pgfkeysfilt
ered.code.tex
\pgfkeys@tmptoks=\toks19
))
\pgf@x=\dimen131
\pgf@y=\dimen132
\pgf@xa=\dimen133
\pgf@ya=\dimen134
\pgf@xb=\dimen135
\pgf@yb=\dimen136
\pgf@xc=\dimen137
\pgf@yc=\dimen138
\w@pgf@writea=\write3
\r@pgf@reada=\read1
\c@pgf@counta=\count106
\c@pgf@countb=\count107
\c@pgf@countc=\count108
\c@pgf@countd=\count109
\t@pgf@toka=\toks20
\t@pgf@tokb=\toks21
\t@pgf@tokc=\toks22

(C:\Users\Alex\AppData\Roaming\MiKTeX\2.9\tex\generic\pgf\systemlayer\pgf.cfg
File: pgf.cfg 2008/05/14  (rcs-revision 1.7)
)
Driver file for pgf: pgfsys-pdftex.def

(C:\Users\Alex\AppData\Roaming\MiKTeX\2.9\tex\generic\pgf\systemlayer\pgfsys-pd
ftex.def
File: pgfsys-pdftex.def 2013/07/18  (rcs-revision 1.33)

(C:\Users\Alex\AppData\Roaming\MiKTeX\2.9\tex\generic\pgf\systemlayer\pgfsys-co
mmon-pdf.def
File: pgfsys-common-pdf.def 2013/10/10  (rcs-revision 1.13)
)))
(C:\Users\Alex\AppData\Roaming\MiKTeX\2.9\tex\generic\pgf\systemlayer\pgfsyssof
tpath.code.tex
File: pgfsyssoftpath.code.tex 2013/09/09  (rcs-revision 1.9)
\pgfsyssoftpath@smallbuffer@items=\count110
\pgfsyssoftpath@bigbuffer@items=\count111
)
(C:\Users\Alex\AppData\Roaming\MiKTeX\2.9\tex\generic\pgf\systemlayer\pgfsyspro
tocol.code.tex
File: pgfsysprotocol.code.tex 2006/10/16  (rcs-revision 1.4)
))
(C:\Users\Alex\AppData\Roaming\MiKTeX\2.9\tex\latex\xcolor\xcolor.sty
Package: xcolor 2007/01/21 v2.11 LaTeX color extensions (UK)

("C:\Program Files\MiKTeX 2.9\tex\latex\00miktex\color.cfg"
File: color.cfg 2007/01/18 v1.5 color configuration of teTeX/TeXLive
)
Package xcolor Info: Driver file: pdftex.def on input line 225.
Package xcolor Info: Model `cmy' substituted by `cmy0' on input line 1337.
Package xcolor Info: Model `hsb' substituted by `rgb' on input line 1341.
Package xcolor Info: Model `RGB' extended on input line 1353.
Package xcolor Info: Model `HTML' substituted by `rgb' on input line 1355.
Package xcolor Info: Model `Hsb' substituted by `hsb' on input line 1356.
Package xcolor Info: Model `tHsb' substituted by `hsb' on input line 1357.
Package xcolor Info: Model `HSB' substituted by `hsb' on input line 1358.
Package xcolor Info: Model `Gray' substituted by `gray' on input line 1359.
Package xcolor Info: Model `wave' substituted by `hsb' on input line 1360.
)
(C:\Users\Alex\AppData\Roaming\MiKTeX\2.9\tex\generic\pgf\basiclayer\pgfcore.co
de.tex
Package: pgfcore 2010/04/11 v3.0.0 (rcs-revision 1.7)

(C:\Users\Alex\AppData\Roaming\MiKTeX\2.9\tex\generic\pgf\math\pgfmath.code.tex

(C:\Users\Alex\AppData\Roaming\MiKTeX\2.9\tex\generic\pgf\math\pgfmathcalc.code
.tex
(C:\Users\Alex\AppData\Roaming\MiKTeX\2.9\tex\generic\pgf\math\pgfmathutil.code
.tex)
(C:\Users\Alex\AppData\Roaming\MiKTeX\2.9\tex\generic\pgf\math\pgfmathparser.co
de.tex
\pgfmath@dimen=\dimen139
\pgfmath@count=\count112
\pgfmath@box=\box35
\pgfmath@toks=\toks23
\pgfmath@stack@operand=\toks24
\pgfmath@stack@operation=\toks25
)
(C:\Users\Alex\AppData\Roaming\MiKTeX\2.9\tex\generic\pgf\math\pgfmathfunctions
.code.tex
(C:\Users\Alex\AppData\Roaming\MiKTeX\2.9\tex\generic\pgf\math\pgfmathfunctions
.basic.code.tex)
(C:\Users\Alex\AppData\Roaming\MiKTeX\2.9\tex\generic\pgf\math\pgfmathfunctions
.trigonometric.code.tex)
(C:\Users\Alex\AppData\Roaming\MiKTeX\2.9\tex\generic\pgf\math\pgfmathfunctions
.random.code.tex)
(C:\Users\Alex\AppData\Roaming\MiKTeX\2.9\tex\generic\pgf\math\pgfmathfunctions
.comparison.code.tex)
(C:\Users\Alex\AppData\Roaming\MiKTeX\2.9\tex\generic\pgf\math\pgfmathfunctions
.base.code.tex)
(C:\Users\Alex\AppData\Roaming\MiKTeX\2.9\tex\generic\pgf\math\pgfmathfunctions
.round.code.tex)
(C:\Users\Alex\AppData\Roaming\MiKTeX\2.9\tex\generic\pgf\math\pgfmathfunctions
.misc.code.tex)
(C:\Users\Alex\AppData\Roaming\MiKTeX\2.9\tex\generic\pgf\math\pgfmathfunctions
.integerarithmetics.code.tex)))
(C:\Users\Alex\AppData\Roaming\MiKTeX\2.9\tex\generic\pgf\math\pgfmathfloat.cod
e.tex
\c@pgfmathroundto@lastzeros=\count113
))
(C:\Users\Alex\AppData\Roaming\MiKTeX\2.9\tex\generic\pgf\basiclayer\pgfcorepoi
nts.code.tex
File: pgfcorepoints.code.tex 2013/10/07  (rcs-revision 1.27)
\pgf@picminx=\dimen140
\pgf@picmaxx=\dimen141
\pgf@picminy=\dimen142
\pgf@picmaxy=\dimen143
\pgf@pathminx=\dimen144
\pgf@pathmaxx=\dimen145
\pgf@pathminy=\dimen146
\pgf@pathmaxy=\dimen147
\pgf@xx=\dimen148
\pgf@xy=\dimen149
\pgf@yx=\dimen150
\pgf@yy=\dimen151
\pgf@zx=\dimen152
\pgf@zy=\dimen153
)
(C:\Users\Alex\AppData\Roaming\MiKTeX\2.9\tex\generic\pgf\basiclayer\pgfcorepat
hconstruct.code.tex
File: pgfcorepathconstruct.code.tex 2013/10/07  (rcs-revision 1.29)
\pgf@path@lastx=\dimen154
\pgf@path@lasty=\dimen155
)
(C:\Users\Alex\AppData\Roaming\MiKTeX\2.9\tex\generic\pgf\basiclayer\pgfcorepat
husage.code.tex
File: pgfcorepathusage.code.tex 2013/12/13  (rcs-revision 1.23)
\pgf@shorten@end@additional=\dimen156
\pgf@shorten@start@additional=\dimen157
)
(C:\Users\Alex\AppData\Roaming\MiKTeX\2.9\tex\generic\pgf\basiclayer\pgfcoresco
pes.code.tex
File: pgfcorescopes.code.tex 2013/10/09  (rcs-revision 1.44)
\pgfpic=\box36
\pgf@hbox=\box37
\pgf@layerbox@main=\box38
\pgf@picture@serial@count=\count114
)
(C:\Users\Alex\AppData\Roaming\MiKTeX\2.9\tex\generic\pgf\basiclayer\pgfcoregra
phicstate.code.tex
File: pgfcoregraphicstate.code.tex 2013/09/19  (rcs-revision 1.11)
\pgflinewidth=\dimen158
)
(C:\Users\Alex\AppData\Roaming\MiKTeX\2.9\tex\generic\pgf\basiclayer\pgfcoretra
nsformations.code.tex
File: pgfcoretransformations.code.tex 2013/10/10  (rcs-revision 1.17)
\pgf@pt@x=\dimen159
\pgf@pt@y=\dimen160
\pgf@pt@temp=\dimen161
)
(C:\Users\Alex\AppData\Roaming\MiKTeX\2.9\tex\generic\pgf\basiclayer\pgfcorequi
ck.code.tex
File: pgfcorequick.code.tex 2008/10/09  (rcs-revision 1.3)
)
(C:\Users\Alex\AppData\Roaming\MiKTeX\2.9\tex\generic\pgf\basiclayer\pgfcoreobj
ects.code.tex
File: pgfcoreobjects.code.tex 2006/10/11  (rcs-revision 1.2)
)
(C:\Users\Alex\AppData\Roaming\MiKTeX\2.9\tex\generic\pgf\basiclayer\pgfcorepat
hprocessing.code.tex
File: pgfcorepathprocessing.code.tex 2013/09/09  (rcs-revision 1.9)
)
(C:\Users\Alex\AppData\Roaming\MiKTeX\2.9\tex\generic\pgf\basiclayer\pgfcorearr
ows.code.tex
File: pgfcorearrows.code.tex 2013/11/07  (rcs-revision 1.40)
\pgfarrowsep=\dimen162
)
(C:\Users\Alex\AppData\Roaming\MiKTeX\2.9\tex\generic\pgf\basiclayer\pgfcoresha
de.code.tex
File: pgfcoreshade.code.tex 2013/07/15  (rcs-revision 1.15)
\pgf@max=\dimen163
\pgf@sys@shading@range@num=\count115
)
(C:\Users\Alex\AppData\Roaming\MiKTeX\2.9\tex\generic\pgf\basiclayer\pgfcoreima
ge.code.tex
File: pgfcoreimage.code.tex 2013/07/15  (rcs-revision 1.18)

(C:\Users\Alex\AppData\Roaming\MiKTeX\2.9\tex\generic\pgf\basiclayer\pgfcoreext
ernal.code.tex
File: pgfcoreexternal.code.tex 2013/07/15  (rcs-revision 1.20)
\pgfexternal@startupbox=\box39
))
(C:\Users\Alex\AppData\Roaming\MiKTeX\2.9\tex\generic\pgf\basiclayer\pgfcorelay
ers.code.tex
File: pgfcorelayers.code.tex 2013/07/18  (rcs-revision 1.7)
)
(C:\Users\Alex\AppData\Roaming\MiKTeX\2.9\tex\generic\pgf\basiclayer\pgfcoretra
nsparency.code.tex
File: pgfcoretransparency.code.tex 2013/09/30  (rcs-revision 1.5)
)
(C:\Users\Alex\AppData\Roaming\MiKTeX\2.9\tex\generic\pgf\basiclayer\pgfcorepat
terns.code.tex
File: pgfcorepatterns.code.tex 2013/11/07  (rcs-revision 1.5)
)))
(C:\Users\Alex\AppData\Roaming\MiKTeX\2.9\tex\latex\pgf\utilities\xxcolor.sty
Package: xxcolor 2003/10/24 ver 0.1
\XC@nummixins=\count116
\XC@countmixins=\count117
)
("C:\Program Files\MiKTeX 2.9\tex\generic\oberdiek\atbegshi.sty"
Package: atbegshi 2011/10/05 v1.16 At begin shipout hook (HO)
)
("C:\Program Files\MiKTeX 2.9\tex\latex\hyperref\hyperref.sty"
Package: hyperref 2012/11/06 v6.83m Hypertext links for LaTeX

("C:\Program Files\MiKTeX 2.9\tex\generic\oberdiek\hobsub-hyperref.sty"
Package: hobsub-hyperref 2012/04/25 v1.12 Bundle oberdiek, subset hyperref (HO)


("C:\Program Files\MiKTeX 2.9\tex\generic\oberdiek\hobsub-generic.sty"
Package: hobsub-generic 2012/04/25 v1.12 Bundle oberdiek, subset generic (HO)
Package: hobsub 2012/04/25 v1.12 Construct package bundles (HO)
Package hobsub Info: Skipping package `infwarerr' (already loaded).
Package hobsub Info: Skipping package `ltxcmds' (already loaded).
Package: ifluatex 2010/03/01 v1.3 Provides the ifluatex switch (HO)
Package ifluatex Info: LuaTeX not detected.
Package hobsub Info: Skipping package `ifvtex' (already loaded).
Package: intcalc 2007/09/27 v1.1 Expandable calculations with integers (HO)
Package hobsub Info: Skipping package `ifpdf' (already loaded).
Package: etexcmds 2011/02/16 v1.5 Avoid name clashes with e-TeX commands (HO)
Package etexcmds Info: Could not find \expanded.
(etexcmds)             That can mean that you are not using pdfTeX 1.50 or
(etexcmds)             that some package has redefined \expanded.
(etexcmds)             In the latter case, load this package earlier.
Package: kvsetkeys 2012/04/25 v1.16 Key value parser (HO)
Package: kvdefinekeys 2011/04/07 v1.3 Define keys (HO)
Package: pdftexcmds 2011/11/29 v0.20 Utility functions of pdfTeX for LuaTeX (HO
)
Package pdftexcmds Info: LuaTeX not detected.
Package pdftexcmds Info: \pdf@primitive is available.
Package pdftexcmds Info: \pdf@ifprimitive is available.
Package pdftexcmds Info: \pdfdraftmode found.
Package: pdfescape 2011/11/25 v1.13 Implements pdfTeX's escape features (HO)
Package: bigintcalc 2012/04/08 v1.3 Expandable calculations on big integers (HO
)
Package: bitset 2011/01/30 v1.1 Handle bit-vector datatype (HO)
Package: uniquecounter 2011/01/30 v1.2 Provide unlimited unique counter (HO)
)
Package hobsub Info: Skipping package `hobsub' (already loaded).
Package: letltxmacro 2010/09/02 v1.4 Let assignment for LaTeX macros (HO)
Package: hopatch 2011/06/24 v1.1 Wrapper for package hooks (HO)
Package: xcolor-patch 2011/01/30 xcolor patch
Package: atveryend 2011/06/30 v1.8 Hooks at the very end of document (HO)
Package atveryend Info: \enddocument detected (standard20110627).
Package hobsub Info: Skipping package `atbegshi' (already loaded).
Package: refcount 2011/10/16 v3.4 Data extraction from label references (HO)
Package: hycolor 2011/01/30 v1.7 Color options for hyperref/bookmark (HO)
)
("C:\Program Files\MiKTeX 2.9\tex\latex\oberdiek\auxhook.sty"
Package: auxhook 2011/03/04 v1.3 Hooks for auxiliary files (HO)
)
("C:\Program Files\MiKTeX 2.9\tex\latex\oberdiek\kvoptions.sty"
Package: kvoptions 2011/06/30 v3.11 Key value format for package options (HO)
)
\@linkdim=\dimen164
\Hy@linkcounter=\count118
\Hy@pagecounter=\count119

("C:\Program Files\MiKTeX 2.9\tex\latex\hyperref\pd1enc.def"
File: pd1enc.def 2012/11/06 v6.83m Hyperref: PDFDocEncoding definition (HO)
)
\Hy@SavedSpaceFactor=\count120

("C:\Program Files\MiKTeX 2.9\tex\latex\00miktex\hyperref.cfg"
File: hyperref.cfg 2002/06/06 v1.2 hyperref configuration of TeXLive
)
Package hyperref Info: Option `bookmarks' set `true' on input line 4319.
Package hyperref Info: Option `bookmarksopen' set `true' on input line 4319.
Package hyperref Info: Option `implicit' set `false' on input line 4319.
Package hyperref Info: Hyper figures OFF on input line 4443.
Package hyperref Info: Link nesting OFF on input line 4448.
Package hyperref Info: Hyper index ON on input line 4451.
Package hyperref Info: Plain pages OFF on input line 4458.
Package hyperref Info: Backreferencing OFF on input line 4463.
Package hyperref Info: Implicit mode OFF; no redefinition of LaTeX internals.
Package hyperref Info: Bookmarks ON on input line 4688.
\c@Hy@tempcnt=\count121

(C:\Users\Alex\AppData\Roaming\MiKTeX\2.9\tex\latex\url\url.sty
\Urlmuskip=\muskip10
Package: url 2013/09/16  ver 3.4  Verb mode for urls, etc.
)
LaTeX Info: Redefining \url on input line 5041.
\XeTeXLinkMargin=\dimen165
\Fld@menulength=\count122
\Field@Width=\dimen166
\Fld@charsize=\dimen167
Package hyperref Info: Hyper figures OFF on input line 6295.
Package hyperref Info: Link nesting OFF on input line 6300.
Package hyperref Info: Hyper index ON on input line 6303.
Package hyperref Info: backreferencing OFF on input line 6310.
Package hyperref Info: Link coloring OFF on input line 6315.
Package hyperref Info: Link coloring with OCG OFF on input line 6320.
Package hyperref Info: PDF/A mode OFF on input line 6325.
LaTeX Info: Redefining \ref on input line 6365.
LaTeX Info: Redefining \pageref on input line 6369.
\Hy@abspage=\count123


Package hyperref Message: Stopped early.

)

Package hyperref Message: Driver (autodetected): hpdftex.

("C:\Program Files\MiKTeX 2.9\tex\latex\hyperref\hpdftex.def"
File: hpdftex.def 2012/11/06 v6.83m Hyperref driver for pdfTeX
\Fld@listcount=\count124
\c@bookmark@seq@number=\count125

("C:\Program Files\MiKTeX 2.9\tex\latex\oberdiek\rerunfilecheck.sty"
Package: rerunfilecheck 2011/04/15 v1.7 Rerun checks for auxiliary files (HO)
Package uniquecounter Info: New unique counter `rerunfilecheck' on input line 2
82.
))
(C:\Users\Alex\AppData\Roaming\MiKTeX\2.9\tex\latex\beamer\base\beamerbaserequi
res.sty
Package: beamerbaserequires 2010/05/01  (rcs-revision efa082c6111d)

(C:\Users\Alex\AppData\Roaming\MiKTeX\2.9\tex\latex\beamer\base\beamerbasecompa
tibility.sty
Package: beamerbasecompatibility 2012/05/01  (rcs-revision 67c48b3b652d)
)
(C:\Users\Alex\AppData\Roaming\MiKTeX\2.9\tex\latex\beamer\base\beamerbasefont.
sty
Package: beamerbasefont 2013/10/18  (rcs-revision 72f39e01808a)
 ("C:\Program Files\MiKTeX 2.9\tex\latex\amsfonts\amssymb.sty"
Package: amssymb 2013/01/14 v3.01 AMS font symbols

("C:\Program Files\MiKTeX 2.9\tex\latex\amsfonts\amsfonts.sty"
Package: amsfonts 2013/01/14 v3.01 Basic AMSFonts support
\@emptytoks=\toks26
\symAMSa=\mathgroup4
\symAMSb=\mathgroup5
LaTeX Font Info:    Overwriting math alphabet `\mathfrak' in version `bold'
(Font)                  U/euf/m/n --> U/euf/b/n on input line 106.
))
(C:\Users\Alex\AppData\Roaming\MiKTeX\2.9\tex\latex\sansmathaccent\sansmathacce
nt.sty
Package: sansmathaccent 2013/03/28

(C:\Users\Alex\AppData\Roaming\MiKTeX\2.9\tex\latex\filehook\filehook.sty
Package: filehook 2011/10/12 v0.5d Hooks for input files
)))
(C:\Users\Alex\AppData\Roaming\MiKTeX\2.9\tex\latex\beamer\base\beamerbasetrans
lator.sty
Package: beamerbasetranslator 2010/06/11  (rcs-revision 85fd1cc7fc42)

(C:\Users\Alex\AppData\Roaming\MiKTeX\2.9\tex\latex\beamer\base\translator\tran
slator.sty
Package: translator 2010/06/12 ver 1.10

(C:\Users\Alex\AppData\Roaming\MiKTeX\2.9\tex\latex\beamer\base\translator\tran
slator-language-mappings.tex)))
(C:\Users\Alex\AppData\Roaming\MiKTeX\2.9\tex\latex\beamer\base\beamerbasemisc.
sty
Package: beamerbasemisc 2013/09/03  (rcs-revision a55719c41d85)
)
(C:\Users\Alex\AppData\Roaming\MiKTeX\2.9\tex\latex\beamer\base\beamerbasetwosc
reens.sty
Package: beamerbasetwoscreens 2010/05/01  (rcs-revision efa082c6111d)
)
(C:\Users\Alex\AppData\Roaming\MiKTeX\2.9\tex\latex\beamer\base\beamerbaseoverl
ay.sty
Package: beamerbaseoverlay 2013/12/25  (rcs-revision f6bd5e3805da)
\beamer@argscount=\count126
\beamer@lastskipcover=\skip44
\beamer@trivlistdepth=\count127
)
(C:\Users\Alex\AppData\Roaming\MiKTeX\2.9\tex\latex\beamer\base\beamerbasetitle
.sty
Package: beamerbasetitle 2010/09/21  (rcs-revision f0446ed0b6ae)
)
(C:\Users\Alex\AppData\Roaming\MiKTeX\2.9\tex\latex\beamer\base\beamerbasesecti
on.sty
Package: beamerbasesection 2013/06/07  (rcs-revision 60b9fe0f342f)
\c@lecture=\count128
\c@part=\count129
\c@section=\count130
\c@subsection=\count131
\c@subsubsection=\count132
)
(C:\Users\Alex\AppData\Roaming\MiKTeX\2.9\tex\latex\beamer\base\beamerbaseframe
.sty
Package: beamerbaseframe 2013/10/02  (rcs-revision cdc8e9a3aaac)
\beamer@framebox=\box40
\beamer@frametitlebox=\box41
\beamer@zoombox=\box42
\beamer@zoomcount=\count133
\beamer@zoomframecount=\count134
\beamer@frametextheight=\dimen168
\c@subsectionslide=\count135
\beamer@frametopskip=\skip45
\beamer@framebottomskip=\skip46
\beamer@frametopskipautobreak=\skip47
\beamer@framebottomskipautobreak=\skip48
\beamer@envbody=\toks27
\framewidth=\dimen169
\c@framenumber=\count136
)
(C:\Users\Alex\AppData\Roaming\MiKTeX\2.9\tex\latex\beamer\base\beamerbaseverba
tim.sty
Package: beamerbaseverbatim 2012/08/30  (rcs-revision dfdb135076b3)
\beamer@verbatimfileout=\write4
)
(C:\Users\Alex\AppData\Roaming\MiKTeX\2.9\tex\latex\beamer\base\beamerbaseframe
size.sty
Package: beamerbaseframesize 2011/09/12  (rcs-revision 70f9d8411e54)
\beamer@splitbox=\box43
\beamer@autobreakcount=\count137
\beamer@autobreaklastheight=\dimen170
\beamer@frametitletoks=\toks28
\beamer@framesubtitletoks=\toks29
)
(C:\Users\Alex\AppData\Roaming\MiKTeX\2.9\tex\latex\beamer\base\beamerbaseframe
components.sty
Package: beamerbaseframecomponents 2013/10/18  (rcs-revision 5cf6c5555a45)
\beamer@footins=\box44
)
(C:\Users\Alex\AppData\Roaming\MiKTeX\2.9\tex\latex\beamer\base\beamerbasecolor
.sty
Package: beamerbasecolor 2010/06/06  (rcs-revision d1a9b48be06d)
)
(C:\Users\Alex\AppData\Roaming\MiKTeX\2.9\tex\latex\beamer\base\beamerbasenotes
.sty
Package: beamerbasenotes 2012/12/19  (rcs-revision 1686da3db3c9)
\beamer@frameboxcopy=\box45
)
(C:\Users\Alex\AppData\Roaming\MiKTeX\2.9\tex\latex\beamer\base\beamerbasetoc.s
ty
Package: beamerbasetoc 2013/05/23  (rcs-revision 0fdf5bc43be8)
)
(C:\Users\Alex\AppData\Roaming\MiKTeX\2.9\tex\latex\beamer\base\beamerbasetempl
ates.sty
Package: beamerbasetemplates 2010/05/01  (rcs-revision efa082c6111d)
\beamer@sbttoks=\toks30

(C:\Users\Alex\AppData\Roaming\MiKTeX\2.9\tex\latex\beamer\base\beamerbaseauxte
mplates.sty
Package: beamerbaseauxtemplates 2013/09/04  (rcs-revision 4ac715c499d0)

(C:\Users\Alex\AppData\Roaming\MiKTeX\2.9\tex\latex\beamer\base\beamerbaseboxes
.sty
Package: beamerbaseboxes 2012/05/13  (rcs-revision 56972908a390)
\bmb@box=\box46
\bmb@colorbox=\box47
\bmb@boxshadow=\box48
\bmb@boxshadowball=\box49
\bmb@boxshadowballlarge=\box50
\bmb@temp=\dimen171
\bmb@dima=\dimen172
\bmb@dimb=\dimen173
\bmb@prevheight=\dimen174
)
\beamer@blockheadheight=\dimen175
))
(C:\Users\Alex\AppData\Roaming\MiKTeX\2.9\tex\latex\beamer\base\beamerbaselocal
structure.sty
Package: beamerbaselocalstructure 2013/09/04  (rcs-revision 4ac715c499d0)
 ("C:\Program Files\MiKTeX 2.9\tex\latex\tools\enumerate.sty"
Package: enumerate 2015/07/23 v3.00 enumerate extensions (DPC)
\@enLab=\toks31
)
\c@figure=\count138
\c@table=\count139
\abovecaptionskip=\skip49
\belowcaptionskip=\skip50
)
(C:\Users\Alex\AppData\Roaming\MiKTeX\2.9\tex\latex\beamer\base\beamerbasenavig
ation.sty
Package: beamerbasenavigation 2013/10/05  (rcs-revision 62be157fe783)
\beamer@section@min@dim=\dimen176
)
(C:\Users\Alex\AppData\Roaming\MiKTeX\2.9\tex\latex\beamer\base\beamerbasetheor
ems.sty
Package: beamerbasetheorems 2010/06/06  (rcs-revision 7e7cc5e53e9d)
 ("C:\Program Files\MiKTeX 2.9\tex\latex\amsmath\amsmath.sty"
Package: amsmath 2013/01/14 v2.14 AMS math features
\@mathmargin=\skip51

For additional information on amsmath, use the `?' option.
("C:\Program Files\MiKTeX 2.9\tex\latex\amsmath\amstext.sty"
Package: amstext 2000/06/29 v2.01

("C:\Program Files\MiKTeX 2.9\tex\latex\amsmath\amsgen.sty"
File: amsgen.sty 1999/11/30 v2.0
\@emptytoks=\toks32
\ex@=\dimen177
))
("C:\Program Files\MiKTeX 2.9\tex\latex\amsmath\amsbsy.sty"
Package: amsbsy 1999/11/29 v1.2d
\pmbraise@=\dimen178
)
("C:\Program Files\MiKTeX 2.9\tex\latex\amsmath\amsopn.sty"
Package: amsopn 1999/12/14 v2.01 operator names
)
\inf@bad=\count140
LaTeX Info: Redefining \frac on input line 210.
\uproot@=\count141
\leftroot@=\count142
LaTeX Info: Redefining \overline on input line 306.
\classnum@=\count143
\DOTSCASE@=\count144
LaTeX Info: Redefining \ldots on input line 378.
LaTeX Info: Redefining \dots on input line 381.
LaTeX Info: Redefining \cdots on input line 466.
\Mathstrutbox@=\box51
\strutbox@=\box52
\big@size=\dimen179
LaTeX Font Info:    Redeclaring font encoding OML on input line 566.
LaTeX Font Info:    Redeclaring font encoding OMS on input line 567.
\macc@depth=\count145
\c@MaxMatrixCols=\count146
\dotsspace@=\muskip11
\c@parentequation=\count147
\dspbrk@lvl=\count148
\tag@help=\toks33
\row@=\count149
\column@=\count150
\maxfields@=\count151
\andhelp@=\toks34
\eqnshift@=\dimen180
\alignsep@=\dimen181
\tagshift@=\dimen182
\tagwidth@=\dimen183
\totwidth@=\dimen184
\lineht@=\dimen185
\@envbody=\toks35
\multlinegap=\skip52
\multlinetaggap=\skip53
\mathdisplay@stack=\toks36
LaTeX Info: Redefining \[ on input line 2665.
LaTeX Info: Redefining \] on input line 2666.
)
("C:\Program Files\MiKTeX 2.9\tex\latex\amscls\amsthm.sty"
Package: amsthm 2015/03/04 v2.20.2
\thm@style=\toks37
\thm@bodyfont=\toks38
\thm@headfont=\toks39
\thm@notefont=\toks40
\thm@headpunct=\toks41
\thm@preskip=\skip54
\thm@postskip=\skip55
\thm@headsep=\skip56
\dth@everypar=\toks42
)
\c@theorem=\count152
)
(C:\Users\Alex\AppData\Roaming\MiKTeX\2.9\tex\latex\beamer\base\beamerbasetheme
s.sty
Package: beamerbasethemes 2010/05/01  (rcs-revision efa082c6111d)
))
(C:\Users\Alex\AppData\Roaming\MiKTeX\2.9\tex\latex\beamer\base\themes\theme\be
amerthemedefault.sty
Package: beamerthemedefault 2010/06/17  (rcs-revision d02a7cf4d8ae)

(C:\Users\Alex\AppData\Roaming\MiKTeX\2.9\tex\latex\beamer\base\themes\font\bea
merfontthemedefault.sty
Package: beamerfontthemedefault 2012/12/19  (rcs-revision 1686da3db3c9)
)
(C:\Users\Alex\AppData\Roaming\MiKTeX\2.9\tex\latex\beamer\base\themes\color\be
amercolorthemedefault.sty
Package: beamercolorthemedefault 2012/12/19  (rcs-revision 1686da3db3c9)
)
(C:\Users\Alex\AppData\Roaming\MiKTeX\2.9\tex\latex\beamer\base\themes\inner\be
amerinnerthemedefault.sty
Package: beamerinnerthemedefault 2013/10/15  (rcs-revision 65cb471f9634)
\beamer@dima=\dimen186
\beamer@dimb=\dimen187
)
(C:\Users\Alex\AppData\Roaming\MiKTeX\2.9\tex\latex\beamer\base\themes\outer\be
amerouterthemedefault.sty
Package: beamerouterthemedefault 2012/12/19  (rcs-revision 1686da3db3c9)
)))
(C:\Users\Alex\AppData\Roaming\MiKTeX\2.9\tex\latex\beamer\base\multimedia\xmpm
ulti.sty
\@mpm@count=\count153
)
(C:\Users\Alex\AppData\Roaming\MiKTeX\2.9\tex\latex\textpos\textpos.sty
Package: textpos 2014/01/03 v1.7j

Package: textpos 2014/01/03 1.7j, absolute positioning of text on the page
\TP@textbox=\box53
\TPHorizModule=\dimen188
\TPVertModule=\dimen189
\TP@margin=\dimen190
\TP@absmargin=\dimen191
Grid set 16 x 16 = 22.7622pt x 17.07166pt
\TPboxrulesize=\dimen192
\TP@tbargs=\toks43
\TP@prevdepth=\dimen193
) (C:\Users\Alex\AppData\Roaming\MiKTeX\2.9\tex\latex\comment\comment.sty
\CommentStream=\write5

Excluding comment 'comment')
("C:\Program Files\MiKTeX 2.9\tex\latex\eurosym\eurosym.sty"
Package: eurosym 1998/08/06 v1.1 European currency symbol ``Euro''
\@eurobox=\box54
)
\sympureletters=\mathgroup6
LaTeX Font Info:    Overwriting symbol font `pureletters' in version `bold'
(Font)                  OT1/mathkerncmss/m/sl --> OT1/mathkerncmss/bx/sl on inp
ut line 6.

("C:\Program Files\MiKTeX 2.9\tex\latex\tools\bm.sty"
Package: bm 2014/10/28 v1.1c Bold Symbol Support (DPC/FMi)
\symboldoperators=\mathgroup7
\symboldletters=\mathgroup8
\symboldsymbols=\mathgroup9
\symboldpureletters=\mathgroup10
LaTeX Font Info:    Redeclaring math alphabet \mathbf on input line 141.
LaTeX Info: Redefining \bm on input line 207.
)
(C:/Users\Alex\Desktop\lectures\slides_preamble.tex
(C:\Users\Alex\AppData\Roaming\MiKTeX\2.9\tex\latex\mdframed\mdframed.sty
Package: mdframed 2013/07/01 1.9b: mdframed

(C:\Users\Alex\AppData\Roaming\MiKTeX\2.9\tex\latex\l3packages\xparse\xparse.st
y (C:\Users\Alex\AppData\Roaming\MiKTeX\2.9\tex\latex\l3kernel\expl3.sty
Package: expl3 2015/09/11 v6002 L3 programming layer (loader) 

(C:\Users\Alex\AppData\Roaming\MiKTeX\2.9\tex\latex\l3kernel\expl3-code.tex
Package: expl3 2015/09/11 v6002 L3 programming layer (code) 
L3 Module: l3bootstrap 2015/09/10 v5983 L3 Bootstrap code
L3 Module: l3names 2015/09/07 v5939 L3 Namespace for primitives
L3 Module: l3basics 2015/09/10 v5983 L3 Basic definitions
L3 Module: l3expan 2015/09/10 v5983 L3 Argument expansion
L3 Module: l3tl 2015/09/10 v5983 L3 Token lists
L3 Module: l3str 2015/09/10 v5983 L3 Strings
L3 Module: l3seq 2015/08/05 v5777 L3 Sequences and stacks
L3 Module: l3int 2015/09/11 v5987 L3 Integers
\c_max_int=\count154
\l_tmpa_int=\count155
\l_tmpb_int=\count156
\g_tmpa_int=\count157
\g_tmpb_int=\count158
L3 Module: l3quark 2015/08/17 v5855 L3 Quarks
L3 Module: l3prg 2015/09/10 v5983 L3 Control structures
\g__prg_map_int=\count159
L3 Module: l3clist 2015/09/02 v5901 L3 Comma separated lists
L3 Module: l3token 2015/08/26 v5893 L3 Experimental token manipulation
L3 Module: l3prop 2015/08/05 v5777 L3 Property lists
L3 Module: l3msg 2015/09/10 v5983 L3 Messages
L3 Module: l3file 2015/08/05 v5786 L3 File and I/O operations
\l_iow_line_count_int=\count160
\l__iow_target_count_int=\count161
\l__iow_current_line_int=\count162
\l__iow_current_word_int=\count163
\l__iow_current_indentation_int=\count164
L3 Module: l3skip 2015/09/10 v5983 L3 Dimensions and skips
\c_zero_dim=\dimen194
\c_max_dim=\dimen195
\l_tmpa_dim=\dimen196
\l_tmpb_dim=\dimen197
\g_tmpa_dim=\dimen198
\g_tmpb_dim=\dimen199
\c_zero_skip=\skip57
\c_max_skip=\skip58
\l_tmpa_skip=\skip59
\l_tmpb_skip=\skip60
\g_tmpa_skip=\skip61
\g_tmpb_skip=\skip62
\c_zero_muskip=\muskip12
\c_max_muskip=\muskip13
\l_tmpa_muskip=\muskip14
\l_tmpb_muskip=\muskip15
\g_tmpa_muskip=\muskip16
\g_tmpb_muskip=\muskip17
L3 Module: l3keys 2015/09/10 v5983 L3 Key-value interfaces
\g__keyval_level_int=\count165
\l_keys_choice_int=\count166
L3 Module: l3fp 2015/08/25 v5890 L3 Floating points
\c__fp_leading_shift_int=\count167
\c__fp_middle_shift_int=\count168
\c__fp_trailing_shift_int=\count169
\c__fp_big_leading_shift_int=\count170
\c__fp_big_middle_shift_int=\count171
\c__fp_big_trailing_shift_int=\count172
\c__fp_Bigg_leading_shift_int=\count173
\c__fp_Bigg_middle_shift_int=\count174
\c__fp_Bigg_trailing_shift_int=\count175
L3 Module: l3box 2015/08/09 v5822 L3 Experimental boxes
\c_empty_box=\box55
\l_tmpa_box=\box56
\l_tmpb_box=\box57
\g_tmpa_box=\box58
\g_tmpb_box=\box59
L3 Module: l3coffins 2015/08/06 v5789 L3 Coffin code layer
\l__coffin_internal_box=\box60
\l__coffin_internal_dim=\dimen256
\l__coffin_offset_x_dim=\dimen257
\l__coffin_offset_y_dim=\dimen258
\l__coffin_x_dim=\dimen259
\l__coffin_y_dim=\dimen260
\l__coffin_x_prime_dim=\dimen261
\l__coffin_y_prime_dim=\dimen262
\c_empty_coffin=\box61
\l__coffin_aligned_coffin=\box62
\l__coffin_aligned_internal_coffin=\box63
\l_tmpa_coffin=\box64
\l_tmpb_coffin=\box65
\l__coffin_display_coffin=\box66
\l__coffin_display_coord_coffin=\box67
\l__coffin_display_pole_coffin=\box68
\l__coffin_display_offset_dim=\dimen263
\l__coffin_display_x_dim=\dimen264
\l__coffin_display_y_dim=\dimen265
L3 Module: l3color 2014/08/23 v5354 L3 Experimental color support
L3 Module: l3candidates 2015/09/11 v6002 L3 Experimental additions to l3kernel
\l__box_top_dim=\dimen266
\l__box_bottom_dim=\dimen267
\l__box_left_dim=\dimen268
\l__box_right_dim=\dimen269
\l__box_top_new_dim=\dimen270
\l__box_bottom_new_dim=\dimen271
\l__box_left_new_dim=\dimen272
\l__box_right_new_dim=\dimen273
\l__box_internal_box=\box69
\l__coffin_bounding_shift_dim=\dimen274
\l__coffin_left_corner_dim=\dimen275
\l__coffin_right_corner_dim=\dimen276
\l__coffin_bottom_corner_dim=\dimen277
\l__coffin_top_corner_dim=\dimen278
\l__coffin_scaled_total_height_dim=\dimen279
\l__coffin_scaled_width_dim=\dimen280
L3 Module: [unknown name] 0000/00/00 v-1 L3 Experimental system/runtime functio
ns
L3 Module: l3luatex 2015/09/10 v5983 L3 Experimental LuaTeX-specific functions
)
(C:\Users\Alex\AppData\Roaming\MiKTeX\2.9\tex\latex\l3kernel\l3unicode-data.def
File: l3unicode-data.def 2015/07/20 v5676 L3 Unicode data
) (C:\Users\Alex\AppData\Roaming\MiKTeX\2.9\tex\latex\l3kernel\l3pdfmode.def
File: l3pdfmode.def 2015/09/10 v5983 L3 Experimental driver: PDF mode
\l__driver_color_stack_int=\count176
))
Package: xparse 2015/09/11 v6001 L3 Experimental document command parser
\l__xparse_current_arg_int=\count177
\l__xparse_m_args_int=\count178
\l__xparse_mandatory_args_int=\count179
\l__xparse_processor_int=\count180
\l__xparse_v_nesting_int=\count181
) (C:\Users\Alex\AppData\Roaming\MiKTeX\2.9\tex\latex\etoolbox\etoolbox.sty
Package: etoolbox 2011/01/03 v2.1 e-TeX tools for LaTeX

("C:\Program Files\MiKTeX 2.9\tex\latex\misc\etex.sty"
Package: etex 2015/09/02 v2.4 eTeX basic definition package (PEB,DPC)


Package etex Warning: Extended allocation already in use.
(etex)                etex.sty code will not be used.
(etex)                To force etex package to load, add
(etex)                \RequirePackage{etex}
(etex)                at the start of the document.

)
\etb@tempcnta=\count182
) ("C:\Program Files\MiKTeX 2.9\tex\latex\oberdiek\zref-abspage.sty"
Package: zref-abspage 2012/04/04 v2.24 Module abspage for zref (HO)

("C:\Program Files\MiKTeX 2.9\tex\latex\oberdiek\zref-base.sty"
Package: zref-base 2012/04/04 v2.24 Module base for zref (HO)
Package zref Info: New property list: main on input line 759.
Package zref Info: New property: default on input line 760.
Package zref Info: New property: page on input line 761.
)
\c@abspage=\count183
Package zref Info: New property: abspage on input line 62.
)
(C:\Users\Alex\AppData\Roaming\MiKTeX\2.9\tex\latex\needspace\needspace.sty
Package: needspace 2010/09/12 v1.3d reserve vertical space
)
\mdf@templength=\skip63
\c@mdf@globalstyle@cnt=\count184
\mdf@skipabove@length=\skip64
\mdf@skipbelow@length=\skip65
\mdf@leftmargin@length=\skip66
\mdf@rightmargin@length=\skip67
\mdf@innerleftmargin@length=\skip68
\mdf@innerrightmargin@length=\skip69
\mdf@innertopmargin@length=\skip70
\mdf@innerbottommargin@length=\skip71
\mdf@splittopskip@length=\skip72
\mdf@splitbottomskip@length=\skip73
\mdf@outermargin@length=\skip74
\mdf@innermargin@length=\skip75
\mdf@linewidth@length=\skip76
\mdf@innerlinewidth@length=\skip77
\mdf@middlelinewidth@length=\skip78
\mdf@outerlinewidth@length=\skip79
\mdf@roundcorner@length=\skip80
\mdf@footenotedistance@length=\skip81
\mdf@userdefinedwidth@length=\skip82
\mdf@needspace@length=\skip83
\mdf@frametitleaboveskip@length=\skip84
\mdf@frametitlebelowskip@length=\skip85
\mdf@frametitlerulewidth@length=\skip86
\mdf@frametitleleftmargin@length=\skip87
\mdf@frametitlerightmargin@length=\skip88
\mdf@shadowsize@length=\skip89
\mdf@extratopheight@length=\skip90
\mdf@subtitleabovelinewidth@length=\skip91
\mdf@subtitlebelowlinewidth@length=\skip92
\mdf@subtitleaboveskip@length=\skip93
\mdf@subtitlebelowskip@length=\skip94
\mdf@subtitleinneraboveskip@length=\skip95
\mdf@subtitleinnerbelowskip@length=\skip96
\mdf@subsubtitleabovelinewidth@length=\skip97
\mdf@subsubtitlebelowlinewidth@length=\skip98
\mdf@subsubtitleaboveskip@length=\skip99
\mdf@subsubtitlebelowskip@length=\skip100
\mdf@subsubtitleinneraboveskip@length=\skip101
\mdf@subsubtitleinnerbelowskip@length=\skip102

(C:\Users\Alex\AppData\Roaming\MiKTeX\2.9\tex\latex\pgf\frontendlayer\tikz.sty
(C:\Users\Alex\AppData\Roaming\MiKTeX\2.9\tex\latex\pgf\basiclayer\pgf.sty
Package: pgf 2013/12/18 v3.0.0 (rcs-revision 1.14)

(C:\Users\Alex\AppData\Roaming\MiKTeX\2.9\tex\generic\pgf\modules\pgfmoduleshap
es.code.tex
File: pgfmoduleshapes.code.tex 2013/10/31  (rcs-revision 1.34)
\pgfnodeparttextbox=\box70
)
(C:\Users\Alex\AppData\Roaming\MiKTeX\2.9\tex\generic\pgf\modules\pgfmoduleplot
.code.tex
File: pgfmoduleplot.code.tex 2013/07/31  (rcs-revision 1.12)
)
(C:\Users\Alex\AppData\Roaming\MiKTeX\2.9\tex\latex\pgf\compatibility\pgfcomp-v
ersion-0-65.sty
Package: pgfcomp-version-0-65 2007/07/03 v3.0.0 (rcs-revision 1.7)
\pgf@nodesepstart=\dimen281
\pgf@nodesepend=\dimen282
)
(C:\Users\Alex\AppData\Roaming\MiKTeX\2.9\tex\latex\pgf\compatibility\pgfcomp-v
ersion-1-18.sty
Package: pgfcomp-version-1-18 2007/07/23 v3.0.0 (rcs-revision 1.1)
))
(C:\Users\Alex\AppData\Roaming\MiKTeX\2.9\tex\latex\pgf\utilities\pgffor.sty
(C:\Users\Alex\AppData\Roaming\MiKTeX\2.9\tex\latex\pgf\utilities\pgfkeys.sty
(C:\Users\Alex\AppData\Roaming\MiKTeX\2.9\tex\generic\pgf\utilities\pgfkeys.cod
e.tex))
(C:\Users\Alex\AppData\Roaming\MiKTeX\2.9\tex\latex\pgf\math\pgfmath.sty
(C:\Users\Alex\AppData\Roaming\MiKTeX\2.9\tex\generic\pgf\math\pgfmath.code.tex
))
(C:\Users\Alex\AppData\Roaming\MiKTeX\2.9\tex\generic\pgf\utilities\pgffor.code
.tex
Package: pgffor 2013/12/13 v3.0.0 (rcs-revision 1.25)

(C:\Users\Alex\AppData\Roaming\MiKTeX\2.9\tex\generic\pgf\math\pgfmath.code.tex
)
\pgffor@iter=\dimen283
\pgffor@skip=\dimen284
\pgffor@stack=\toks44
\pgffor@toks=\toks45
))
(C:\Users\Alex\AppData\Roaming\MiKTeX\2.9\tex\generic\pgf\frontendlayer\tikz\ti
kz.code.tex
Package: tikz 2013/12/13 v3.0.0 (rcs-revision 1.142)

(C:\Users\Alex\AppData\Roaming\MiKTeX\2.9\tex\generic\pgf\libraries\pgflibraryp
lothandlers.code.tex
File: pgflibraryplothandlers.code.tex 2013/08/31 v3.0.0 (rcs-revision 1.20)
\pgf@plot@mark@count=\count185
\pgfplotmarksize=\dimen285
)
\tikz@lastx=\dimen286
\tikz@lasty=\dimen287
\tikz@lastxsaved=\dimen288
\tikz@lastysaved=\dimen289
\tikzleveldistance=\dimen290
\tikzsiblingdistance=\dimen291
\tikz@figbox=\box71
\tikz@figbox@bg=\box72
\tikz@tempbox=\box73
\tikz@tempbox@bg=\box74
\tikztreelevel=\count186
\tikznumberofchildren=\count187
\tikznumberofcurrentchild=\count188
\tikz@fig@count=\count189

(C:\Users\Alex\AppData\Roaming\MiKTeX\2.9\tex\generic\pgf\modules\pgfmodulematr
ix.code.tex
File: pgfmodulematrix.code.tex 2013/09/17  (rcs-revision 1.8)
\pgfmatrixcurrentrow=\count190
\pgfmatrixcurrentcolumn=\count191
\pgf@matrix@numberofcolumns=\count192
)
\tikz@expandcount=\count193

(C:\Users\Alex\AppData\Roaming\MiKTeX\2.9\tex\generic\pgf\frontendlayer\tikz\li
braries\tikzlibrarytopaths.code.tex
File: tikzlibrarytopaths.code.tex 2008/06/17 v3.0.0 (rcs-revision 1.2)
)))
(C:\Users\Alex\AppData\Roaming\MiKTeX\2.9\tex\latex\mdframed\md-frame-1.mdf
File: md-frame-1.mdf 2013/07/01\ 1.9b: md-frame-1
)
\mdf@frametitlebox=\box75
\mdf@footnotebox=\box76
\mdf@splitbox@one=\box77
\mdf@splitbox@two=\box78
\mdf@splitbox@save=\box79
\mdfsplitboxwidth=\skip103
\mdfsplitboxtotalwidth=\skip104
\mdfsplitboxheight=\skip105
\mdfsplitboxdepth=\skip106
\mdfsplitboxtotalheight=\skip107
\mdfframetitleboxwidth=\skip108
\mdfframetitleboxtotalwidth=\skip109
\mdfframetitleboxheight=\skip110
\mdfframetitleboxdepth=\skip111
\mdfframetitleboxtotalheight=\skip112
\mdffootnoteboxwidth=\skip113
\mdffootnoteboxtotalwidth=\skip114
\mdffootnoteboxheight=\skip115
\mdffootnoteboxdepth=\skip116
\mdffootnoteboxtotalheight=\skip117
\mdftotallinewidth=\skip118
\mdfboundingboxwidth=\skip119
\mdfboundingboxtotalwidth=\skip120
\mdfboundingboxheight=\skip121
\mdfboundingboxdepth=\skip122
\mdfboundingboxtotalheight=\skip123
\mdf@freevspace@length=\skip124
\mdf@horizontalwidthofbox@length=\skip125
\mdf@verticalmarginwhole@length=\skip126
\mdf@horizontalspaceofbox=\skip127
\mdfsubtitleheight=\skip128
\mdfsubsubtitleheight=\skip129
\c@mdfcountframes=\count194

****** mdframed patching \endmdf@trivlist

****** -- failed******

.................................................
. LaTeX info: "xparse/define-command"
. 
. Defining command \newmdtheoremenv with sig. 'O{} m o m o ' on line 601.
.................................................
.................................................
. LaTeX info: "xparse/define-command"
. 
. Defining command \mdtheorem with sig. ' O{} m o m o ' on line 701.
.................................................
\mdf@envdepth=\count195
\c@mdf@env@i=\count196
\c@mdf@env@ii=\count197
\c@mdf@zref@counter=\count198
Package zref Info: New property: mdf@pagevalue on input line 895.
)
("C:\Program Files\MiKTeX 2.9\tex\latex\tools\xspace.sty"
Package: xspace 2014/10/28 v1.13 Space after command names (DPC,MH)
)
(C:\Users\Alex\AppData\Roaming\MiKTeX\2.9\tex\latex\glossaries\base\glossaries.
sty
Package: glossaries 2014/11/22 v4.12 (NLCT)
 ("C:\Program Files\MiKTeX 2.9\tex\latex\base\ifthen.sty"
Package: ifthen 2014/09/29 v1.1c Standard LaTeX ifthen package (DPC)
)
("C:\Program Files\MiKTeX 2.9\tex\latex\xkeyval\xkeyval.sty"
Package: xkeyval 2014/12/03 v2.7a package option processing (HA)

("C:\Program Files\MiKTeX 2.9\tex\generic\xkeyval\xkeyval.tex"
("C:\Program Files\MiKTeX 2.9\tex\generic\xkeyval\xkvutils.tex"
\XKV@toks=\toks46
\XKV@tempa@toks=\toks47
)
\XKV@depth=\count199
File: xkeyval.tex 2014/12/03 v2.7a key=value parser (HA)
))
(C:\Users\Alex\AppData\Roaming\MiKTeX\2.9\tex\latex\glossaries\base\mfirstuc.st
y
Package: mfirstuc 2014/07/30 v1.09 (NLCT)
\@glsmfirst=\toks48
\@glsmrest=\toks49
) (C:\Users\Alex\AppData\Roaming\MiKTeX\2.9\tex\latex\textcase\textcase.sty
Package: textcase 2004/10/07 v0.07 Text only upper/lower case changing (DPC)
)
(C:\Users\Alex\AppData\Roaming\MiKTeX\2.9\tex\latex\xfor\xfor.sty
Package: xfor 2009/02/05 v1.05 (NLCT)
)
(C:\Users\Alex\AppData\Roaming\MiKTeX\2.9\tex\latex\datatool\datatool-base.sty
Package: datatool-base 2014/06/10 v2.22 (NLCT)

(C:\Users\Alex\AppData\Roaming\MiKTeX\2.9\tex\latex\substr\substr.sty
Package: substr 2009/10/20 v1.2 Handle substrings
\c@su@anzahl=\count266
)
(C:\Users\Alex\AppData\Roaming\MiKTeX\2.9\tex\latex\datatool\datatool-fp.sty
Package: datatool-fp 2013/08/29 v2.17 (NLCT)

(C:\Users\Alex\AppData\Roaming\MiKTeX\2.9\tex\latex\fp\fp.sty
Package: fp 1995/04/02

`Fixed Point Package', Version 0.8, April 2, 1995 (C) Michael Mehlich
(C:\Users\Alex\AppData\Roaming\MiKTeX\2.9\tex\latex\fp\defpattern.sty
Package: defpattern 1994/10/12
\actioncount=\count267
)
(C:\Users\Alex\AppData\Roaming\MiKTeX\2.9\tex\latex\fp\fp-basic.sty
Package: fp-basic 1996/05/13
\FP@xs=\count268
\FP@xia=\count269
\FP@xib=\count270
\FP@xfa=\count271
\FP@xfb=\count272
\FP@rega=\count273
\FP@regb=\count274
\FP@regs=\count275
\FP@times=\count276
)
(C:\Users\Alex\AppData\Roaming\MiKTeX\2.9\tex\latex\fp\fp-addons.sty
Package: fp-addons 1995/03/15
)
(C:\Users\Alex\AppData\Roaming\MiKTeX\2.9\tex\latex\fp\fp-snap.sty
Package: fp-snap 1995/04/05
)
(C:\Users\Alex\AppData\Roaming\MiKTeX\2.9\tex\latex\fp\fp-exp.sty
Package: fp-exp 1995/04/03
)
(C:\Users\Alex\AppData\Roaming\MiKTeX\2.9\tex\latex\fp\fp-trigo.sty
Package: fp-trigo 1995/04/14
)
(C:\Users\Alex\AppData\Roaming\MiKTeX\2.9\tex\latex\fp\fp-pas.sty
Package: fp-pas 1994/08/29
)
(C:\Users\Alex\AppData\Roaming\MiKTeX\2.9\tex\latex\fp\fp-random.sty
Package: fp-random 1995/02/23
\FPseed=\count277
)
(C:\Users\Alex\AppData\Roaming\MiKTeX\2.9\tex\latex\fp\fp-eqn.sty
Package: fp-eqn 1995/04/03
)
(C:\Users\Alex\AppData\Roaming\MiKTeX\2.9\tex\latex\fp\fp-upn.sty
Package: fp-upn 1996/10/21
)
(C:\Users\Alex\AppData\Roaming\MiKTeX\2.9\tex\latex\fp\fp-eval.sty
Package: fp-eval 1995/04/03
)))
\@dtl@toks=\toks50
\@dtl@tmpcount=\count278
\dtl@tmplength=\skip130
\dtl@sortresult=\count279
\@dtl@numgrpsepcount=\count280
\@dtl@datatype=\count281
\dtl@codeA=\count282
\dtl@codeB=\count283
\@dtl@foreach@level=\count284
)
(C:\Users\Alex\AppData\Roaming\MiKTeX\2.9\tex\latex\glossaries\base\glossaries-
compatible-307.sty
Package: glossaries-compatible-307 2013/11/14 v4.0 (NLCT)
)
("C:\Program Files\MiKTeX 2.9\tex\latex\tracklang\tracklang.sty"
Package: tracklang 2015/03/23 v1.2 (NLCT) Track Languages

("C:\Program Files\MiKTeX 2.9\tex\generic\tracklang\tracklang.tex"))
(C:\Users\Alex\AppData\Roaming\MiKTeX\2.9\tex\latex\glossaries-english\glossari
es-english.ldf
File: glossaries-english.ldf 2014/11/23 v1.0
)
\gls@level=\count285
\@gls@tmpb=\toks51
\gls@tmplen=\skip131
\glskeylisttok=\toks52
\glslabeltok=\toks53
\glsshorttok=\toks54
\glslongtok=\toks55

(C:\Users\Alex\AppData\Roaming\MiKTeX\2.9\tex\latex\glossaries\styles\glossary-
hypernav.sty
Package: glossary-hypernav 2013/11/14 v4.0 (NLCT)
)
(C:\Users\Alex\AppData\Roaming\MiKTeX\2.9\tex\latex\glossaries\styles\glossary-
list.sty
Package: glossary-list 2013/11/14 v4.0 (NLCT)
\glslistdottedwidth=\skip132
)
(C:\Users\Alex\AppData\Roaming\MiKTeX\2.9\tex\latex\glossaries\styles\glossary-
long.sty
Package: glossary-long 2013/11/14 v4.0 (NLCT)
 ("C:\Program Files\MiKTeX 2.9\tex\latex\tools\longtable.sty"
Package: longtable 2014/10/28 v4.11 Multi-page Table package (DPC)
\LTleft=\skip133
\LTright=\skip134
\LTpre=\skip135
\LTpost=\skip136
\LTchunksize=\count286
\LTcapwidth=\dimen292
\LT@head=\box80
\LT@firsthead=\box81
\LT@foot=\box82
\LT@lastfoot=\box83
\LT@cols=\count287
\LT@rows=\count288
\c@LT@tables=\count289
\c@LT@chunks=\count290
\LT@p@ftn=\toks56
)
\glsdescwidth=\skip137
\glspagelistwidth=\skip138
)
(C:\Users\Alex\AppData\Roaming\MiKTeX\2.9\tex\latex\glossaries\styles\glossary-
super.sty
Package: glossary-super 2013/11/14 v4.0 (NLCT)

(C:\Users\Alex\AppData\Roaming\MiKTeX\2.9\tex\latex\supertabular\supertabular.s
ty
Package: supertabular 2004/02/20 v4.1e the supertabular environment
\c@tracingst=\count291
\ST@wd=\dimen293
\ST@rightskip=\skip139
\ST@leftskip=\skip140
\ST@parfillskip=\skip141
\ST@pageleft=\dimen294
\ST@headht=\dimen295
\ST@tailht=\dimen296
\ST@pagesofar=\dimen297
\ST@pboxht=\dimen298
\ST@lineht=\dimen299
\ST@stretchht=\dimen300
\ST@prevht=\dimen301
\ST@toadd=\dimen302
\ST@dimen=\dimen303
\ST@pbox=\box84
))
(C:\Users\Alex\AppData\Roaming\MiKTeX\2.9\tex\latex\glossaries\styles\glossary-
tree.sty
Package: glossary-tree 2014/08/27 v4.10 (NLCT)
\glstreeindent=\skip142
)) (C:/Users\Alex\Desktop\lectures\glossary.tex))
(C:\Users\Alex\AppData\Roaming\MiKTeX\2.9\tex\latex\beamer\base\themes\theme\be
amerthemeHannover.sty
Package: beamerthemeHannover 2010/06/17  (rcs-revision d02a7cf4d8ae)

(C:\Users\Alex\AppData\Roaming\MiKTeX\2.9\tex\latex\beamer\base\themes\outer\be
amerouterthemesidebar.sty
Package: beamerouterthemesidebar 2010/06/17  (rcs-revision d02a7cf4d8ae)
\beamer@sidebarwidth=\dimen304
\beamer@headheight=\dimen305
)
(C:\Users\Alex\AppData\Roaming\MiKTeX\2.9\tex\latex\beamer\base\themes\color\be
amercolorthemeseahorse.sty
Package: beamercolorthemeseahorse 2010/06/17  (rcs-revision d02a7cf4d8ae)
)
(C:\Users\Alex\AppData\Roaming\MiKTeX\2.9\tex\latex\beamer\base\themes\inner\be
amerinnerthemecircles.sty
Package: beamerinnerthemecircles 2010/06/17  (rcs-revision d02a7cf4d8ae)
))
No file slides_4.aux.
LaTeX Font Info:    Checking defaults for OML/cmm/m/it on input line 105.
LaTeX Font Info:    ... okay on input line 105.
LaTeX Font Info:    Checking defaults for T1/cmr/m/n on input line 105.
LaTeX Font Info:    ... okay on input line 105.
LaTeX Font Info:    Checking defaults for OT1/cmr/m/n on input line 105.
LaTeX Font Info:    ... okay on input line 105.
LaTeX Font Info:    Checking defaults for OMS/cmsy/m/n on input line 105.
LaTeX Font Info:    ... okay on input line 105.
LaTeX Font Info:    Checking defaults for OMX/cmex/m/n on input line 105.
LaTeX Font Info:    ... okay on input line 105.
LaTeX Font Info:    Checking defaults for U/cmr/m/n on input line 105.
LaTeX Font Info:    ... okay on input line 105.
LaTeX Font Info:    Checking defaults for PD1/pdf/m/n on input line 105.
LaTeX Font Info:    ... okay on input line 105.
*geometry* driver: auto-detecting
*geometry* detected driver: pdftex
*geometry* verbose mode - [ preamble ] result:
* driver: pdftex
* paper: custom
* layout: <same size as paper>
* layoutoffset:(h,v)=(0.0pt,0.0pt)
* modes: includehead includefoot 
* h-part:(L,W,R)=(59.22636pt, 290.74263pt, 14.22636pt)
* v-part:(T,H,B)=(0.0pt, 273.14662pt, 0.0pt)
* \paperwidth=364.19536pt
* \paperheight=273.14662pt
* \textwidth=290.74263pt
* \textheight=244.6939pt
* \oddsidemargin=-13.04362pt
* \evensidemargin=-13.04362pt
* \topmargin=-72.26999pt
* \headheight=14.22636pt
* \headsep=0.0pt
* \topskip=11.0pt
* \footskip=14.22636pt
* \marginparwidth=4.0pt
* \marginparsep=10.0pt
* \columnsep=10.0pt
* \skip\footins=10.0pt plus 4.0pt minus 2.0pt
* \hoffset=0.0pt
* \voffset=0.0pt
* \mag=1000
* \@twocolumnfalse
* \@twosidefalse
* \@mparswitchfalse
* \@reversemarginfalse
* (1in=72.27pt=25.4mm, 1cm=28.453pt)

(C:\Users\Alex\AppData\Roaming\MiKTeX\2.9\tex\context\base\supp-pdf.mkii
[Loading MPS to PDF converter (version 2006.09.02).]
\scratchcounter=\count292
\scratchdimen=\dimen306
\scratchbox=\box85
\nofMPsegments=\count293
\nofMParguments=\count294
\everyMPshowfont=\toks57
\MPscratchCnt=\count295
\MPscratchDim=\dimen307
\MPnumerator=\count296
\makeMPintoPDFobject=\count297
\everyMPtoPDFconversion=\toks58
) ABD: EveryShipout initializing macros
\AtBeginShipoutBox=\box86
Package hyperref Info: Link coloring OFF on input line 105.

("C:\Program Files\MiKTeX 2.9\tex\latex\hyperref\nameref.sty"
Package: nameref 2012/10/27 v2.43 Cross-referencing by name of section

("C:\Program Files\MiKTeX 2.9\tex\generic\oberdiek\gettitlestring.sty"
Package: gettitlestring 2010/12/03 v1.4 Cleanup title references (HO)
)
\c@section@level=\count298
)
LaTeX Info: Redefining \ref on input line 105.
LaTeX Info: Redefining \pageref on input line 105.
LaTeX Info: Redefining \nameref on input line 105.
\@outlinefile=\write6
LaTeX Font Info:    Overwriting symbol font `operators' in version `normal'
(Font)                  OT1/cmr/m/n --> OT1/cmss/m/n on input line 105.
LaTeX Font Info:    Overwriting symbol font `operators' in version `bold'
(Font)                  OT1/cmr/bx/n --> OT1/cmss/bx/n on input line 105.
\symnumbers=\mathgroup11
LaTeX Font Info:    Redeclaring symbol font `pureletters' on input line 105.
LaTeX Font Info:    Overwriting symbol font `pureletters' in version `normal'
(Font)                  OT1/mathkerncmss/m/sl --> OT1/cmss/m/it on input line 1
05.
LaTeX Font Info:    Overwriting symbol font `pureletters' in version `bold'
(Font)                  OT1/mathkerncmss/bx/sl --> OT1/cmss/m/it on input line 
105.
LaTeX Font Info:    Overwriting math alphabet `\mathrm' in version `normal'
(Font)                  OT1/cmss/m/n --> OT1/cmr/m/n on input line 105.
LaTeX Font Info:    Redeclaring math alphabet \mathbf on input line 105.
LaTeX Font Info:    Redeclaring math alphabet \mathsf on input line 105.
LaTeX Font Info:    Overwriting math alphabet `\mathsf' in version `normal'
(Font)                  OT1/cmss/m/n --> OT1/cmss/m/n on input line 105.
LaTeX Font Info:    Overwriting math alphabet `\mathsf' in version `bold'
(Font)                  OT1/cmss/bx/n --> OT1/cmss/m/n on input line 105.
LaTeX Font Info:    Redeclaring math alphabet \mathit on input line 105.
LaTeX Font Info:    Overwriting math alphabet `\mathit' in version `normal'
(Font)                  OT1/cmr/m/it --> OT1/cmss/m/it on input line 105.
LaTeX Font Info:    Overwriting math alphabet `\mathit' in version `bold'
(Font)                  OT1/cmr/bx/it --> OT1/cmss/m/it on input line 105.
LaTeX Font Info:    Redeclaring math alphabet \mathtt on input line 105.
LaTeX Font Info:    Overwriting math alphabet `\mathtt' in version `normal'
(Font)                  OT1/cmtt/m/n --> OT1/cmtt/m/n on input line 105.
LaTeX Font Info:    Overwriting math alphabet `\mathtt' in version `bold'
(Font)                  OT1/cmtt/m/n --> OT1/cmtt/m/n on input line 105.
LaTeX Font Info:    Overwriting symbol font `numbers' in version `bold'
(Font)                  OT1/cmss/m/n --> OT1/cmss/bx/n on input line 105.
LaTeX Font Info:    Overwriting symbol font `pureletters' in version `bold'
(Font)                  OT1/cmss/m/it --> OT1/cmss/bx/it on input line 105.
LaTeX Font Info:    Overwriting math alphabet `\mathrm' in version `bold'
(Font)                  OT1/cmss/bx/n --> OT1/cmr/bx/n on input line 105.
LaTeX Font Info:    Overwriting math alphabet `\mathbf' in version `bold'
(Font)                  OT1/cmss/bx/n --> OT1/cmss/bx/n on input line 105.
LaTeX Font Info:    Overwriting math alphabet `\mathsf' in version `bold'
(Font)                  OT1/cmss/m/n --> OT1/cmss/bx/n on input line 105.
LaTeX Font Info:    Overwriting math alphabet `\mathit' in version `bold'
(Font)                  OT1/cmss/m/it --> OT1/cmss/bx/it on input line 105.
LaTeX Font Info:    Overwriting math alphabet `\mathtt' in version `bold'
(Font)                  OT1/cmtt/m/n --> OT1/cmtt/bx/n on input line 105.
LaTeX Font Info:    Redeclaring symbol font `pureletters' on input line 105.
LaTeX Font Info:    Overwriting symbol font `pureletters' in version `normal'
(Font)                  OT1/cmss/m/it --> OT1/mathkerncmss/m/sl on input line 1
05.
LaTeX Font Info:    Overwriting symbol font `pureletters' in version `bold'
(Font)                  OT1/cmss/bx/it --> OT1/mathkerncmss/m/sl on input line 
105.
LaTeX Font Info:    Overwriting symbol font `pureletters' in version `bold'
(Font)                  OT1/mathkerncmss/m/sl --> OT1/mathkerncmss/bx/sl on inp
ut line 105.

(C:\Users\Alex\AppData\Roaming\MiKTeX\2.9\tex\latex\beamer\base\translator\dict
s\translator-basic-dictionary\translator-basic-dictionary-English.dict
Dictionary: translator-basic-dictionary, Language: English 
)
(C:\Users\Alex\AppData\Roaming\MiKTeX\2.9\tex\latex\beamer\base\translator\dict
s\translator-bibliography-dictionary\translator-bibliography-dictionary-English
.dict
Dictionary: translator-bibliography-dictionary, Language: English 
)
(C:\Users\Alex\AppData\Roaming\MiKTeX\2.9\tex\latex\beamer\base\translator\dict
s\translator-environment-dictionary\translator-environment-dictionary-English.d
ict
Dictionary: translator-environment-dictionary, Language: English 
)
(C:\Users\Alex\AppData\Roaming\MiKTeX\2.9\tex\latex\beamer\base\translator\dict
s\translator-months-dictionary\translator-months-dictionary-English.dict
Dictionary: translator-months-dictionary, Language: English 
)
(C:\Users\Alex\AppData\Roaming\MiKTeX\2.9\tex\latex\beamer\base\translator\dict
s\translator-numbers-dictionary\translator-numbers-dictionary-English.dict
Dictionary: translator-numbers-dictionary, Language: English 
)
(C:\Users\Alex\AppData\Roaming\MiKTeX\2.9\tex\latex\beamer\base\translator\dict
s\translator-theorem-dictionary\translator-theorem-dictionary-English.dict
Dictionary: translator-theorem-dictionary, Language: English 
)
LaTeX Info: Redefining \includegraphics on input line 105.

No file slides_4.nav.
<./figs/lml_LOGO_whiteBG.png, id=12, 142.3719pt x 48.6618pt>
File: ./figs/lml_LOGO_whiteBG.png Graphic file (type png)

<use ./figs/lml_LOGO_whiteBG.png>
Package pdftex.def Info: ./figs/lml_LOGO_whiteBG.png used on input line 109.
(pdftex.def)             Requested size: 113.81102pt x 38.90051pt.


LaTeX Font Warning: Font shape `OT1/cmss/m/n' in size <4> not available
(Font)              size <5> substituted on input line 109.

<./figs/lml_square.jpg, id=15, 213.79875pt x 317.185pt>
File: ./figs/lml_square.jpg Graphic file (type jpg)

<use ./figs/lml_square.jpg>
Package pdftex.def Info: ./figs/lml_square.jpg used on input line 109.
(pdftex.def)             Requested size: 28.45274pt x 42.2083pt.
 [1{C:/Users/Alex/AppData/Local/MiKTeX/2.9/pdftex/config/pdftex.map}

 <C:/Users/Alex/Desktop/lectures/chapter_4/20151207/figs/lml_square.jpg> <C:/Us
ers/Alex/Desktop/lectures/chapter_4/20151207/figs/lml_LOGO_whiteBG.png>]
No file slides_4.toc.
File: ./figs/lml_square.jpg Graphic file (type jpg)
<use ./figs/lml_square.jpg>
Package pdftex.def Info: ./figs/lml_square.jpg used on input line 114.
(pdftex.def)             Requested size: 28.45274pt x 42.2083pt.
 [2

]
No file slides_4.toc.
File: ./figs/lml_square.jpg Graphic file (type jpg)
<use ./figs/lml_square.jpg>
Package pdftex.def Info: ./figs/lml_square.jpg used on input line 117.
(pdftex.def)             Requested size: 28.45274pt x 42.2083pt.
 [3

]
LaTeX Font Info:    Try loading font information for OMS+cmss on input line 127
.
LaTeX Font Info:    No file OMScmss.fd. on input line 127.


LaTeX Font Warning: Font shape `OMS/cmss/m/n' undefined
(Font)              using `OMS/cmsy/m/n' instead
(Font)              for symbol `textbullet' on input line 127.

File: ./figs/lml_square.jpg Graphic file (type jpg)
<use ./figs/lml_square.jpg>
Package pdftex.def Info: ./figs/lml_square.jpg used on input line 127.
(pdftex.def)             Requested size: 28.45274pt x 42.2083pt.
 [4

]
LaTeX Font Info:    Try loading font information for U+msa on input line 140.

("C:\Program Files\MiKTeX 2.9\tex\latex\amsfonts\umsa.fd"
File: umsa.fd 2013/01/14 v3.01 AMS symbols A
)
LaTeX Font Info:    Try loading font information for U+msb on input line 140.

("C:\Program Files\MiKTeX 2.9\tex\latex\amsfonts\umsb.fd"
File: umsb.fd 2013/01/14 v3.01 AMS symbols B
)
LaTeX Font Info:    Try loading font information for OT1+mathkerncmss on input 
line 140.

(C:\Users\Alex\AppData\Roaming\MiKTeX\2.9\tex\latex\sansmathaccent\ot1mathkernc
mss.fd
File: ot1mathkerncmss.fd 2013/03/27 Fontinst v1.933 font definitions for OT1/ma
thkerncmss.
)
File: ./figs/lml_square.jpg Graphic file (type jpg)
 <use ./figs/lml_square.jpg>
Package pdftex.def Info: ./figs/lml_square.jpg used on input line 140.
(pdftex.def)             Requested size: 28.45274pt x 42.2083pt.
 [5

]
File: ./figs/lml_square.jpg Graphic file (type jpg)
 <use ./figs/lml_square.jpg>
Package pdftex.def Info: ./figs/lml_square.jpg used on input line 153.
(pdftex.def)             Requested size: 28.45274pt x 42.2083pt.
 [6

]
No file slides_4.toc.
File: ./figs/lml_square.jpg Graphic file (type jpg)
<use ./figs/lml_square.jpg>
Package pdftex.def Info: ./figs/lml_square.jpg used on input line 156.
(pdftex.def)             Requested size: 28.45274pt x 42.2083pt.
 [7

]
File: ./figs/lml_square.jpg Graphic file (type jpg)
 <use ./figs/lml_square.jpg>
Package pdftex.def Info: ./figs/lml_square.jpg used on input line 166.
(pdftex.def)             Requested size: 28.45274pt x 42.2083pt.
 [8

]
File: ./figs/lml_square.jpg Graphic file (type jpg)

<use ./figs/lml_square.jpg>
Package pdftex.def Info: ./figs/lml_square.jpg used on input line 199.
(pdftex.def)             Requested size: 28.45274pt x 42.2083pt.
 [9

]
File: ./figs/lml_square.jpg Graphic file (type jpg)
 <use ./figs/lml_square.jpg>
Package pdftex.def Info: ./figs/lml_square.jpg used on input line 199.
(pdftex.def)             Requested size: 28.45274pt x 42.2083pt.
 [10

]
File: ./figs/lml_square.jpg Graphic file (type jpg)

<use ./figs/lml_square.jpg>
Package pdftex.def Info: ./figs/lml_square.jpg used on input line 216.
(pdftex.def)             Requested size: 28.45274pt x 42.2083pt.
 [11

]
File: ./figs/lml_square.jpg Graphic file (type jpg)
 <use ./figs/lml_square.jpg>
Package pdftex.def Info: ./figs/lml_square.jpg used on input line 229.
(pdftex.def)             Requested size: 28.45274pt x 42.2083pt.
 [12

]
File: ./figs/lml_square.jpg Graphic file (type jpg)

<use ./figs/lml_square.jpg>
Package pdftex.def Info: ./figs/lml_square.jpg used on input line 238.
(pdftex.def)             Requested size: 28.45274pt x 42.2083pt.
 [13

]
File: ./figs/lml_square.jpg Graphic file (type jpg)
 <use ./figs/lml_square.jpg>
Package pdftex.def Info: ./figs/lml_square.jpg used on input line 251.
(pdftex.def)             Requested size: 28.45274pt x 42.2083pt.
 [14

]
Overfull \hbox (9.34317pt too wide) detected at line 265
[]\OT1/cmss/m/n/10.95 ([] + []) = []([]) [] [] \OML/cmm/m/it/10.95 :[][][][]
 []

File: ./figs/lml_square.jpg Graphic file (type jpg)
<use ./figs/lml_square.jpg>
Package pdftex.def Info: ./figs/lml_square.jpg used on input line 265.
(pdftex.def)             Requested size: 28.45274pt x 42.2083pt.
 [15

]
File: ./figs/lml_square.jpg Graphic file (type jpg)
 <use ./figs/lml_square.jpg>
Package pdftex.def Info: ./figs/lml_square.jpg used on input line 275.
(pdftex.def)             Requested size: 28.45274pt x 42.2083pt.
 [16

]
Package mdframed Info: mdframed detected package amsthm 
 changed the theorem header of amsthm
(mdframed)              on input line 285.
Package mdframed Info: mdframed detected package amsthm 
 changed the theorem header of amsthm
(mdframed)              on input line 285.
File: ./figs/lml_square.jpg Graphic file (type jpg)

<use ./figs/lml_square.jpg>
Package pdftex.def Info: ./figs/lml_square.jpg used on input line 285.
(pdftex.def)             Requested size: 28.45274pt x 42.2083pt.
 [17

]
File: ./figs/lml_square.jpg Graphic file (type jpg)
 <use ./figs/lml_square.jpg>
Package pdftex.def Info: ./figs/lml_square.jpg used on input line 294.
(pdftex.def)             Requested size: 28.45274pt x 42.2083pt.
 [18

]
File: ./figs/lml_square.jpg Graphic file (type jpg)

<use ./figs/lml_square.jpg>
Package pdftex.def Info: ./figs/lml_square.jpg used on input line 306.
(pdftex.def)             Requested size: 28.45274pt x 42.2083pt.
 [19

]
File: ./figs/lml_square.jpg Graphic file (type jpg)
 <use ./figs/lml_square.jpg>
Package pdftex.def Info: ./figs/lml_square.jpg used on input line 323.
(pdftex.def)             Requested size: 28.45274pt x 42.2083pt.
 [20

]
<./figs/markowitz.pdf, id=813, 421.575pt x 316.18124pt>
File: ./figs/markowitz.pdf Graphic file (type pdf)

<use ./figs/markowitz.pdf>
Package pdftex.def Info: ./figs/markowitz.pdf used on input line 323.
(pdftex.def)             Requested size: 290.74263pt x 218.05914pt.
File: ./figs/lml_square.jpg Graphic file (type jpg)
 <use ./figs/lml_square.jpg>
Package pdftex.def Info: ./figs/lml_square.jpg used on input line 323.
(pdftex.def)             Requested size: 28.45274pt x 42.2083pt.
 [21

 <C:/Users/Alex/Desktop/lectures/chapter_4/20151207/figs/markowitz.pdf>]
File: ./figs/lml_square.jpg Graphic file (type jpg)

<use ./figs/lml_square.jpg>
Package pdftex.def Info: ./figs/lml_square.jpg used on input line 334.
(pdftex.def)             Requested size: 28.45274pt x 42.2083pt.
 [22

]
File: ./figs/lml_square.jpg Graphic file (type jpg)
 <use ./figs/lml_square.jpg>
Package pdftex.def Info: ./figs/lml_square.jpg used on input line 354.
(pdftex.def)             Requested size: 28.45274pt x 42.2083pt.
 [23

]
Overfull \hbox (4.29628pt too wide) detected at line 375
[]\OT1/cmss/m/n/10.95 ([]) = [] [] \OML/cmm/m/it/10.95 :[][][][]
 []

File: ./figs/lml_square.jpg Graphic file (type jpg)
<use ./figs/lml_square.jpg>
Package pdftex.def Info: ./figs/lml_square.jpg used on input line 375.
(pdftex.def)             Requested size: 28.45274pt x 42.2083pt.
 [24

]
File: ./figs/lml_square.jpg Graphic file (type jpg)
 <use ./figs/lml_square.jpg>
Package pdftex.def Info: ./figs/lml_square.jpg used on input line 389.
(pdftex.def)             Requested size: 28.45274pt x 42.2083pt.
 [25

]
File: ./figs/lml_square.jpg Graphic file (type jpg)

<use ./figs/lml_square.jpg>
Package pdftex.def Info: ./figs/lml_square.jpg used on input line 403.
(pdftex.def)             Requested size: 28.45274pt x 42.2083pt.
 [26

]
<./figs/markowitz_peters.png, id=1091, 904.1278pt x 563.85657pt>
File: ./figs/markowitz_peters.png Graphic file (type png)

<use ./figs/markowitz_peters.png>
Package pdftex.def Info: ./figs/markowitz_peters.png used on input line 403.
(pdftex.def)             Requested size: 290.74263pt x 181.31537pt.
File: ./figs/lml_square.jpg Graphic file (type jpg)
 <use ./figs/lml_square.jpg>
Package pdftex.def Info: ./figs/lml_square.jpg used on input line 403.
(pdftex.def)             Requested size: 28.45274pt x 42.2083pt.
 [27

 <C:/Users/Alex/Desktop/lectures/chapter_4/20151207/figs/markowitz_peters.png>]
File: ./figs/lml_square.jpg Graphic file (type jpg)

<use ./figs/lml_square.jpg>
Package pdftex.def Info: ./figs/lml_square.jpg used on input line 416.
(pdftex.def)             Requested size: 28.45274pt x 42.2083pt.
 [28

]
No file slides_4.toc.
File: ./figs/lml_square.jpg Graphic file (type jpg)
<use ./figs/lml_square.jpg>
Package pdftex.def Info: ./figs/lml_square.jpg used on input line 419.
(pdftex.def)             Requested size: 28.45274pt x 42.2083pt.
 [29

]
File: ./figs/lml_square.jpg Graphic file (type jpg)
 <use ./figs/lml_square.jpg>
Package pdftex.def Info: ./figs/lml_square.jpg used on input line 429.
(pdftex.def)             Requested size: 28.45274pt x 42.2083pt.
 [30

]
Package mdframed Info: mdframed detected package amsthm 
 changed the theorem header of amsthm
(mdframed)              on input line 439.
Package mdframed Info: mdframed detected package amsthm 
 changed the theorem header of amsthm
(mdframed)              on input line 439.
File: ./figs/lml_square.jpg Graphic file (type jpg)

<use ./figs/lml_square.jpg>
Package pdftex.def Info: ./figs/lml_square.jpg used on input line 439.
(pdftex.def)             Requested size: 28.45274pt x 42.2083pt.
 [31

]
File: ./figs/lml_square.jpg Graphic file (type jpg)
 <use ./figs/lml_square.jpg>
Package pdftex.def Info: ./figs/lml_square.jpg used on input line 448.
(pdftex.def)             Requested size: 28.45274pt x 42.2083pt.
 [32

]
File: ./figs/lml_square.jpg Graphic file (type jpg)

<use ./figs/lml_square.jpg>
Package pdftex.def Info: ./figs/lml_square.jpg used on input line 456.
(pdftex.def)             Requested size: 28.45274pt x 42.2083pt.
 [33

]
File: ./figs/lml_square.jpg Graphic file (type jpg)
 <use ./figs/lml_square.jpg>
Package pdftex.def Info: ./figs/lml_square.jpg used on input line 465.
(pdftex.def)             Requested size: 28.45274pt x 42.2083pt.
 [34

]
Package mdframed Info: mdframed detected package amsthm 
 changed the theorem header of amsthm
(mdframed)              on input line 480.
Package mdframed Info: mdframed detected package amsthm 
 changed the theorem header of amsthm
(mdframed)              on input line 480.

Overfull \hbox (0.87946pt too wide) in paragraph at lines 480--480
[]\OT1/cmss/bx/n/10.95 Hypothesis: stochas-tic mar-ket ef-fi-ciency (strong for
m) 
 []

File: ./figs/lml_square.jpg Graphic file (type jpg)
<use ./figs/lml_square.jpg>
Package pdftex.def Info: ./figs/lml_square.jpg used on input line 480.
(pdftex.def)             Requested size: 28.45274pt x 42.2083pt.
 [35

]
File: ./figs/lml_square.jpg Graphic file (type jpg)
 <use ./figs/lml_square.jpg>
Package pdftex.def Info: ./figs/lml_square.jpg used on input line 490.
(pdftex.def)             Requested size: 28.45274pt x 42.2083pt.
 [36

]
Package mdframed Info: mdframed detected package amsthm 
 changed the theorem header of amsthm
(mdframed)              on input line 504.
Package mdframed Info: mdframed detected package amsthm 
 changed the theorem header of amsthm
(mdframed)              on input line 504.
File: ./figs/lml_square.jpg Graphic file (type jpg)

<use ./figs/lml_square.jpg>
Package pdftex.def Info: ./figs/lml_square.jpg used on input line 504.
(pdftex.def)             Requested size: 28.45274pt x 42.2083pt.
 [37

]
Package mdframed Info: mdframed detected package amsthm 
 changed the theorem header of amsthm
(mdframed)              on input line 515.
Package mdframed Info: mdframed detected package amsthm 
 changed the theorem header of amsthm
(mdframed)              on input line 515.
File: ./figs/lml_square.jpg Graphic file (type jpg)
 <use ./figs/lml_square.jpg>
Package pdftex.def Info: ./figs/lml_square.jpg used on input line 515.
(pdftex.def)             Requested size: 28.45274pt x 42.2083pt.
 [38

]
File: ./figs/lml_square.jpg Graphic file (type jpg)

<use ./figs/lml_square.jpg>
Package pdftex.def Info: ./figs/lml_square.jpg used on input line 523.
(pdftex.def)             Requested size: 28.45274pt x 42.2083pt.
 [39

]
<./figs/fred.png, id=1528, 401.5pt x 128.48pt>
File: ./figs/fred.png Graphic file (type png)
 <use ./figs/fred.png>
Package pdftex.def Info: ./figs/fred.png used on input line 538.
(pdftex.def)             Requested size: 145.3713pt x 46.51938pt.
File: ./figs/lml_square.jpg Graphic file (type jpg)

<use ./figs/lml_square.jpg>
Package pdftex.def Info: ./figs/lml_square.jpg used on input line 538.
(pdftex.def)             Requested size: 28.45274pt x 42.2083pt.
 [40

 <C:/Users/Alex/Desktop/lectures/chapter_4/20151207/figs/fred.png>]
File: ./figs/lml_square.jpg Graphic file (type jpg)
 <use ./figs/lml_square.jpg>
Package pdftex.def Info: ./figs/lml_square.jpg used on input line 551.
(pdftex.def)             Requested size: 28.45274pt x 42.2083pt.
 [41

]
<./figs/sme_fig1.pdf, id=1591, 505.89pt x 361.35pt>
File: ./figs/sme_fig1.pdf Graphic file (type pdf)
 <use ./figs/sme_fig1.pdf>
Package pdftex.def Info: ./figs/sme_fig1.pdf used on input line 566.
(pdftex.def)             Requested size: 290.74263pt x 207.67538pt.
File: ./figs/lml_square.jpg Graphic file (type jpg)

<use ./figs/lml_square.jpg>
Package pdftex.def Info: ./figs/lml_square.jpg used on input line 566.
(pdftex.def)             Requested size: 28.45274pt x 42.2083pt.
 [42

 <C:/Users/Alex/Desktop/lectures/chapter_4/20151207/figs/sme_fig1.pdf>]
File: ./figs/lml_square.jpg Graphic file (type jpg)
 <use ./figs/lml_square.jpg>
Package pdftex.def Info: ./figs/lml_square.jpg used on input line 566.
(pdftex.def)             Requested size: 28.45274pt x 42.2083pt.
 [43

]
<./figs/sme_fig2.pdf, id=1653, 505.89pt x 361.35pt>
File: ./figs/sme_fig2.pdf Graphic file (type pdf)
 <use ./figs/sme_fig2.pdf>
Package pdftex.def Info: ./figs/sme_fig2.pdf used on input line 591.
(pdftex.def)             Requested size: 290.74263pt x 207.67538pt.
File: ./figs/lml_square.jpg Graphic file (type jpg)

<use ./figs/lml_square.jpg>
Package pdftex.def Info: ./figs/lml_square.jpg used on input line 591.
(pdftex.def)             Requested size: 28.45274pt x 42.2083pt.
 [44

 <C:/Users/Alex/Desktop/lectures/chapter_4/20151207/figs/sme_fig2.pdf>]
File: ./figs/lml_square.jpg Graphic file (type jpg)
 <use ./figs/lml_square.jpg>
Package pdftex.def Info: ./figs/lml_square.jpg used on input line 591.
(pdftex.def)             Requested size: 28.45274pt x 42.2083pt.
 [45

]
File: ./figs/lml_square.jpg Graphic file (type jpg)

<use ./figs/lml_square.jpg>
Package pdftex.def Info: ./figs/lml_square.jpg used on input line 591.
(pdftex.def)             Requested size: 28.45274pt x 42.2083pt.
 [46

]
File: ./figs/lml_square.jpg Graphic file (type jpg)
 <use ./figs/lml_square.jpg>
Package pdftex.def Info: ./figs/lml_square.jpg used on input line 600.
(pdftex.def)             Requested size: 28.45274pt x 42.2083pt.
 [47

]
File: ./figs/lml_square.jpg Graphic file (type jpg)

<use ./figs/lml_square.jpg>
Package pdftex.def Info: ./figs/lml_square.jpg used on input line 609.
(pdftex.def)             Requested size: 28.45274pt x 42.2083pt.
 [48

]
File: ./figs/lml_square.jpg Graphic file (type jpg)
 <use ./figs/lml_square.jpg>
Package pdftex.def Info: ./figs/lml_square.jpg used on input line 639.
(pdftex.def)             Requested size: 28.45274pt x 42.2083pt.
 [49

]
File: ./figs/lml_square.jpg Graphic file (type jpg)

<use ./figs/lml_square.jpg>
Package pdftex.def Info: ./figs/lml_square.jpg used on input line 639.
(pdftex.def)             Requested size: 28.45274pt x 42.2083pt.
 [50

]
<./figs/sme_fig3.pdf, id=1935, 597.23125pt x 376.65988pt>
File: ./figs/sme_fig3.pdf Graphic file (type pdf)

<use ./figs/sme_fig3.pdf>
Package pdftex.def Info: ./figs/sme_fig3.pdf used on input line 647.
(pdftex.def)             Requested size: 290.74263pt x 183.36375pt.
File: ./figs/lml_square.jpg Graphic file (type jpg)
 <use ./figs/lml_square.jpg>
Package pdftex.def Info: ./figs/lml_square.jpg used on input line 647.
(pdftex.def)             Requested size: 28.45274pt x 42.2083pt.
 [51

 <C:/Users/Alex/Desktop/lectures/chapter_4/20151207/figs/sme_fig3.pdf>]
<./figs/sme_fig4.pdf, id=1988, 505.89pt x 324.31297pt>
File: ./figs/sme_fig4.pdf Graphic file (type pdf)

<use ./figs/sme_fig4.pdf>
Package pdftex.def Info: ./figs/sme_fig4.pdf used on input line 654.
(pdftex.def)             Requested size: 290.74263pt x 186.38943pt.

Overfull \vbox (26.96347pt too high) detected at line 654
 []

File: ./figs/lml_square.jpg Graphic file (type jpg)
<use ./figs/lml_square.jpg>
Package pdftex.def Info: ./figs/lml_square.jpg used on input line 654.
(pdftex.def)             Requested size: 28.45274pt x 42.2083pt.
 [52

 <C:/Users/Alex/Desktop/lectures/chapter_4/20151207/figs/sme_fig4.pdf>]

LaTeX Warning: Reference `fig:l_opt_expanding' on page 53 undefined on input li
ne 673.


! LaTeX Error: \caption outside figure or table.

See the LaTeX manual or LaTeX Companion for explanation.
Type  H <return>  for immediate help.
 ...                                              
                                                  
l.673 }
       
? x
 
Here is how much of TeX's memory you used:
 35193 strings out of 493636
 670894 string characters out of 3143759
 759940 words of memory out of 3000000
 37780 multiletter control sequences out of 15000+200000
 25870 words of font info for 82 fonts, out of 3000000 for 9000
 1025 hyphenation exceptions out of 8191
 68i,16n,76p,10498b,1037s stack positions out of 5000i,500n,10000p,200000b,50000s
pdfTeX warning (dest): name{glo:lopts} has been referenced but does not exist, 
replaced by a fixed one

pdfTeX warning (dest): name{glo:lpm} has been referenced but does not exist, re
placed by a fixed one

pdfTeX warning (dest): name{glo:lp} has been referenced but does not exist, rep
laced by a fixed one

pdfTeX warning (dest): name{glo:lm} has been referenced but does not exist, rep
laced by a fixed one

pdfTeX warning (dest): name{glo:lopt} has been referenced but does not exist, r
eplaced by a fixed one

pdfTeX warning (dest): name{glo:Delta} has been referenced but does not exist, 
replaced by a fixed one

pdfTeX warning (dest): name{glo:gm} has been referenced but does not exist, rep
laced by a fixed one

pdfTeX warning (dest): name{glo:Sharpe} has been referenced but does not exist,
 replaced by a fixed one

pdfTeX warning (dest): name{glo:l} has been referenced but does not exist, repl
aced by a fixed one

pdfTeX warning (dest): name{glo:xl} has been referenced but does not exist, rep
laced by a fixed one

pdfTeX warning (dest): name{glo:mue} has been referenced but does not exist, re
placed by a fixed one

pdfTeX warning (dest): name{glo:x1} has been referenced but does not exist, rep
laced by a fixed one

pdfTeX warning (dest): name{glo:sigmas} has been referenced but does not exist,
 replaced by a fixed one

pdfTeX warning (dest): name{glo:mus} has been referenced but does not exist, re
placed by a fixed one

pdfTeX warning (dest): name{glo:Dt} has been referenced but does not exist, rep
laced by a fixed one

pdfTeX warning (dest): name{glo:t0} has been referenced but does not exist, rep
laced by a fixed one

pdfTeX warning (dest): name{glo:x0} has been referenced but does not exist, rep
laced by a fixed one

pdfTeX warning (dest): name{glo:mur} has been referenced but does not exist, re
placed by a fixed one

pdfTeX warning (dest): name{glo:W} has been referenced but does not exist, repl
aced by a fixed one

pdfTeX warning (dest): name{glo:sigma} has been referenced but does not exist, 
replaced by a fixed one

pdfTeX warning (dest): name{glo:t} has been referenced but does not exist, repl
aced by a fixed one

pdfTeX warning (dest): name{glo:mu} has been referenced but does not exist, rep
laced by a fixed one

pdfTeX warning (dest): name{glo:x} has been referenced but does not exist, repl
aced by a fixed one

pdfTeX warning (dest): name{glo:gt} has been referenced but does not exist, rep
laced by a fixed one

pdfTeX warning (dest): name{glo:gtm} has been referenced but does not exist, re
placed by a fixed one

<C:/Program Files/MiKTeX 2.9/fonts/type1/public/amsfonts/cm/cmex10.pfb><C:/Prog
ram Files/MiKTeX 2.9/fonts/type1/public/amsfonts/cm/cmmi10.pfb><C:/Program File
s/MiKTeX 2.9/fonts/type1/public/amsfonts/cm/cmmi12.pfb><C:/Program Files/MiKTeX
 2.9/fonts/type1/public/amsfonts/cm/cmmi8.pfb><C:/Program Files/MiKTeX 2.9/font
s/type1/public/amsfonts/cm/cmss10.pfb><C:/Program Files/MiKTeX 2.9/fonts/type1/
public/amsfonts/cm/cmss12.pfb><C:/Program Files/MiKTeX 2.9/fonts/type1/public/a
msfonts/cm/cmss8.pfb><C:/Program Files/MiKTeX 2.9/fonts/type1/public/amsfonts/c
m/cmssbx10.pfb><C:/Program Files/MiKTeX 2.9/fonts/type1/public/amsfonts/cm/cmss
i10.pfb><C:/Program Files/MiKTeX 2.9/fonts/type1/public/amsfonts/cm/cmssi8.pfb>
<C:/Program Files/MiKTeX 2.9/fonts/type1/public/amsfonts/cm/cmsy10.pfb><C:/Prog
ram Files/MiKTeX 2.9/fonts/type1/public/amsfonts/cm/cmsy8.pfb><C:/Program Files
/MiKTeX 2.9/fonts/type1/public/amsfonts/cm/cmtt10.pfb>
Output written on slides_4.pdf (52 pages, 878303 bytes).
PDF statistics:
 2118 PDF objects out of 2487 (max. 8388607)
 148 named destinations out of 1000 (max. 500000)
 76 words of extra memory for PDF output out of 10000 (max. 10000000)

